        -:    0:Source:LikeR.c
        -:    0:Graph:./LikeR.gcno
        -:    0:Data:./LikeR.gcda
        -:    0:Runs:1
        -:    1:/*
        -:    2: * This file was generated automatically by ExtUtils::ParseXS version 3.57 from the
        -:    3: * contents of LikeR.xs. Do not edit this file, edit LikeR.xs instead.
        -:    4: *
        -:    5: *    ANY CHANGES MADE HERE WILL BE LOST!
        -:    6: *
        -:    7: */
        -:    8:
        -:    9:#line 1 "LikeR.xs"
        -:   10:/* --- C HELPER SECTION --- */
        -:   11:#define PERL_NO_GET_CONTEXT
        -:   12:#include "EXTERN.h"
        -:   13:#include "perl.h"
        -:   14:#include "XSUB.h"
        -:   15:#include "ppport.h"
        -:   16:#include <math.h>
        -:   17:#include <ctype.h>
        -:   18:#include <stdlib.h>
        -:   19:#include <float.h>
        -:   20:#include <string.h>
        -:   21:/* Ensure Perl's PRNG is seeded, matching the lazy-evaluation of Perl's rand() */
        -:   22:#define AUTO_SEED_PRNG() \
        -:   23:    do { \
        -:   24:        if (!PL_srand_called) { \
        -:   25:            (void)seedDrand01((Rand_seed_t)Perl_seed(aTHX)); \
        -:   26:            PL_srand_called = TRUE; \
        -:   27:        } \
        -:   28:    } while (0)
        -:   29:
        -:   30:// ---------------------------------------
        -:   31://   Helpers for Random Number Generation
        -:   32:// ---------------------------------------
        -:   33:#ifndef M_PI
        -:   34:#define M_PI 3.14159265358979323846
        -:   35:#endif
        -:   36:
        -:   37:// C helper for EXACT Non-central T-distribution CDF via Numerical Integration.
        -:   38:// This perfectly replicates R's pt(..., ncp) exactness without requiring complex Beta functions.
        -:   39:static double exact_pnt(double t, double df, double ncp) {
        -:   40:	if (df <= 0.0) return 0.0;
        -:   41:	
        -:   42:	unsigned short int n_steps = 30000;
        -:   43:	double step = 1.0 / n_steps;
        -:   44:	double integral = 0.0;
        -:   45:	double half_df = df / 2.0;
        -:   46:	
        -:   47:	double log_coef = log(2.0) + half_df * log(half_df) - lgamma(half_df);
        -:   48:	double root_half = 0.70710678118654752440; // 1 / sqrt(2)
        -:   49:
        -:   50:	for (unsigned short i = 1; i < n_steps; i++) {
        -:   51:		double u = i * step;
        -:   52:		double w = u / (1.0 - u);
        -:   53:		
        -:   54:		// Scaled Chi-distribution log-density
        -:   55:		double log_M = log_coef + (df - 1.0) * log(w) - half_df * w * w;
        -:   56:		double M = exp(log_M);
        -:   57:		
        -:   58:		// Exact Normal CDF using the C standard library's erfc function
        -:   59:		double z = t * w - ncp;
        -:   60:		double pnorm_val = 0.5 * erfc(-z * root_half);
        -:   61:		
        -:   62:		double weight = (i % 2 != 0) ? 4.0 : 2.0;
        -:   63:		integral += weight * (pnorm_val * M / ((1.0 - u) * (1.0 - u)));
        -:   64:	}
        -:   65:	
        -:   66:	return integral * (step / 3.0);
        -:   67:}
        -:   68:// --- Math Helpers for P-values and Confidence Intervals --- 
        -:   69:
        -:   70:// Ranking helper with tie adjustment (matches R's tie handling)
        -:   71:typedef struct { double val; size_t idx; double rank; } RankInfo;
        -:   72:static int compare_rank(const void *restrict a, const void *restrict b) {
        -:   73:	double diff = ((RankInfo*)a)->val - ((RankInfo*)b)->val;
        -:   74:	return (diff > 0) - (diff < 0);
        -:   75:}
        -:   76:
        -:   77:static int compare_index(const void *restrict a, const void *restrict b) {
        -:   78:	return ((RankInfo*)a)->idx - ((RankInfo*)b)->idx;
        -:   79:}
        -:   80:
        -:   81:static void compute_ranks(double *restrict data, double *restrict ranks, size_t n) {
        -:   82:	RankInfo *restrict items = safemalloc(n * sizeof(RankInfo));
        -:   83:	for (size_t i = 0; i < n; i++) {
        -:   84:		items[i].val = data[i];
        -:   85:		items[i].idx = i;
        -:   86:	}
        -:   87:	qsort(items, n, sizeof(RankInfo), compare_rank);
        -:   88:	// Handle ties by averaging ranks
        -:   89:	for (size_t i = 0; i < n; ) {
        -:   90:		size_t j = i + 1;
        -:   91:		while (j < n && items[j].val == items[i].val) j++;
        -:   92:		double avg_rank = (i + 1 + j) / 2.0;
        -:   93:		for (size_t k = i; k < j; k++) items[k].rank = avg_rank;
        -:   94:		i = j;
        -:   95:	}
        -:   96:	qsort(items, n, sizeof(RankInfo), compare_index);
        -:   97:	for (size_t i = 0; i < n; i++) ranks[i] = items[i].rank;
        -:   98:	Safefree(items);
        -:   99:}
        -:  100:// Generates a single binomial random variate. 
        -:  101://Uses the standard Bernoulli trial loop. Drand01() taps into Perl's PRNG.
        -:  102:static size_t generate_binomial(const size_t size, const double prob) {
        -:  103:	if (prob <= 0.0) return 0;
        -:  104:	if (prob >= 1.0) return size;
        -:  105:
        -:  106:	size_t successes = 0;
        -:  107:	for (size_t i = 0; i < size; i++) {
        -:  108:		if (Drand01() <= prob) successes++;
        -:  109:	}
        -:  110:	return successes;
        -:  111:}
        -:  112:// Helper: log combination
        -:  113:static double log_choose(size_t n, size_t k) {
        -:  114:	return lgamma((double)n + 1.0) - lgamma((double)k + 1.0) - lgamma((double)(n - k) + 1.0);
        -:  115:}
        -:  116:
        -:  117:// Log-space tails for non-central hypergeometric
        -:  118:static void calc_tails_logspace(size_t a, size_t min_x, size_t max_x, double omega, const double *logdc, double *restrict lower_tail, double *restrict upper_tail) {
        -:  119:	double max_d = -1e300, log_omega = log(omega);
        -:  120:
        -:  121:	for(size_t k = 0; k <= max_x - min_x; ++k) {
        -:  122:	  double d_val = logdc[k] + log_omega * (min_x + k);
        -:  123:	  if (d_val > max_d) max_d = d_val;
        -:  124:	}
        -:  125:
        -:  126:	double sum_d = 0.0;
        -:  127:	for(size_t k = 0; k <= max_x - min_x; ++k) {
        -:  128:	  sum_d += exp(logdc[k] + log_omega * (min_x + k) - max_d);
        -:  129:	}
        -:  130:
        -:  131:	*lower_tail = 0.0;
        -:  132:	*upper_tail = 0.0;
        -:  133:
        -:  134:	for(size_t k = 0; k <= max_x - min_x; ++k) {
        -:  135:	  double p_prob = exp(logdc[k] + log_omega * (min_x + k) - max_d) / sum_d;
        -:  136:	  if (min_x + k <= a) *lower_tail += p_prob;
        -:  137:	  if (min_x + k >= a) *upper_tail += p_prob;
        -:  138:	}
        -:  139:}
        -:  140:
        -:  141:// Exact stats using log-space
        -:  142:static void calculate_exact_stats(size_t a, size_t b, size_t c, size_t d, double conf_level, const char*restrict alt, double *restrict mle_or, double *restrict ci_low, double *restrict ci_high) {
        -:  143:    double alpha = 1.0 - conf_level;
        -:  144:    size_t r1 = a + b, r2 = c + d, c1 = a + c;
        -:  145:    size_t min_x = (r2 > c1) ? 0 : c1 - r2;
        -:  146:    size_t max_x = (r1 < c1) ? r1 : c1;
        -:  147:    
        -:  148:    bool is_less = (strcmp(alt, "less") == 0);
        -:  149:    bool is_greater = (strcmp(alt, "greater") == 0);
        -:  150:
        -:  151:    double *restrict logdc = (double*)safemalloc((max_x - min_x + 1) * sizeof(double));
        -:  152:    double denom = log_choose(r1 + r2, c1);
        -:  153:    for(size_t x = min_x; x <= max_x; ++x) {
        -:  154:        logdc[x - min_x] = log_choose(r1, x) + log_choose(r2, c1 - x) - denom;
        -:  155:    }
        -:  156:
        -:  157:    // MLE
        -:  158:    if (a == min_x && a == max_x) *mle_or = 1.0;
        -:  159:    else if (a == min_x) *mle_or = 0.0;
        -:  160:    else if (a == max_x) *mle_or = INFINITY;
        -:  161:    else {
        -:  162:        double log_low = -100.0, log_high = 100.0;
        -:  163:        for (unsigned short int i = 0; i < 3000; i++) {
        -:  164:            double log_mid = 0.5 * (log_low + log_high);
        -:  165:            double max_d = -1e300;
        -:  166:            for(size_t k = 0; k <= max_x - min_x; ++k) {
        -:  167:                double d_val = logdc[k] + log_mid * (min_x + k);
        -:  168:                if (d_val > max_d) max_d = d_val;
        -:  169:            }
        -:  170:            double sum_d = 0.0, exp_val = 0.0;
        -:  171:            for(size_t k = 0; k <= max_x - min_x; ++k) {
        -:  172:                double p_prob = exp(logdc[k] + log_mid * (min_x + k) - max_d);
        -:  173:                sum_d += p_prob;
        -:  174:                exp_val += (min_x + k) * p_prob;
        -:  175:            }
        -:  176:            exp_val /= sum_d;
        -:  177:            
        -:  178:            if (exp_val > a) log_high = log_mid;
        -:  179:            else log_low = log_mid;
        -:  180:            if (log_high - log_low < 1e-15) break;
        -:  181:        }
        -:  182:        *mle_or = exp(0.5 * (log_low + log_high));
        -:  183:    }
        -:  184:
        -:  185:    *ci_low = 0.0;
        -:  186:    *ci_high = INFINITY;
        -:  187:
        -:  188:    // Lower CI
        -:  189:    if (!is_less) { 
        -:  190:        double target_alpha = is_greater ? alpha : alpha / 2.0;
        -:  191:        if (a != min_x) {
        -:  192:            double log_low = -100.0, log_high = 100.0, best = 1.0, best_err = 1e9, lt, ut;
        -:  193:            for (unsigned short int i = 0; i < 1000; i++) {
        -:  194:                double log_mid = 0.5 * (log_low + log_high);
        -:  195:                double mid = exp(log_mid);
        -:  196:                calc_tails_logspace(a, min_x, max_x, mid, logdc, &lt, &ut);
        -:  197:                double err = fabs(ut - target_alpha);
        -:  198:                if (err < best_err) { best_err = err; best = mid; }
        -:  199:                if (ut > target_alpha) log_high = log_mid;
        -:  200:                else log_low = log_mid;
        -:  201:                if (log_high - log_low < 1e-15) break;
        -:  202:            }
        -:  203:            *ci_low = best;
        -:  204:        }
        -:  205:    }
        -:  206:
        -:  207:    // Upper CI
        -:  208:    if (!is_greater) { 
        -:  209:        double target_alpha = is_less ? alpha : alpha / 2.0;
        -:  210:        if (a != max_x) {
        -:  211:            double log_low = -100.0, log_high = 100.0, best = 1.0, best_err = 1e9, lt, ut;
        -:  212:            for (unsigned short int i = 0; i < 1000; i++) {
        -:  213:                double log_mid = 0.5 * (log_low + log_high);
        -:  214:                double mid = exp(log_mid);
        -:  215:                calc_tails_logspace(a, min_x, max_x, mid, logdc, &lt, &ut);
        -:  216:                double err = fabs(lt - target_alpha);
        -:  217:                if (err < best_err) { best_err = err; best = mid; }
        -:  218:                if (lt > target_alpha) log_low = log_mid;
        -:  219:                else log_high = log_mid;
        -:  220:                if (log_high - log_low < 1e-15) break;
        -:  221:            }
        -:  222:            *ci_high = best;
        -:  223:        }
        -:  224:    }
        -:  225:    safefree(logdc);
        -:  226:}
        -:  227:
        -:  228:// Exact p-value using log-space
        -:  229:static double exact_p_value(size_t a, size_t b, size_t c, size_t d, const char* alt) {
        -:  230:    size_t r1 = a + b, r2 = c + d, c1 = a + c;
        -:  231:    size_t min_x = (r2 > c1) ? 0 : c1 - r2;
        -:  232:    size_t max_x = (r1 < c1) ? r1 : c1;
        -:  233:
        -:  234:    double *logdc = (double*)safemalloc((max_x - min_x + 1) * sizeof(double));
        -:  235:    double denom = log_choose(r1 + r2, c1);
        -:  236:    for(size_t x = min_x; x <= max_x; ++x) {
        -:  237:        logdc[x - min_x] = log_choose(r1, x) + log_choose(r2, c1 - x) - denom;
        -:  238:    }
        -:  239:
        -:  240:    double p_val = 0.0;
        -:  241:    
        -:  242:    if (strcmp(alt, "less") == 0) {
        -:  243:        for(size_t x = min_x; x <= a; ++x) p_val += exp(logdc[x - min_x]);
        -:  244:    } else if (strcmp(alt, "greater") == 0) {
        -:  245:        for(size_t x = a; x <= max_x; ++x) p_val += exp(logdc[x - min_x]);
        -:  246:    } else {
        -:  247:        double p_obs = exp(logdc[a - min_x]);
        -:  248:        double relErr = 1.0 + 1e-7;
        -:  249:        for(size_t x = min_x; x <= max_x; ++x) {
        -:  250:            double p_cur = exp(logdc[x - min_x]);
        -:  251:            if (p_cur <= p_obs * relErr) p_val += p_cur;
        -:  252:        }
        -:  253:    }
        -:  254:    
        -:  255:    safefree(logdc);
        -:  256:    return (p_val > 1.0) ? 1.0 : p_val;
        -:  257:}
        -:  258:/* -----------------------------------------------------------------------
        -:  259: * Helpers for lm Linear Regression: OLS Matrix Math & Formula Parsing
        -:  260: * ----------------------------------------------------------------------- */
        -:  261:
        -:  262:/* Sweep operator for symmetric positive-definite matrices (e.g., XtX).
        -:  263: * This gracefully handles collinearity by bypassing aliased columns.
        -:  264: * Utilizes a relative tolerance check to prevent dropping micro-variance features.
        -:  265: */
        -:  266:static int sweep_matrix_ols(double *restrict A, size_t n, bool *restrict aliased) {
        -:  267:	int rank = 0;
        -:  268:	double *restrict orig_diag = (double*)safemalloc(n * sizeof(double));
        -:  269:
        -:  270:	// Save the original diagonal values to use as a baseline for relative variance
        -:  271:	for (size_t k = 0; k < n; k++) {
        -:  272:		aliased[k] = false;
        -:  273:		orig_diag[k] = A[k * n + k];
        -:  274:	}
        -:  275:
        -:  276:	for (size_t k = 0; k < n; k++) {
        -:  277:		// Check pivot for collinearity using a RELATIVE tolerance
        -:  278:		// (Fallback to a tiny absolute tolerance of 1e-24 to catch literal zero vectors)
        -:  279:		if (fabs(A[k * n + k]) <= 1e-10 * orig_diag[k] || fabs(A[k * n + k]) < 1e-24) {
        -:  280:			aliased[k] = true;
        -:  281:			// Isolate this column so it doesn't affect the rest of the matrix
        -:  282:			for (size_t i = 0; i < n; i++) { 
        -:  283:				A[k * n + i] = 0.0; 
        -:  284:				A[i * n + k] = 0.0; 
        -:  285:			}
        -:  286:			continue;
        -:  287:		}
        -:  288:		rank++;
        -:  289:		double pivot = 1.0 / A[k * n + k];
        -:  290:		A[k * n + k] = 1.0;
        -:  291:		for (size_t j = 0; j < n; j++) A[k * n + j] *= pivot;
        -:  292:		for (size_t i = 0; i < n; i++) {
        -:  293:			if (i != k && A[i * n + k] != 0.0) {
        -:  294:				  double factor = A[i * n + k];
        -:  295:				  A[i * n + k] = 0.0;
        -:  296:				  for (size_t j = 0; j < n; j++) {
        -:  297:				       A[i * n + j] -= factor * A[k * n + j];
        -:  298:				  }
        -:  299:			}
        -:  300:		}
        -:  301:	}
        -:  302:	Safefree(orig_diag);
        -:  303:	return rank;
        -:  304:}
        -:  305:
        -:  306:// Internal extractor resolving single data values. Returns NAN on missing or non-numeric.
        -:  307:static double get_data_value(HV *restrict data_hoa, HV **restrict row_hashes, unsigned int i, const char *restrict var) {
        -:  308:    SV **restrict val = NULL;
        -:  309:    if (row_hashes) {
        -:  310:        val = hv_fetch(row_hashes[i], var, strlen(var), 0);
        -:  311:        if (val && SvROK(*val) && SvTYPE(SvRV(*val)) == SVt_PVAV) {
        -:  312:            AV*restrict av = (AV*)SvRV(*val);
        -:  313:            val = av_fetch(av, 0, 0);
        -:  314:        }
        -:  315:    } else if (data_hoa) {
        -:  316:        SV**restrict col = hv_fetch(data_hoa, var, strlen(var), 0);
        -:  317:        if (col && SvROK(*col) && SvTYPE(SvRV(*col)) == SVt_PVAV) {
        -:  318:            AV*restrict av = (AV*)SvRV(*col);
        -:  319:            val = av_fetch(av, i, 0);
        -:  320:        }
        -:  321:    }
        -:  322:    if (val && SvOK(*val)) {
        -:  323:        if (looks_like_number(*val)) return SvNV(*val);
        -:  324:        return NAN; // Catch strings like "blue"
        -:  325:    }
        -:  326:    return NAN; // Catch undef/missing keys
        -:  327:}
        -:  328:
        -:  329:// Helper: Get all available columns for the '.' operator expansion
        -:  330:static AV* get_all_columns(HV *restrict data_hoa, HV **restrict row_hashes, size_t n) {
        -:  331:    AV *cols = newAV();
        -:  332:    if (data_hoa) {
        -:  333:        hv_iterinit(data_hoa);
        -:  334:        HE *entry;
        -:  335:        while ((entry = hv_iternext(data_hoa))) {
        -:  336:            av_push(cols, newSVsv(hv_iterkeysv(entry)));
        -:  337:        }
        -:  338:    } else if (row_hashes && n > 0 && row_hashes[0]) {
        -:  339:        hv_iterinit(row_hashes[0]);
        -:  340:        HE *entry;
        -:  341:        while ((entry = hv_iternext(row_hashes[0]))) {
        -:  342:            av_push(cols, newSVsv(hv_iterkeysv(entry)));
        -:  343:        }
        -:  344:    }
        -:  345:    return cols;
        -:  346:}
        -:  347:
        -:  348:// Recursive formula resolver with tightened NaN and Null handling
        -:  349:static double evaluate_term(HV *restrict data_hoa, HV **restrict row_hashes, unsigned int i, const char *restrict term) {
        -:  350:    if (!term || term[0] == '\0') return NAN;
        -:  351:
        -:  352:    char *restrict term_cpy = savepv(term); 
        -:  353:    char *restrict colon = strchr(term_cpy, ':');
        -:  354:    if (colon) {
        -:  355:        *colon = '\0';
        -:  356:        double left = evaluate_term(data_hoa, row_hashes, i, term_cpy);
        -:  357:        double right = evaluate_term(data_hoa, row_hashes, i, colon + 1);
        -:  358:        Safefree(term_cpy); 
        -:  359:        
        -:  360:        if (isnan(left) || isnan(right)) return NAN;
        -:  361:        return left * right;
        -:  362:    }
        -:  363:    if (strncmp(term_cpy, "I(", 2) == 0) {
        -:  364:        char *restrict end = strrchr(term_cpy, ')');
        -:  365:        if (end) *end = '\0';
        -:  366:        char *restrict inner = term_cpy + 2;
        -:  367:        char *restrict caret = strchr(inner, '^');
        -:  368:        int power = 1;
        -:  369:        if (caret) {
        -:  370:            *caret = '\0';
        -:  371:            power = atoi(caret + 1);
        -:  372:        }
        -:  373:        double v = get_data_value(data_hoa, row_hashes, i, inner);
        -:  374:        Safefree(term_cpy); 
        -:  375:        
        -:  376:        if (isnan(v)) return NAN;
        -:  377:        return power == 1 ? v : pow(v, power);
        -:  378:    }
        -:  379:    double result = get_data_value(data_hoa, row_hashes, i, term_cpy);
        -:  380:    Safefree(term_cpy); 
        -:  381:    return result;
        -:  382:}
        -:  383:
        -:  384:// Helper to infer column type from its first valid element
        -:  385:static bool is_column_categorical(HV *restrict data_hoa, HV **restrict row_hashes, size_t n, const char *restrict var) {
        -:  386:	for (size_t i = 0; i < n; i++) {
        -:  387:		SV **restrict val = NULL;
        -:  388:		if (row_hashes) {
        -:  389:			val = hv_fetch(row_hashes[i], var, strlen(var), 0);
        -:  390:			if (val && SvROK(*val) && SvTYPE(SvRV(*val)) == SVt_PVAV) {
        -:  391:				 AV*restrict av = (AV*)SvRV(*val);
        -:  392:				 val = av_fetch(av, 0, 0);
        -:  393:			}
        -:  394:		} else if (data_hoa) {
        -:  395:			SV **restrict col = hv_fetch(data_hoa, var, strlen(var), 0);
        -:  396:			if (col && SvROK(*col) && SvTYPE(SvRV(*col)) == SVt_PVAV) {
        -:  397:				 AV*restrict av = (AV*)SvRV(*col);
        -:  398:				 val = av_fetch(av, i, 0);
        -:  399:			}
        -:  400:		}
        -:  401:		if (val && SvOK(*val)) {
        -:  402:			if (looks_like_number(*val)) return false; // First valid is number -> Numeric Column
        -:  403:			return true; // First valid is string -> Categorical Column
        -:  404:		}
        -:  405:	}
        -:  406:	return false;
        -:  407:}
        -:  408:
        -:  409:/* Internal extractor resolving single data string values using dynamic allocation. */
        -:  410:static char* get_data_string_alloc(HV *restrict data_hoa, HV **restrict row_hashes, size_t i, const char *restrict var) {
        -:  411:	SV **restrict val = NULL;
        -:  412:	if (row_hashes) {
        -:  413:		val = hv_fetch(row_hashes[i], var, strlen(var), 0);
        -:  414:		if (val && SvROK(*val) && SvTYPE(SvRV(*val)) == SVt_PVAV) {
        -:  415:			AV*restrict av = (AV*)SvRV(*val);
        -:  416:			val = av_fetch(av, 0, 0);
        -:  417:		}
        -:  418:	} else if (data_hoa) {
        -:  419:		SV **restrict col = hv_fetch(data_hoa, var, strlen(var), 0);
        -:  420:		if (col && SvROK(*col) && SvTYPE(SvRV(*col)) == SVt_PVAV) {
        -:  421:			AV*restrict av = (AV*)SvRV(*col);
        -:  422:			val = av_fetch(av, i, 0);
        -:  423:		}
        -:  424:	}
        -:  425:	if (val && SvOK(*val)) {
        -:  426:	  return savepv(SvPV_nolen(*val)); /* Allocates and returns string */
        -:  427:	}
        -:  428:	return NULL;
        -:  429:}
        -:  430:
        -:  431:// Struct for sorting p-values while remembering their original index
        -:  432:typedef struct {
        -:  433:	double p;
        -:  434:	size_t orig_idx;
        -:  435:} PVal;
        -:  436:
        -:  437:// Comparator for qsort
        -:  438:static int cmp_pval(const void *restrict a, const void *restrict b) {
        -:  439:	double diff = ((PVal*)a)->p - ((PVal*)b)->p;
        -:  440:	if (diff < 0) return -1;
        -:  441:	if (diff > 0) return 1;
        -:  442:	/* Stabilize sort by falling back to original index */
        -:  443:	return ((PVal*)a)->orig_idx - ((PVal*)b)->orig_idx; 
        -:  444:}
        -:  445:/* -----------------------------------------------------------------------
        -:  446: * Helpers for cor(): ranking (Spearman), Pearson r, Kendall tau-b
        -:  447: * ----------------------------------------------------------------------- */
        -:  448:/* Item used to sort values while remembering their original index,
        -:  449: * needed for average-rank tie-breaking in Spearman correlation.        */
        -:  450:typedef struct {
        -:  451:	double val;
        -:  452:	size_t idx;
        -:  453:} RankItem;
        -:  454:
        -:  455:static int cmp_rank_item(const void *restrict a, const void *restrict b) {
        -:  456:	double diff = ((RankItem*)a)->val - ((RankItem*)b)->val;
        -:  457:	if (diff < 0) return -1;
        -:  458:	if (diff > 0) return  1;
        -:  459:	return 0;
        -:  460:}
        -:  461:
        -:  462:/* Compute 1-based average ranks with tie-breaking into out[].
        -:  463: * in[] is not modified.                                                 */
        -:  464:static void rank_data(const double *restrict in, double *restrict out, size_t n) {
        -:  465:	RankItem *restrict ri;
        -:  466:	Newx(ri, n, RankItem);
        -:  467:	for (size_t i = 0; i < n; i++) { ri[i].val = in[i]; ri[i].idx = i; }
        -:  468:	qsort(ri, n, sizeof(RankItem), cmp_rank_item);
        -:  469:
        -:  470:	size_t i = 0;
        -:  471:	while (i < n) {
        -:  472:		size_t j = i;
        -:  473:		/* Find the full extent of this tie group */
        -:  474:		while (j + 1 < n && ri[j + 1].val == ri[j].val) j++;
        -:  475:		/* All members get the average of ranks i+1 … j+1 (1-based) */
        -:  476:		double avg = (double)(i + j) / 2.0 + 1.0;
        -:  477:		for (size_t k = i; k <= j; k++) out[ri[k].idx] = avg;
        -:  478:		i = j + 1;
        -:  479:	}
        -:  480:	Safefree(ri);
        -:  481:}
        -:  482:
        -:  483:/* Pearson product-moment r between two n-element arrays.
        -:  484: * Returns NAN when either variable has zero variance (matches R).       */
        -:  485:static double pearson_corr(const double *restrict x, const double *restrict y, size_t n) {
        -:  486:	double sx = 0, sy = 0, sxy = 0, sx2 = 0, sy2 = 0;
        -:  487:	for (size_t i = 0; i < n; i++) {
        -:  488:	  sx  += x[i];     sy  += y[i];
        -:  489:	  sxy += x[i]*y[i]; sx2 += x[i]*x[i]; sy2 += y[i]*y[i];
        -:  490:	}
        -:  491:	double num = (double)n * sxy - sx * sy;
        -:  492:	double den = sqrt(((double)n * sx2 - sx*sx) * ((double)n * sy2 - sy*sy));
        -:  493:	if (den == 0.0) return NAN;
        -:  494:	return num / den;
        -:  495:}
        -:  496:
        -:  497:/* Kendall's tau-b between two n-element arrays.
        -:  498: *
        -:  499: *   tau-b = (C − D) / sqrt((C + D + T_x)(C + D + T_y))
        -:  500: *
        -:  501: * where C = concordant pairs, D = discordant, T_x = pairs tied only on
        -:  502: * x, T_y = pairs tied only on y.  Joint ties (both zero) are excluded
        -:  503: * from numerator and denominator, matching R's cor(method="kendall").
        -:  504: * Returns NAN when the denominator is zero.                             */
        -:  505:static double kendall_tau_b(const double *restrict x, const double *restrict y, unsigned int n) {
        -:  506:	size_t C = 0, D = 0, tie_x = 0, tie_y = 0;
        -:  507:	for (size_t i = 0; i < n - 1; i++) {
        -:  508:	  for (size_t j = i + 1; j < n; j++) {
        -:  509:		   int sx = (x[i] > x[j]) - (x[i] < x[j]);   /* sign of x[i]-x[j] */
        -:  510:		   int sy = (y[i] > y[j]) - (y[i] < y[j]);
        -:  511:		   if      (sx == 0 && sy == 0) { /* joint tie — not counted */ }
        -:  512:		   else if (sx == 0)            tie_x++;
        -:  513:		   else if (sy == 0)            tie_y++;
        -:  514:		   else if (sx == sy)           C++;
        -:  515:		   else                         D++;
        -:  516:	  }
        -:  517:	}
        -:  518:	double denom = sqrt((double)(C + D + tie_x) * (double)(C + D + tie_y));
        -:  519:	if (denom == 0.0) return NAN;
        -:  520:	return (double)(C - D) / denom;
        -:  521:}
        -:  522:
        -:  523:/* Single dispatch: compute correlation according to method string.
        -:  524: * Allocates and frees temporary rank arrays internally for Spearman.   */
        -:  525:static double compute_cor(const double *restrict x, const double *restrict y,
        -:  526:                           size_t n, const char *restrict method) {
        -:  527:	if (strcmp(method, "spearman") == 0) {
        -:  528:	  double *restrict rx, *restrict ry;
        -:  529:	  Newx(rx, n, double); Newx(ry, n, double);
        -:  530:	  rank_data(x, rx, n);
        -:  531:	  rank_data(y, ry, n);
        -:  532:	  double r = pearson_corr(rx, ry, n);
        -:  533:	  Safefree(rx); Safefree(ry);
        -:  534:	  return r;
        -:  535:	}
        -:  536:	if (strcmp(method, "kendall") == 0)
        -:  537:	  return kendall_tau_b(x, y, n);
        -:  538:	/* default: pearson */
        -:  539:	return pearson_corr(x, y, n);
        -:  540:}
        -:  541:
        -:  542:// Math macros
        -:  543:#define MAX_ITER 500
        -:  544:#define EPS 3.0e-15
        -:  545:#define FPMIN 1.0e-30
        -:  546:
        -:  547:static double _incbeta_cf(double a, double b, double x) {
        -:  548:	int m;
        -:  549:	double aa, c, d, del, h, qab, qam, qap;
        -:  550:	qab = a + b; qap = a + 1.0; qam = a - 1.0;
        -:  551:	c = 1.0; d = 1.0 - qab * x / qap;
        -:  552:	if (fabs(d) < FPMIN) d = FPMIN;
        -:  553:	d = 1.0 / d; h = d;
        -:  554:	for (m = 1; m <= MAX_ITER; m++) {
        -:  555:	  int m2 = 2 * m;
        -:  556:	  aa = m * (b - m) * x / ((qam + m2) * (a + m2));
        -:  557:	  d = 1.0 + aa * d;
        -:  558:	  if (fabs(d) < FPMIN) d = FPMIN;
        -:  559:	  c = 1.0 + aa / c;
        -:  560:	  if (fabs(c) < FPMIN) c = FPMIN;
        -:  561:	  d = 1.0 / d; h *= d * c;
        -:  562:	  aa = -(a + m) * (qab + m) * x / ((a + m2) * (qap + m2));
        -:  563:	  d = 1.0 + aa * d;
        -:  564:	  if (fabs(d) < FPMIN) d = FPMIN;
        -:  565:	  c = 1.0 + aa / c;
        -:  566:	  if (fabs(c) < FPMIN) c = FPMIN;
        -:  567:	  d = 1.0 / d; del = d * c; h *= del;
        -:  568:	  if (fabs(del - 1.0) < EPS) break;
        -:  569:	}
        -:  570:	return h;
        -:  571:}
        -:  572:
        -:  573:static double incbeta(double a, double b, double x) {
        -:  574:	if (x <= 0.0) return 0.0;
        -:  575:	if (x >= 1.0) return 1.0;
        -:  576:	double bt = exp(lgamma(a + b) - lgamma(a) - lgamma(b) + a * log(x) + b * log(1.0 - x));
        -:  577:	if (x < (a + 1.0) / (a + b + 2.0)) return bt * _incbeta_cf(a, b, x) / a;
        -:  578:	return 1.0 - bt * _incbeta_cf(b, a, 1.0 - x) / b;
        -:  579:}
        -:  580:
        -:  581:static double get_t_pvalue(double t, double df, const char*restrict alt) {
        -:  582:	double x = df / (df + t * t);
        -:  583:	double prob_2tail = incbeta(df / 2.0, 0.5, x);
        -:  584:	if (strcmp(alt, "less") == 0) return (t < 0) ? 0.5 * prob_2tail : 1.0 - 0.5 * prob_2tail;
        -:  585:	if (strcmp(alt, "greater") == 0) return (t > 0) ? 0.5 * prob_2tail : 1.0 - 0.5 * prob_2tail;
        -:  586:	return prob_2tail;
        -:  587:}
        -:  588:
        -:  589:// Bisection algorithm to find the inverse t-distribution (Critical t-value)
        -:  590:static double qt_tail(double df, double p_tail) {
        -:  591:	double low = 0.0, high = 1.0;
        -:  592:	// Find upper bound
        -:  593:	while (get_t_pvalue(high, df, "greater") > p_tail) {
        -:  594:	  low = high;
        -:  595:	  high *= 2.0;
        -:  596:	  if (high > 1000000.0) break; /* Fallback limit */
        -:  597:	}
        -:  598:	// Bisect to find the root
        -:  599:	for (unsigned short int i = 0; i < 100; i++) {
        -:  600:	  double mid = (low + high) / 2.0;
        -:  601:	  double p_mid = get_t_pvalue(mid, df, "greater");
        -:  602:	  if (p_mid > p_tail) {
        -:  603:		   low = mid;
        -:  604:	  } else {
        -:  605:		   high = mid;
        -:  606:	  }
        -:  607:	  if (high - low < 1e-8) break;
        -:  608:	}
        -:  609:	return (low + high) / 2.0;
        -:  610:}
        -:  611:
        -:  612:int compare_doubles(const void *restrict a, const void *restrict b) {
        -:  613:	double da = *(const double*restrict)a;
        -:  614:	double db = *(const double*restrict)b;
        -:  615:	return (da > db) - (da < db);
        -:  616:}
        -:  617:/* Helper to calculate the number of bins using Sturges' formula: log2(n) + 1 */
        -:  618:static size_t calculate_sturges_bins(size_t n) {
        -:  619:	if (n == 0) return 1;
        -:  620:	return (size_t)(log((double)n) / log(2.0) + 1.0);
        -:  621:}
        -:  622:
        -:  623:// Logic for distributing data into bins (Optimized to O(N))
        -:  624:static void compute_hist_logic(double *restrict x, size_t n, double *restrict breaks, size_t n_bins, 
        -:  625:                               size_t *restrict counts, double *restrict mids, double *restrict density) {
        -:  626:	double total_n = (double)n;
        -:  627:	double min_val = breaks[0];
        -:  628:	double step = (n_bins > 0) ? (breaks[1] - breaks[0]) : 0.0;
        -:  629:	// Initialize counts and compute midpoints
        -:  630:	for (size_t i = 0; i < n_bins; i++) {
        -:  631:	  counts[i] = 0;
        -:  632:	  mids[i] = (breaks[i] + breaks[i+1]) / 2.0;
        -:  633:	}
        -:  634:	// Single O(N) pass to assign elements to bins
        -:  635:	if (step > 0.0) {
        -:  636:	  for (size_t j = 0; j < n; j++) {
        -:  637:		   double val = x[j];
        -:  638:		   // Ignore out-of-bounds or invalid values
        -:  639:		   if (isnan(val) || isinf(val) || val < min_val) continue;
        -:  640:		   // Calculate initial bin index mathematically
        -:  641:		   size_t idx = (size_t)((val - min_val) / step);
        -:  642:		   // Clamp to valid array bounds first to prevent overflow */
        -:  643:		   if (idx >= n_bins) {
        -:  644:		       idx = n_bins - 1;
        -:  645:		   }
        -:  646:		   /* Adjust for exact boundaries (R's right-inclusive default: (a, b]) */
        -:  647:		   /* If value is exactly on or slightly below the lower boundary of the assigned bin, 
        -:  648:		      it belongs in the previous bin. (First bin [a, b] is inclusive on both ends) */
        -:  649:		   while (idx > 0 && val <= breaks[idx]) {
        -:  650:		       idx--;
        -:  651:		   }
        -:  652:		   // Conversely, if floating-point truncation placed it too low, push it up
        -:  653:		   while (idx < n_bins - 1 && val > breaks[idx + 1]) {
        -:  654:		       idx++;
        -:  655:		   }
        -:  656:		   counts[idx]++;
        -:  657:	  }
        -:  658:	} else if (n_bins > 0) {
        -:  659:	  // Edge case: All data points have the exact same value (step == 0)
        -:  660:	  counts[0] = n;
        -:  661:	}
        -:  662:	// Compute densities
        -:  663:	for (size_t i = 0; i < n_bins; i++) {
        -:  664:	  double bin_width = breaks[i+1] - breaks[i];
        -:  665:	  if (bin_width > 0) {
        -:  666:		   density[i] = (double)counts[i] / (total_n * bin_width);
        -:  667:	  } else {
        -:  668:		   density[i] = (n_bins == 1) ? 1.0 : 0.0;
        -:  669:	  }
        -:  670:	}
        -:  671:}
        -:  672:
        -:  673:// Standard Normal CDF approximation
        -:  674:double approx_pnorm(double x) {
        -:  675:	return 0.5 * erfc(-x * 0.70710678118654752440); // 0.707... = 1/sqrt(2)
        -:  676:}
        -:  677:#ifndef M_SQRT1_2
        -:  678:#define M_SQRT1_2 0.70710678118654752440
        -:  679:#endif
        -:  680:
        -:  681:/* Macro for exact Wilcoxon 3D array indexing */
        -:  682:#define DP_INDEX(i, j, k, n2, max_u) ((i) * ((n2) + 1) * ((max_u) + 1) + (j) * ((max_u) + 1) + (k))
        -:  683:static double inverse_normal_cdf(double p) {
        -:  684:	double a[4] = {2.50662823884, -18.61500062529, 41.39119773534, -25.44106049637};
        -:  685:	double b[4] = {-8.47351093090, 23.08336743743, -21.06224101826, 3.13082909833};
        -:  686:	double c[9] = {0.3374754822726147, 0.9761690190917186, 0.1607979714918209,
        -:  687:		          0.0276438810333863, 0.0038405729373609, 0.0003951896511919,
        -:  688:		          0.0000321767881768, 0.0000002888167364, 0.0000003960315187};
        -:  689:	double x, r, y;
        -:  690:	y = p - 0.5;
        -:  691:	if (fabs(y) < 0.42) {
        -:  692:	  r = y * y;
        -:  693:	  x = y * (((a[3]*r + a[2])*r + a[1])*r + a[0]) /
        -:  694:		       ((((b[3]*r + b[2])*r + b[1])*r + b[0])*r + 1.0);
        -:  695:	} else {
        -:  696:	  r = p;
        -:  697:	  if (y > 0) r = 1.0 - p;
        -:  698:	  r = log(-log(r));
        -:  699:	  x = c[0] + r * (c[1] + r * (c[2] + r * (c[3] + r * (c[4] +
        -:  700:		   r * (c[5] + r * (c[6] + r * (c[7] + r * c[8])))))));
        -:  701:	  if (y < 0) x = -x;
        -:  702:	}
        -:  703:	return x;
        -:  704:}
        -:  705:/* -----------------------------------------------------------------------
        -:  706: * Exact Spearman p-value via exhaustive permutation enumeration.
        -:  707: *
        -:  708: * Under H0, all n! orderings of ranks are equally probable.  We visit
        -:  709: * every permutation of {1..n} with Heap's algorithm (O(n!), no allocs
        -:  710: * inside the loop) and count how many yield S ≤ s_obs ("lower tail",
        -:  711: * i.e. rho ≥ rho_obs) and how many yield S ≥ s_obs ("upper tail").
        -:  712: *
        -:  713: * Mirrors R's default: exact = (n < 10) with no ties.
        -:  714: * Valid up to n = 9 (362 880 iterations — negligible cost).
        -:  715: * ----------------------------------------------------------------------- */
        -:  716:static double spearman_exact_pvalue(double s_obs, size_t n, const char *restrict alt) {
        -:  717:	int *restrict perm = (int*)safemalloc(n * sizeof(int));
        -:  718:	int *restrict c    = (int*)safemalloc(n * sizeof(int));
        -:  719:	for (size_t i = 0; i < n; i++) { perm[i] = i + 1; c[i] = 0; }
        -:  720:
        -:  721:	long count_le = 0, count_ge = 0, total = 0;
        -:  722:
        -:  723:	#define TALLY_PERM() do {                                    \
        -:  724:	  double s_ = 0.0;                                     \
        -:  725:	  for (int ii = 0; ii < n; ii++) {                    \
        -:  726:		   double d_ = (double)(ii + 1) - (double)perm[ii];\
        -:  727:		   s_ += d_ * d_;                                   \
        -:  728:	  }                                                    \
        -:  729:	  if (s_ <= s_obs + 1e-9) count_le++;                 \
        -:  730:	  if (s_ >= s_obs - 1e-9) count_ge++;                 \
        -:  731:	  total++;                                             \
        -:  732:	} while (0)
        -:  733:
        -:  734:	TALLY_PERM();   /* initial permutation [1, 2, ..., n] */
        -:  735:
        -:  736:	unsigned int k = 1;
        -:  737:	while (k < n) {
        -:  738:	  if (c[k] < k) {
        -:  739:		   int tmp;
        -:  740:		   if (k % 2 == 0) {
        -:  741:		       tmp = perm[0]; perm[0] = perm[k]; perm[k] = tmp;
        -:  742:		   } else {
        -:  743:		       tmp = perm[c[k]]; perm[c[k]] = perm[k]; perm[k] = tmp;
        -:  744:		   }
        -:  745:		   TALLY_PERM();
        -:  746:		   c[k]++;
        -:  747:		   k = 1;
        -:  748:	  } else {
        -:  749:		   c[k] = 0;
        -:  750:		   k++;
        -:  751:	  }
        -:  752:	}
        -:  753:	#undef TALLY_PERM
        -:  754:
        -:  755:	Safefree(perm); Safefree(c);
        -:  756:	/* p_le = P(S ≤ s_obs) ≡ P(rho ≥ rho_obs)  — upper rho tail
        -:  757:	* p_ge = P(S ≥ s_obs) ≡ P(rho ≤ rho_obs)  — lower rho tail  */
        -:  758:	double p_le = (double)count_le / (double)total;
        -:  759:	double p_ge = (double)count_ge / (double)total;
        -:  760:
        -:  761:	if (strcmp(alt, "greater") == 0) return p_le;
        -:  762:	if (strcmp(alt, "less")    == 0) return p_ge;
        -:  763:	/* two.sided: 2 × the smaller tail, clamped to 1 */
        -:  764:	double p = 2.0 * (p_le < p_ge ? p_le : p_ge);
        -:  765:	return (p > 1.0) ? 1.0 : p;
        -:  766:}
        -:  767:/* -----------------------------------------------------------------------
        -:  768: * Exact Kendall p-value via Mahonian Numbers (Inversions distribution)
        -:  769: * Matches R's behavior for N < 50 without ties.
        -:  770: * ----------------------------------------------------------------------- */
        -:  771:static double kendall_exact_pvalue(size_t n, double s_obs, const char *restrict alt) {
        -:  772:	long max_inv = (long)n * (n - 1) / 2;
        -:  773:	double *restrict dp = (double*)safemalloc((max_inv + 1) * sizeof(double));
        -:  774:	for (long i = 0; i <= max_inv; i++) dp[i] = 0.0;
        -:  775:	dp[0] = 1.0;
        -:  776:	/* Build the distribution of inversions via DP */
        -:  777:	for (size_t i = 2; i <= n; i++) {
        -:  778:	  double *restrict next_dp = (double*)safemalloc((max_inv + 1) * sizeof(double));
        -:  779:	  for (long k = 0; k <= max_inv; k++) next_dp[k] = 0.0;
        -:  780:	  int current_max_inv = i * (i - 1) / 2;
        -:  781:	  for (int k = 0; k <= current_max_inv; k++) {
        -:  782:		   double sum = 0;
        -:  783:		   for (int j = 0; j <= i - 1 && k - j >= 0; j++) {
        -:  784:		       sum += dp[k - j];
        -:  785:		   }
        -:  786:		   // Divide by 'i' directly to keep array as pure probabilities and prevent overflow
        -:  787:		   next_dp[k] = sum / (double)i;
        -:  788:	  }
        -:  789:	  Safefree(dp);
        -:  790:	  dp = next_dp;
        -:  791:	}
        -:  792:	// Convert S statistic to target number of inversions
        -:  793:	long i_obs = (long)round((max_inv - s_obs) / 2.0);
        -:  794:	if (i_obs < 0) i_obs = 0;
        -:  795:	if (i_obs > max_inv) i_obs = max_inv;
        -:  796:	double p_le = 0.0; /* P(S <= S_obs) */
        -:  797:	for (long k = i_obs; k <= max_inv; k++) p_le += dp[k];
        -:  798:	double p_ge = 0.0; /* P(S >= S_obs) */
        -:  799:	for (long k = 0; k <= i_obs; k++) p_ge += dp[k];
        -:  800:	Safefree(dp);
        -:  801:	if (strcmp(alt, "greater") == 0) return p_ge;
        -:  802:	if (strcmp(alt, "less") == 0) return p_le;
        -:  803:	// two.sided
        -:  804:	double p = 2.0 * (p_ge < p_le ? p_ge : p_le);
        -:  805:	return p > 1.0 ? 1.0 : p;
        -:  806:}
        -:  807:// F-distribution Cumulative Distribution Function P(F <= f)
        -:  808:static double pf(double f, double df1, double df2) {
        -:  809:	if (f <= 0.0) return 0.0;
        -:  810:	double x = (df1 * f) / (df1 * f + df2);
        -:  811:	return incbeta(df1 / 2.0, df2 / 2.0, x);
        -:  812:}
        -:  813:
        -:  814:/* Householder QR Decomposition for Sequential Sums of Squares */
        -:  815:/* Householder QR Decomposition for Sequential Sums of Squares */
        -:  816:static void apply_householder_aov(double** restrict X, double* restrict y, size_t n, size_t p, bool* restrict aliased, size_t* restrict rank_map) {
        -:  817:	size_t r = 0; // Rank/Row tracker
        -:  818:	for (size_t k = 0; k < p; k++) {
        -:  819:		aliased[k] = false;
        -:  820:		if (r >= n) {
        -:  821:			aliased[k] = true;
        -:  822:			continue;
        -:  823:		}
        -:  824:
        -:  825:		double max_val = 0;
        -:  826:		for (size_t i = r; i < n; i++) {
        -:  827:			if (fabs(X[i][k]) > max_val) max_val = fabs(X[i][k]);
        -:  828:		}
        -:  829:		if (max_val < 1e-10) { 
        -:  830:			aliased[k] = true; 
        -:  831:			continue; 
        -:  832:		} // Collinear or zero column
        -:  833:
        -:  834:		double norm = 0;
        -:  835:		for (size_t i = r; i < n; i++) {
        -:  836:			X[i][k] /= max_val;
        -:  837:			norm += X[i][k] * X[i][k];
        -:  838:		}
        -:  839:		norm = sqrt(norm);
        -:  840:		double s = (X[r][k] > 0) ? -norm : norm;
        -:  841:		double u1 = X[r][k] - s;
        -:  842:		X[r][k] = s * max_val;
        -:  843:
        -:  844:		for (size_t j = k + 1; j < p; j++) {
        -:  845:			double dot = u1 * X[r][j];
        -:  846:			for (size_t i = r + 1; i < n; i++) dot += X[i][j] * X[i][k];
        -:  847:			double tau = dot / (s * u1);
        -:  848:			X[r][j] += tau * u1;
        -:  849:			for (size_t i = r + 1; i < n; i++) X[i][j] += tau * X[i][k];
        -:  850:		}
        -:  851:
        -:  852:		// Transform the response vector y
        -:  853:		double dot_y = u1 * y[r];
        -:  854:		for (size_t i = r + 1; i < n; i++) dot_y += y[i] * X[i][k];
        -:  855:		double tau_y = dot_y / (s * u1);
        -:  856:		y[r] += tau_y * u1;
        -:  857:		for (size_t i = r + 1; i < n; i++) y[i] += tau_y * X[i][k];
        -:  858:
        -:  859:		rank_map[k] = r; // Map original column index to orthogonal row index
        -:  860:		r++;
        -:  861:	}
        -:  862:}
        -:  863:
        -:  864:// --- write_table Helpers ---
        -:  865:
        -:  866:// Sorts string arrays alphabetically
        -:  867:static int cmp_string_wt(const void *a, const void *b) {
        -:  868:	return strcmp(*(const char**)a, *(const char**)b);
        -:  869:}
        -:  870:
        -:  871:// Emulates Perl's /\D/ check
        -:  872:static bool contains_nondigit(SV *restrict sv) {
        -:  873:	if (!sv || !SvOK(sv)) return 0;
        -:  874:	STRLEN len;
        -:  875:	const char *restrict s = SvPVbyte(sv, len);
        -:  876:	for (size_t i = 0; i < len; i++) {
        -:  877:	  if (!isdigit(s[i])) return 1;
        -:  878:	}
        -:  879:	return 0;
        -:  880:}
        -:  881:
        -:  882:// Writes a properly quoted string dynamically
        -:  883:static void print_str_quoted(PerlIO *fh, const char *str, const char *sep) {
        -:  884:	if (!str) str = "";
        -:  885:	bool needs_quotes = 0;
        -:  886:	if (strstr(str, sep) != NULL || strchr(str, '"') != NULL || strchr(str, '\r') != NULL || strchr(str, '\n') != NULL) {
        -:  887:	  needs_quotes = 1;
        -:  888:	}
        -:  889:
        -:  890:	if (needs_quotes) {
        -:  891:	  PerlIO_putc(fh, '"');
        -:  892:	  for (const char *restrict p = str; *p; p++) {
        -:  893:		   if (*p == '"') {
        -:  894:		       PerlIO_putc(fh, '"');
        -:  895:		       PerlIO_putc(fh, '"');
        -:  896:		   } else {
        -:  897:		       PerlIO_putc(fh, *p);
        -:  898:		   }
        -:  899:	  }
        -:  900:	  PerlIO_putc(fh, '"');
        -:  901:	} else {
        -:  902:	  PerlIO_puts(fh, str);
        -:  903:	}
        -:  904:}
        -:  905:
        -:  906:// Writes an array of strings joined by sep
        -:  907:static void print_string_row(PerlIO *fh, const char **row, size_t len, const char *sep) {
        -:  908:	size_t sep_len = strlen(sep);
        -:  909:	for (size_t i = 0; i < len; i++) {
        -:  910:	  if (i > 0) PerlIO_write(fh, sep, sep_len);
        -:  911:	  if (row[i]) {
        -:  912:		   print_str_quoted(fh, row[i], sep);
        -:  913:	  } else {
        -:  914:		   print_str_quoted(fh, "", sep);
        -:  915:	  }
        -:  916:	}
        -:  917:	PerlIO_putc(fh, '\n');
        -:  918:}
        -:  919:// Calculates the Regularized Upper Incomplete Gamma Function Q(a, x)
        -:  920:// This perfectly replicates R's pchisq(..., lower.tail=FALSE)
        -:  921:double igamc(double a, double x) {
        -:  922:	if (x < 0.0 || a <= 0.0) return 1.0;
        -:  923:	if (x == 0.0) return 1.0;
        -:  924:
        -:  925:	// Series expansion for x < a + 1
        -:  926:	if (x < a + 1.0) {
        -:  927:		double sum = 1.0 / a;
        -:  928:		double term = 1.0 / a;
        -:  929:		double n = 1.0;
        -:  930:		while (fabs(term) > 1e-15) {
        -:  931:			term *= x / (a + n);
        -:  932:			sum += term;
        -:  933:			n += 1.0;
        -:  934:		}
        -:  935:		return 1.0 - (sum * exp(-x + a * log(x) - lgamma(a)));
        -:  936:	}
        -:  937:
        -:  938:	// Continued fraction for x >= a + 1
        -:  939:	double b = x + 1.0 - a;
        -:  940:	double c = 1.0 / 1e-30;
        -:  941:	double d = 1.0 / b;
        -:  942:	double h = d, i = 1.0;
        -:  943:	while (i < 10000) { // Safety bound
        -:  944:		double an = -i * (i - a);
        -:  945:		b += 2.0;
        -:  946:		d = an * d + b;
        -:  947:		if (fabs(d) < 1e-30) d = 1e-30;
        -:  948:		c = b + an / c;
        -:  949:		if (fabs(c) < 1e-30) c = 1e-30;
        -:  950:		d = 1.0 / d;
        -:  951:		double del = d * c;
        -:  952:		h *= del;
        -:  953:		if (fabs(del - 1.0) < 1e-15) break;
        -:  954:		i += 1.0;
        -:  955:	}
        -:  956:	return h * exp(-x + a * log(x) - lgamma(a));
        -:  957:}
        -:  958:
        -:  959:// Chi-Squared p-value is simply the Incomplete Gamma of (df/2, stat/2)
        -:  960:double get_p_value(double stat, int df) {
        -:  961:	if (df <= 0) return 1.0;
        -:  962:	if (stat <= 0.0) return 1.0;
        -:  963:	return igamc((double)df / 2.0, stat / 2.0);
        -:  964:}
        -:  965:
        -:  966:/* --- C HELPER SECTION --- */
        -:  967:#ifndef M_SQRT1_2
        -:  968:#define M_SQRT1_2 0.70710678118654752440
        -:  969:#endif
        -:  970:
        -:  971:/* Robust Binomial Coefficient using long double */
        -:  972:static long double choose_comb(int n, int k) {
        -:  973:	if (k < 0 || k > n) return 0.0L;
        -:  974:	if (k > n / 2) k = n - k;
        -:  975:	long double res = 1.0L;
        -:  976:	for (int i = 1; i <= k; i++) {
        -:  977:	  res = res * (long double)(n - i + 1) / (long double)i;
        -:  978:	}
        -:  979:	return res;
        -:  980:}
        -:  981:
        -:  982:/* Exact CDF for Mann-Whitney U: P(U <= q) 
        -:  983:   Mathematically identical to R's cwilcox generating function */
        -:  984:static double exact_pwilcox(double q, int m, int n) {
        -:  985:    int k = (int)floor(q + 1e-7); // R uses 1e-7 fuzz
        -:  986:    int max_u = m * n;
        -:  987:    if (k < 0) return 0.0;
        -:  988:    if (k >= max_u) return 1.0;
        -:  989:
        -:  990:    long double *restrict w = (long double *)safecalloc(max_u + 1, sizeof(long double));
        -:  991:    w[0] = 1.0L;
        -:  992:
        -:  993:    for (int j = 1; j <= n; j++) {
        -:  994:        for (int i = j; i <= max_u; i++) w[i] += w[i - j];
        -:  995:        for (int i = max_u; i >= j + m; i--) w[i] -= w[i - j - m];
        -:  996:    }
        -:  997:
        -:  998:    long double cum_p = 0.0L;
        -:  999:    for (int i = 0; i <= k; i++) cum_p += w[i];
        -: 1000:    
        -: 1001:    long double total = choose_comb(m + n, n);
        -: 1002:    double result = (double)(cum_p / total);
        -: 1003:    
        -: 1004:    Safefree(w);
        -: 1005:    return result;
        -: 1006:}
        -: 1007:
        -: 1008:/* Exact CDF for Wilcoxon Signed Rank: P(V <= q) 
        -: 1009:   Mathematically identical to R's csignrank subset-sum DP */
        -: 1010:static double exact_psignrank(double q, int n) {
        -: 1011:	int k = (int)floor(q + 1e-7);
        -: 1012:	int max_v = n * (n + 1) / 2;
        -: 1013:	if (k < 0) return 0.0;
        -: 1014:	if (k >= max_v) return 1.0;
        -: 1015:
        -: 1016:	long double *restrict w = (long double *)safecalloc(max_v + 1, sizeof(long double));
        -: 1017:	w[0] = 1.0L;
        -: 1018:
        -: 1019:	for (int i = 1; i <= n; i++) {
        -: 1020:	  for (int j = max_v; j >= i; j--) w[j] += w[j - i];
        -: 1021:	}
        -: 1022:
        -: 1023:	long double cum_p = 0.0L;
        -: 1024:	for (int i = 0; i <= k; i++) cum_p += w[i];
        -: 1025:
        -: 1026:	long double total = powl(2.0L, (long double)n);
        -: 1027:	double result = (double)(cum_p / total);
        -: 1028:
        -: 1029:	Safefree(w);
        -: 1030:	return result;
        -: 1031:}
        -: 1032:
        -: 1033:static int cmp_rank_info(const void *a, const void *b) {
        -: 1034:	double da = ((const RankInfo*)a)->val;
        -: 1035:	double db = ((const RankInfo*)b)->val;
        -: 1036:	return (da > db) - (da < db);
        -: 1037:}
        -: 1038:
        -: 1039:static double rank_and_count_ties(RankInfo *restrict ri, size_t n, int *restrict has_ties) {
        -: 1040:	if (n == 0) return 0.0;
        -: 1041:	qsort(ri, n, sizeof(RankInfo), cmp_rank_info);
        -: 1042:	size_t i = 0;
        -: 1043:	double tie_adj = 0.0;
        -: 1044:	*has_ties = 0;
        -: 1045:	while (i < n) {
        -: 1046:		size_t j = i + 1;
        -: 1047:		while (j < n && ri[j].val == ri[i].val) j++;
        -: 1048:		double r = (double)(i + 1 + j) / 2.0; 
        -: 1049:		for (size_t k = i; k < j; k++) ri[k].rank = r;
        -: 1050:		size_t t = j - i;
        -: 1051:		if (t > 1) { *has_ties = 1; tie_adj += ((double)t * t * t - t); }
        -: 1052:		i = j;
        -: 1053:	}
        -: 1054:	return tie_adj;
        -: 1055:}
        -: 1056:/* --- KS-TEST C HELPER SECTION --- */
        -: 1057:#ifndef M_PI_2
        -: 1058:#define M_PI_2 1.57079632679489661923
        -: 1059:#endif
        -: 1060:#ifndef M_PI_4
        -: 1061:#define M_PI_4 0.78539816339744830962
        -: 1062:#endif
        -: 1063:#ifndef M_1_SQRT_2PI
        -: 1064:#define M_1_SQRT_2PI 0.39894228040143267794
        -: 1065:#endif
        -: 1066:
        -: 1067:// Scalar integer power used by K2x
        -: 1068:static double r_pow_di(double x, int n) {
        -: 1069:    if (n == 0) return 1.0;
        -: 1070:    if (n < 0) return 1.0 / r_pow_di(x, -n);
        -: 1071:    double val = 1.0;
        -: 1072:    for (int i = 0; i < n; i++) val *= x;
        -: 1073:    return val;
        -: 1074:}
        -: 1075:
        -: 1076:/* Two-sample two-sided asymptotic distribution */
        -: 1077:static double K2l(double x, int lower, double tol) {
        -: 1078:	double s, z, p;
        -: 1079:	int k;
        -: 1080:	if(x <= 0.) {
        -: 1081:	  if(lower) p = 0.;
        -: 1082:	  else p = 1.;
        -: 1083:	} else if(x < 1.) {
        -: 1084:	  int k_max = (int) sqrt(2.0 - log(tol));
        -: 1085:	  double w = log(x);
        -: 1086:	  z = - (M_PI_2 * M_PI_4) / (x * x);
        -: 1087:	  s = 0;
        -: 1088:	  for(k = 1; k < k_max; k += 2) {
        -: 1089:		   s += exp(k * k * z - w);
        -: 1090:	  }
        -: 1091:	  p = s / M_1_SQRT_2PI;
        -: 1092:	  if(!lower) p = 1.0 - p;
        -: 1093:	} else {
        -: 1094:	  double new_val, old_val;
        -: 1095:	  z = -2.0 * x * x;
        -: 1096:	  s = -1.0;
        -: 1097:	  if(lower) {
        -: 1098:		   k = 1; old_val = 0.0; new_val = 1.0;
        -: 1099:	  } else {
        -: 1100:		   k = 2; old_val = 0.0; new_val = 2.0 * exp(z);
        -: 1101:	  }
        -: 1102:	  while(fabs(old_val - new_val) > tol) {
        -: 1103:		   old_val = new_val;
        -: 1104:		   new_val += 2.0 * s * exp(z * k * k);
        -: 1105:		   s *= -1.0;
        -: 1106:		   k++;
        -: 1107:	  }
        -: 1108:	  p = new_val;
        -: 1109:	}
        -: 1110:	return p;
        -: 1111:}
        -: 1112:
        -: 1113:/* Auxiliary routines used by K2x() for matrix operations */
        -: 1114:static void m_multiply(double *A, double *B, double *C, int m) {
        -: 1115:    for(int i = 0; i < m; i++) {
        -: 1116:        for(int j = 0; j < m; j++) {
        -: 1117:            double s = 0.;
        -: 1118:            for(int k = 0; k < m; k++) s += A[i * m + k] * B[k * m + j];
        -: 1119:            C[i * m + j] = s;
        -: 1120:        }
        -: 1121:    }
        -: 1122:}
        -: 1123:
        -: 1124:static void m_power(double *A, int eA, double *V, int *eV, int m, int n) {
        -: 1125:    if(n == 1) {
        -: 1126:        for(int i = 0; i < m * m; i++) V[i] = A[i];
        -: 1127:        *eV = eA;
        -: 1128:        return;
        -: 1129:    }
        -: 1130:    m_power(A, eA, V, eV, m, n / 2);
        -: 1131:    double *B = (double*) safecalloc(m * m, sizeof(double));
        -: 1132:    m_multiply(V, V, B, m);
        -: 1133:    int eB = 2 * (*eV);
        -: 1134:    if((n % 2) == 0) {
        -: 1135:        for(int i = 0; i < m * m; i++) V[i] = B[i];
        -: 1136:        *eV = eB;
        -: 1137:    } else {
        -: 1138:        m_multiply(A, B, V, m);
        -: 1139:        *eV = eA + eB;
        -: 1140:    }
        -: 1141:    if(V[(m / 2) * m + (m / 2)] > 1e140) {
        -: 1142:        for(int i = 0; i < m * m; i++) V[i] = V[i] * 1e-140;
        -: 1143:        *eV += 140;
        -: 1144:    }
        -: 1145:    Safefree(B);
        -: 1146:}
        -: 1147:
        -: 1148:/* One-sample two-sided exact distribution */
        -: 1149:static double K2x(int n, double d) {
        -: 1150:    int k = (int) (n * d) + 1;
        -: 1151:    int m = 2 * k - 1;
        -: 1152:    double h = k - n * d;
        -: 1153:    double *H = (double*) safecalloc(m * m, sizeof(double));
        -: 1154:    double *Q = (double*) safecalloc(m * m, sizeof(double));
        -: 1155:
        -: 1156:    for(int i = 0; i < m; i++) {
        -: 1157:        for(int j = 0; j < m; j++) {
        -: 1158:            if(i - j + 1 < 0) H[i * m + j] = 0;
        -: 1159:            else H[i * m + j] = 1;
        -: 1160:        }
        -: 1161:    }
        -: 1162:    for(int i = 0; i < m; i++) {
        -: 1163:        H[i * m] -= r_pow_di(h, i + 1);
        -: 1164:        H[(m - 1) * m + i] -= r_pow_di(h, (m - i));
        -: 1165:    }
        -: 1166:    H[(m - 1) * m] += ((2 * h - 1 > 0) ? r_pow_di(2 * h - 1, m) : 0);
        -: 1167:    
        -: 1168:    for(int i = 0; i < m; i++) {
        -: 1169:        for(int j = 0; j < m; j++) {
        -: 1170:            if(i - j + 1 > 0) {
        -: 1171:                for(int g = 1; g <= i - j + 1; g++) H[i * m + j] /= g;
        -: 1172:            }
        -: 1173:        }
        -: 1174:    }
        -: 1175:    
        -: 1176:    int eH = 0, eQ;
        -: 1177:    m_power(H, eH, Q, &eQ, m, n);
        -: 1178:    double s = Q[(k - 1) * m + k - 1];
        -: 1179:    
        -: 1180:    for(int i = 1; i <= n; i++) {
        -: 1181:        s = s * (double)i / (double)n;
        -: 1182:        if(s < 1e-140) {
        -: 1183:            s *= 1e140;
        -: 1184:            eQ -= 140;
        -: 1185:        }
        -: 1186:    }
        -: 1187:    s *= pow(10.0, eQ);
        -: 1188:    Safefree(H);
        -: 1189:    Safefree(Q);
        -: 1190:    return s;
        -: 1191:}
        -: 1192:
        -: 1193:/* Calculate D (two-sided), D+ (greater), and D- (less) simultaneously */
        -: 1194:static void calc_2sample_stats(double *x, size_t nx, double *y, size_t ny,
        -: 1195:                               double *d, double *d_plus, double *d_minus) {
        -: 1196:    qsort(x, nx, sizeof(double), compare_doubles);
        -: 1197:    qsort(y, ny, sizeof(double), compare_doubles);
        -: 1198:    double max_d = 0.0, max_d_plus = 0.0, max_d_minus = 0.0;
        -: 1199:    size_t i = 0, j = 0;
        -: 1200:    
        -: 1201:    while(i < nx || j < ny) {
        -: 1202:        double val;
        -: 1203:        if (i < nx && j < ny) val = (x[i] < y[j]) ? x[i] : y[j];
        -: 1204:        else if (i < nx) val = x[i];
        -: 1205:        else val = y[j];
        -: 1206:        
        -: 1207:        while(i < nx && x[i] <= val) i++;
        -: 1208:        while(j < ny && y[j] <= val) j++;
        -: 1209:        
        -: 1210:        double cdf1 = (double)i / nx;
        -: 1211:        double cdf2 = (double)j / ny;
        -: 1212:        double diff = cdf1 - cdf2;
        -: 1213:        
        -: 1214:        if (diff > max_d_plus) max_d_plus = diff;
        -: 1215:        if (-diff > max_d_minus) max_d_minus = -diff;
        -: 1216:        if (fabs(diff) > max_d) max_d = fabs(diff);
        -: 1217:    }
        -: 1218:    *d = max_d;
        -: 1219:    *d_plus = max_d_plus;
        -: 1220:    *d_minus = max_d_minus;
        -: 1221:}
        -: 1222:
        -: 1223:/* Branch the DP boundary check based on the 'alternative' */
        -: 1224:static int psmirnov_exact_test(double q, double r, double s, int two_sided) {
        -: 1225:    if (two_sided) return (fabs(r - s) >= q);
        -: 1226:    return ((r - s) >= q); // Used for both D+ and D- via symmetry
        -: 1227:}
        -: 1228:
        -: 1229:/* Evaluate the exact 2-sample probability */
        -: 1230:static double psmirnov_exact_uniq_upper(double q, int m, int n, int two_sided) {
        -: 1231:    double md = (double) m, nd = (double) n;
        -: 1232:    double *u = (double *) safecalloc(n + 1, sizeof(double));
        -: 1233:    u[0] = 0.;
        -: 1234:    
        -: 1235:    for(int j = 1; j <= n; j++) {
        -: 1236:        if(psmirnov_exact_test(q, 0., j / nd, two_sided)) u[j] = 1.;
        -: 1237:        else u[j] = u[j - 1];
        -: 1238:    }
        -: 1239:    for(int i = 1; i <= m; i++) {
        -: 1240:        if(psmirnov_exact_test(q, i / md, 0., two_sided)) u[0] = 1.;
        -: 1241:        for(int j = 1; j <= n; j++) {
        -: 1242:            if(psmirnov_exact_test(q, i / md, j / nd, two_sided)) u[j] = 1.;
        -: 1243:            else {
        -: 1244:                double v = (double)(i) / (double)(i + j);
        -: 1245:                double w = (double)(j) / (double)(i + j);
        -: 1246:                u[j] = v * u[j] + w * u[j - 1];
        -: 1247:            }
        -: 1248:        }
        -: 1249:    }
        -: 1250:    double res = u[n];
        -: 1251:    Safefree(u);
        -: 1252:    return res;
        -: 1253:}
        -: 1254:
        -: 1255:// --- XS SECTION ---
        -: 1256:#line 1257 "LikeR.c"
        -: 1257:#ifndef PERL_UNUSED_VAR
        -: 1258:#  define PERL_UNUSED_VAR(var) if (0) var = var
        -: 1259:#endif
        -: 1260:
        -: 1261:#ifndef dVAR
        -: 1262:#  define dVAR		dNOOP
        -: 1263:#endif
        -: 1264:
        -: 1265:
        -: 1266:/* This stuff is not part of the API! You have been warned. */
        -: 1267:#ifndef PERL_VERSION_DECIMAL
        -: 1268:#  define PERL_VERSION_DECIMAL(r,v,s) (r*1000000 + v*1000 + s)
        -: 1269:#endif
        -: 1270:#ifndef PERL_DECIMAL_VERSION
        -: 1271:#  define PERL_DECIMAL_VERSION \
        -: 1272:	  PERL_VERSION_DECIMAL(PERL_REVISION,PERL_VERSION,PERL_SUBVERSION)
        -: 1273:#endif
        -: 1274:#ifndef PERL_VERSION_GE
        -: 1275:#  define PERL_VERSION_GE(r,v,s) \
        -: 1276:	  (PERL_DECIMAL_VERSION >= PERL_VERSION_DECIMAL(r,v,s))
        -: 1277:#endif
        -: 1278:#ifndef PERL_VERSION_LE
        -: 1279:#  define PERL_VERSION_LE(r,v,s) \
        -: 1280:	  (PERL_DECIMAL_VERSION <= PERL_VERSION_DECIMAL(r,v,s))
        -: 1281:#endif
        -: 1282:
        -: 1283:/* XS_INTERNAL is the explicit static-linkage variant of the default
        -: 1284: * XS macro.
        -: 1285: *
        -: 1286: * XS_EXTERNAL is the same as XS_INTERNAL except it does not include
        -: 1287: * "STATIC", ie. it exports XSUB symbols. You probably don't want that
        -: 1288: * for anything but the BOOT XSUB.
        -: 1289: *
        -: 1290: * See XSUB.h in core!
        -: 1291: */
        -: 1292:
        -: 1293:
        -: 1294:/* TODO: This might be compatible further back than 5.10.0. */
        -: 1295:#if PERL_VERSION_GE(5, 10, 0) && PERL_VERSION_LE(5, 15, 1)
        -: 1296:#  undef XS_EXTERNAL
        -: 1297:#  undef XS_INTERNAL
        -: 1298:#  if defined(__CYGWIN__) && defined(USE_DYNAMIC_LOADING)
        -: 1299:#    define XS_EXTERNAL(name) __declspec(dllexport) XSPROTO(name)
        -: 1300:#    define XS_INTERNAL(name) STATIC XSPROTO(name)
        -: 1301:#  endif
        -: 1302:#  if defined(__SYMBIAN32__)
        -: 1303:#    define XS_EXTERNAL(name) EXPORT_C XSPROTO(name)
        -: 1304:#    define XS_INTERNAL(name) EXPORT_C STATIC XSPROTO(name)
        -: 1305:#  endif
        -: 1306:#  ifndef XS_EXTERNAL
        -: 1307:#    if defined(HASATTRIBUTE_UNUSED) && !defined(__cplusplus)
        -: 1308:#      define XS_EXTERNAL(name) void name(pTHX_ CV* cv __attribute__unused__)
        -: 1309:#      define XS_INTERNAL(name) STATIC void name(pTHX_ CV* cv __attribute__unused__)
        -: 1310:#    else
        -: 1311:#      ifdef __cplusplus
        -: 1312:#        define XS_EXTERNAL(name) extern "C" XSPROTO(name)
        -: 1313:#        define XS_INTERNAL(name) static XSPROTO(name)
        -: 1314:#      else
        -: 1315:#        define XS_EXTERNAL(name) XSPROTO(name)
        -: 1316:#        define XS_INTERNAL(name) STATIC XSPROTO(name)
        -: 1317:#      endif
        -: 1318:#    endif
        -: 1319:#  endif
        -: 1320:#endif
        -: 1321:
        -: 1322:/* perl >= 5.10.0 && perl <= 5.15.1 */
        -: 1323:
        -: 1324:
        -: 1325:/* The XS_EXTERNAL macro is used for functions that must not be static
        -: 1326: * like the boot XSUB of a module. If perl didn't have an XS_EXTERNAL
        -: 1327: * macro defined, the best we can do is assume XS is the same.
        -: 1328: * Dito for XS_INTERNAL.
        -: 1329: */
        -: 1330:#ifndef XS_EXTERNAL
        -: 1331:#  define XS_EXTERNAL(name) XS(name)
        -: 1332:#endif
        -: 1333:#ifndef XS_INTERNAL
        -: 1334:#  define XS_INTERNAL(name) XS(name)
        -: 1335:#endif
        -: 1336:
        -: 1337:/* Now, finally, after all this mess, we want an ExtUtils::ParseXS
        -: 1338: * internal macro that we're free to redefine for varying linkage due
        -: 1339: * to the EXPORT_XSUB_SYMBOLS XS keyword. This is internal, use
        -: 1340: * XS_EXTERNAL(name) or XS_INTERNAL(name) in your code if you need to!
        -: 1341: */
        -: 1342:
        -: 1343:#undef XS_EUPXS
        -: 1344:#if defined(PERL_EUPXS_ALWAYS_EXPORT)
        -: 1345:#  define XS_EUPXS(name) XS_EXTERNAL(name)
        -: 1346:#else
        -: 1347:   /* default to internal */
        -: 1348:#  define XS_EUPXS(name) XS_INTERNAL(name)
        -: 1349:#endif
        -: 1350:
        -: 1351:#ifndef PERL_ARGS_ASSERT_CROAK_XS_USAGE
        -: 1352:#define PERL_ARGS_ASSERT_CROAK_XS_USAGE assert(cv); assert(params)
        -: 1353:
        -: 1354:/* prototype to pass -Wmissing-prototypes */
        -: 1355:STATIC void
        -: 1356:S_croak_xs_usage(const CV *const cv, const char *const params);
        -: 1357:
        -: 1358:STATIC void
        -: 1359:S_croak_xs_usage(const CV *const cv, const char *const params)
        -: 1360:{
        -: 1361:    const GV *const gv = CvGV(cv);
        -: 1362:
        -: 1363:    PERL_ARGS_ASSERT_CROAK_XS_USAGE;
        -: 1364:
        -: 1365:    if (gv) {
        -: 1366:        const char *const gvname = GvNAME(gv);
        -: 1367:        const HV *const stash = GvSTASH(gv);
        -: 1368:        const char *const hvname = stash ? HvNAME(stash) : NULL;
        -: 1369:
        -: 1370:        if (hvname)
        -: 1371:	    Perl_croak_nocontext("Usage: %s::%s(%s)", hvname, gvname, params);
        -: 1372:        else
        -: 1373:	    Perl_croak_nocontext("Usage: %s(%s)", gvname, params);
        -: 1374:    } else {
        -: 1375:        /* Pants. I don't think that it should be possible to get here. */
        -: 1376:	Perl_croak_nocontext("Usage: CODE(0x%" UVxf ")(%s)", PTR2UV(cv), params);
        -: 1377:    }
        -: 1378:}
        -: 1379:#undef  PERL_ARGS_ASSERT_CROAK_XS_USAGE
        -: 1380:
        -: 1381:#define croak_xs_usage        S_croak_xs_usage
        -: 1382:
        -: 1383:#endif
        -: 1384:
        -: 1385:/* NOTE: the prototype of newXSproto() is different in versions of perls,
        -: 1386: * so we define a portable version of newXSproto()
        -: 1387: */
        -: 1388:#ifdef newXS_flags
        -: 1389:#define newXSproto_portable(name, c_impl, file, proto) newXS_flags(name, c_impl, file, proto, 0)
        -: 1390:#else
        -: 1391:#define newXSproto_portable(name, c_impl, file, proto) (PL_Sv=(SV*)newXS(name, c_impl, file), sv_setpv(PL_Sv, proto), (CV*)PL_Sv)
        -: 1392:#endif /* !defined(newXS_flags) */
        -: 1393:
        -: 1394:#if PERL_VERSION_LE(5, 21, 5)
        -: 1395:#  define newXS_deffile(a,b) Perl_newXS(aTHX_ a,b,file)
        -: 1396:#else
        -: 1397:#  define newXS_deffile(a,b) Perl_newXS_deffile(aTHX_ a,b)
        -: 1398:#endif
        -: 1399:
        -: 1400:/* simple backcompat versions of the TARGx() macros with no optimisation */
        -: 1401:#ifndef TARGi
        -: 1402:#  define TARGi(iv, do_taint) sv_setiv_mg(TARG, iv)
        -: 1403:#  define TARGu(uv, do_taint) sv_setuv_mg(TARG, uv)
        -: 1404:#  define TARGn(nv, do_taint) sv_setnv_mg(TARG, nv)
        -: 1405:#endif
        -: 1406:
        -: 1407:#line 1408 "LikeR.c"
        -: 1408:
        -: 1409:XS_EUPXS(XS_Stats__LikeR_ks_test); /* prototype to pass -Wmissing-prototypes */
function XS_Stats__LikeR_ks_test called 3 returned 100% blocks executed 59%
        3: 1410:XS_EUPXS(XS_Stats__LikeR_ks_test)
        -: 1411:{
        3: 1412:    dVAR; dXSARGS;
        3: 1412-block  0
call    0 returned 3
branch  1 taken 3 (fallthrough)
branch  2 taken 0
        -: 1413:    PERL_UNUSED_VAR(cv); /* -W */
        -: 1414:    PERL_UNUSED_VAR(items); /* -W */
        -: 1415:    {
        -: 1416:	SV *	RETVAL;
        -: 1417:#line 1252 "LikeR.xs"
        -: 1418:{
        -: 1419:	SV *restrict x_sv = NULL, *restrict y_sv = NULL;
        -: 1420:	short int exact = -1;
        -: 1421:	const char *restrict alternative = "two.sided";
        -: 1422:	int arg_idx = 0;
        -: 1423:
        -: 1424:	// Shift arrays if provided positionally
        -: 1425:	if (arg_idx < items && SvROK(ST(arg_idx)) && SvTYPE(SvRV(ST(arg_idx))) == SVt_PVAV) {
        -: 1426:		x_sv = ST(arg_idx);
        -: 1427:		arg_idx++;
        -: 1428:	}
        -: 1429:	// Check if second argument is an array (2-sample) or a string representing a CDF (1-sample)
        -: 1430:	if (arg_idx < items) {
        -: 1431:		if (SvROK(ST(arg_idx)) && SvTYPE(SvRV(ST(arg_idx))) == SVt_PVAV) {
        -: 1432:			y_sv = ST(arg_idx);
        -: 1433:			arg_idx++;
        -: 1434:		} else if (SvPOK(ST(arg_idx))) {
        -: 1435:			y_sv = ST(arg_idx); // Save string (e.g., "pnorm") for 1-sample test logic
        -: 1436:			arg_idx++;
        -: 1437:		}
        -: 1438:	}
        -: 1439:
        -: 1440:	// Parse named arguments
        -: 1441:	for (; arg_idx < items; arg_idx += 2) {
        -: 1442:	  const char *restrict key = SvPV_nolen(ST(arg_idx));
        -: 1443:	  SV *restrict val = ST(arg_idx + 1);
        -: 1444:	  if      (strEQ(key, "x"))           x_sv = val;
        -: 1445:	  else if (strEQ(key, "y"))           y_sv = val;
        -: 1446:	  else if (strEQ(key, "exact"))       {
        -: 1447:		   if (!SvOK(val)) exact = -1;
        -: 1448:		   else exact = SvTRUE(val) ? 1 : 0;
        -: 1449:	  }
        -: 1450:	  else if (strEQ(key, "alternative")) alternative = SvPV_nolen(val);
        -: 1451:	  else croak("ks_test: unknown argument '%s'", key);
        -: 1452:	}
        -: 1453:
        -: 1454:	if (!x_sv || !SvROK(x_sv) || SvTYPE(SvRV(x_sv)) != SVt_PVAV) {
        -: 1455:	  croak("ks_test: 'x' is a required argument and must be an ARRAY reference");
        -: 1456:	}
        -: 1457:
        -: 1458:	bool is_two_sided = strEQ(alternative, "two.sided") ? 1 : 0;
        -: 1459:	bool is_greater   = strEQ(alternative, "greater") ? 1 : 0;
        -: 1460:	bool is_less      = strEQ(alternative, "less") ? 1 : 0;
        -: 1461:
        -: 1462:	if (!is_two_sided && !is_greater && !is_less) {
        -: 1463:	  croak("ks_test: alternative must be 'two.sided', 'less', or 'greater'");
        -: 1464:	}
        -: 1465:
        -: 1466:	AV *restrict x_av = (AV*)SvRV(x_sv);
        -: 1467:	size_t nx = av_len(x_av) + 1;
        -: 1468:	if (nx == 0) croak("Not enough 'x' observations");
        -: 1469:
        -: 1470:	// Extract 'x' array to C-array
        -: 1471:	double *restrict x_data = (double *)safemalloc(nx * sizeof(double));
        -: 1472:	size_t valid_nx = 0;
        -: 1473:	for (size_t i = 0; i < nx; i++) {
        -: 1474:	  SV** el = av_fetch(x_av, i, 0);
        -: 1475:	  if (el && SvOK(*el) && looks_like_number(*el)) {
        -: 1476:		   x_data[valid_nx++] = SvNV(*el);
        -: 1477:	  }
        -: 1478:	}
        -: 1479:
        -: 1480:	double statistic = 0.0, p_value = 0.0;
        -: 1481:	const char *restrict method_desc = "";
        -: 1482:
        -: 1483:	// --- TWO SAMPLE ---
        -: 1484:	if (y_sv && SvROK(y_sv) && SvTYPE(SvRV(y_sv)) == SVt_PVAV) {
        -: 1485:	  AV *restrict y_av = (AV*)SvRV(y_sv);
        -: 1486:	  size_t ny = av_len(y_av) + 1;
        -: 1487:
        -: 1488:	  double *restrict y_data = (double *)safemalloc(ny * sizeof(double));
        -: 1489:	  size_t valid_ny = 0;
        -: 1490:	  for (size_t i = 0; i < ny; i++) {
        -: 1491:		   SV**restrict el = av_fetch(y_av, i, 0);
        -: 1492:		   if (el && SvOK(*el) && looks_like_number(*el)) {
        -: 1493:		       y_data[valid_ny++] = SvNV(*el);
        -: 1494:		   }
        -: 1495:	  }
        -: 1496:
        -: 1497:	  if (valid_nx < 1 || valid_ny < 1) {
        -: 1498:		   Safefree(x_data); Safefree(y_data);
        -: 1499:		   croak("Not enough non-missing observations for KS test");
        -: 1500:	  }
        -: 1501:
        -: 1502:	  double d, d_plus, d_minus;
        -: 1503:	  calc_2sample_stats(x_data, valid_nx, y_data, valid_ny, &d, &d_plus, &d_minus);
        -: 1504:
        -: 1505:	  // Map alternative to the correct statistic
        -: 1506:	  if (is_greater) statistic = d_plus;
        -: 1507:	  else if (is_less) statistic = d_minus;
        -: 1508:	  else statistic = d;
        -: 1509:
        -: 1510:	  // Determine if exact or asymptotic
        -: 1511:	  bool use_exact = false;
        -: 1512:	  if (exact == 1) use_exact = true;
        -: 1513:	  else if (exact == 0) use_exact = false;
        -: 1514:	  else use_exact = (valid_nx * valid_ny < 10000); 
        -: 1515:
        -: 1516:	  // Check for ties in combined set
        -: 1517:	  size_t total_n = valid_nx + valid_ny;
        -: 1518:	  double *restrict comb = (double *)safemalloc(total_n * sizeof(double));
        -: 1519:	  for(size_t i=0; i<valid_nx; i++) comb[i] = x_data[i];
        -: 1520:	  for(size_t i=0; i<valid_ny; i++) comb[valid_nx+i] = y_data[i];
        -: 1521:	  qsort(comb, total_n, sizeof(double), compare_doubles);
        -: 1522:
        -: 1523:	  bool has_ties = false;
        -: 1524:	  for(size_t i = 1; i < total_n; i++) {
        -: 1525:		   if(comb[i] == comb[i-1]) { has_ties = true; break; }
        -: 1526:	  }
        -: 1527:	  Safefree(comb);
        -: 1528:
        -: 1529:	  if (use_exact && has_ties) {
        -: 1530:		   warn("cannot compute exact p-value with ties; falling back to asymptotic");
        -: 1531:		   use_exact = false;
        -: 1532:	  }
        -: 1533:
        -: 1534:	  if (use_exact) {
        -: 1535:		   method_desc = "Two-sample Kolmogorov-Smirnov exact test";
        -: 1536:		   double q = (0.5 + floor(statistic * valid_nx * valid_ny - 1e-7)) / ((double)valid_nx * valid_ny);
        -: 1537:		   p_value = psmirnov_exact_uniq_upper(q, valid_nx, valid_ny, is_two_sided);
        -: 1538:	  } else {
        -: 1539:		   method_desc = "Two-sample Kolmogorov-Smirnov test (asymptotic)";
        -: 1540:		   double z = statistic * sqrt((double)(valid_nx * valid_ny) / (valid_nx + valid_ny));
        -: 1541:
        -: 1542:		   if (is_two_sided) {
        -: 1543:		       p_value = K2l(z, 0, 1e-6); 
        -: 1544:		   } else {
        -: 1545:		       p_value = exp(-2.0 * z * z); // One-sided limit distribution
        -: 1546:		   }
        -: 1547:	  }
        -: 1548:	  Safefree(y_data);
        -: 1549:	} 
        -: 1550:	// --- ONE SAMPLE (e.g. against pnorm) ---
        -: 1551:	else if (y_sv && SvPOK(y_sv)) {
        -: 1552:	  const char *restrict dist = SvPV_nolen(y_sv);
        -: 1553:	  if (strEQ(dist, "pnorm")) {
        -: 1554:		   qsort(x_data, valid_nx, sizeof(double), compare_doubles);
        -: 1555:		   double max_d = 0.0, max_d_plus = 0.0, max_d_minus = 0.0;
        -: 1556:
        -: 1557:		   for(size_t i = 0; i < valid_nx; i++) {
        -: 1558:		       double cdf_obs_low  = (double)i / valid_nx;
        -: 1559:		       double cdf_obs_high = (double)(i + 1) / valid_nx;
        -: 1560:		       double cdf_theor    = approx_pnorm(x_data[i]);
        -: 1561:
        -: 1562:		       double diff1 = cdf_obs_low - cdf_theor;
        -: 1563:		       double diff2 = cdf_obs_high - cdf_theor;
        -: 1564:
        -: 1565:		       if (diff1 > max_d_plus) max_d_plus = diff1;
        -: 1566:		       if (diff2 > max_d_plus) max_d_plus = diff2;
        -: 1567:		       if (-diff1 > max_d_minus) max_d_minus = -diff1;
        -: 1568:		       if (-diff2 > max_d_minus) max_d_minus = -diff2;
        -: 1569:
        -: 1570:		       if (fabs(diff1) > max_d) max_d = fabs(diff1);
        -: 1571:		       if (fabs(diff2) > max_d) max_d = fabs(diff2);
        -: 1572:		   }
        -: 1573:
        -: 1574:		   if (is_greater) statistic = max_d_plus;
        -: 1575:		   else if (is_less) statistic = max_d_minus;
        -: 1576:		   else statistic = max_d;
        -: 1577:
        -: 1578:		   bool use_exact = (exact == -1) ? (valid_nx < 100) : (exact == 1);
        -: 1579:		   if (use_exact) {
        -: 1580:		       method_desc = "One-sample Kolmogorov-Smirnov exact test";
        -: 1581:		       if (is_two_sided) {
        -: 1582:		           p_value = 1.0 - K2x(valid_nx, statistic);
        -: 1583:		       } else {
        -: 1584:		           warn("exact 1-sample 1-sided KS test not implemented; using asymptotic");
        -: 1585:		           double z = statistic * sqrt((double)valid_nx);
        -: 1586:		           p_value = exp(-2.0 * z * z);
        -: 1587:		       }
        -: 1588:		   } else {
        -: 1589:		       method_desc = "One-sample Kolmogorov-Smirnov test (asymptotic)";
        -: 1590:		       double z = statistic * sqrt((double)valid_nx);
        -: 1591:		       if (is_two_sided) p_value = K2l(z, 0, 1e-6); 
        -: 1592:		       else p_value = exp(-2.0 * z * z);
        -: 1593:		   }
        -: 1594:	  } else {
        -: 1595:		    Safefree(x_data);
        -: 1596:		    croak("ks_test: Unsupported 1-sample distribution '%s'. Use arrays for 2-sample.", dist);
        -: 1597:	  }
        -: 1598:	} else {
        -: 1599:	  Safefree(x_data);
        -: 1600:	  croak("ks_test: Invalid arguments for 'y'.");
        -: 1601:	}
        -: 1602:	Safefree(x_data);
        -: 1603:	if (p_value > 1.0) p_value = 1.0;
        -: 1604:	if (p_value < 0.0) p_value = 0.0;
        -: 1605:	HV *restrict res = newHV();
        -: 1606:	hv_stores(res, "statistic", newSVnv(statistic));
        -: 1607:	hv_stores(res, "p_value", newSVnv(p_value));
        -: 1608:	hv_stores(res, "method", newSVpv(method_desc, 0));
        -: 1609:	hv_stores(res, "alternative", newSVpv(alternative, 0));
        -: 1610:	RETVAL = newRV_noinc((SV*)res);
        -: 1611:}
        -: 1612:#line 1613 "LikeR.c"
        3: 1613:	RETVAL = sv_2mortal(RETVAL);
call    0 returned 3
        3: 1614:	ST(0) = RETVAL;
        -: 1615:    }
        3: 1616:    XSRETURN(1);
        -: 1617:}
        -: 1618:
        -: 1619:
        -: 1620:XS_EUPXS(XS_Stats__LikeR_wilcox_test); /* prototype to pass -Wmissing-prototypes */
function XS_Stats__LikeR_wilcox_test called 10 returned 80% blocks executed 72%
       10: 1621:XS_EUPXS(XS_Stats__LikeR_wilcox_test)
        -: 1622:{
       10: 1623:    dVAR; dXSARGS;
       10: 1623-block  0
[...]
        -: 6089:		}
        -: 6090:
        -: 6091:		HV*restrict res_stats = newHV();
        -: 6092:		hv_stores(res_stats, "Df", newSViv(res_df));
        -: 6093:		hv_stores(res_stats, "Sum Sq", newSVnv(rss_prev));
        -: 6094:		hv_stores(res_stats, "Mean Sq", newSVnv(ms_res));
        -: 6095:		hv_stores(ret_hash, "Residuals", newRV_noinc((SV*)res_stats));
        -: 6096:
        -: 6097:		// Deep Cleanup
        -: 6098:		for (i = 0; i < num_terms; i++) Safefree(terms[i]); Safefree(terms);
        -: 6099:		for (i = 0; i < num_uniq; i++) Safefree(uniq_terms[i]); Safefree(uniq_terms);
        -: 6100:		for (j = 0; j < p_exp; j++) {
        -: 6101:			Safefree(exp_terms[j]); Safefree(parent_term[j]);
        -: 6102:			if (is_dummy[j]) { Safefree(dummy_base[j]); Safefree(dummy_level[j]); }
        -: 6103:		}
        -: 6104:		Safefree(exp_terms); Safefree(parent_term); 
        -: 6105:		Safefree(is_dummy); Safefree(is_interact); 
        -: 6106:		Safefree(dummy_base); Safefree(dummy_level);
        -: 6107:		Safefree(term_map); Safefree(left_idx); Safefree(right_idx);
        -: 6108:		Safefree(term_ss); Safefree(term_df);
        -: 6109:		for (i = 0; i < n; i++) Safefree(X_mat[i]);
        -: 6110:		Safefree(X_mat); Safefree(Y);
        -: 6111:		Safefree(aliased_qr); Safefree(rank_map);
        -: 6112:		if (row_hashes) Safefree(row_hashes);
        -: 6113:		RETVAL = newRV_noinc((SV*)ret_hash);
        -: 6114:	}
        -: 6115:#line 6116 "LikeR.c"
        6: 6116:	RETVAL = sv_2mortal(RETVAL);
call    0 returned 6
        6: 6117:	ST(0) = RETVAL;
        -: 6118:    }
        6: 6119:    XSRETURN(1);
        -: 6120:}
        -: 6121:
        -: 6122:
        -: 6123:XS_EUPXS(XS_Stats__LikeR_fisher_test); /* prototype to pass -Wmissing-prototypes */
function XS_Stats__LikeR_fisher_test called 4 returned 100% blocks executed 87%
        4: 6124:XS_EUPXS(XS_Stats__LikeR_fisher_test)
        -: 6125:{
        4: 6126:    dVAR; dXSARGS;
        4: 6126-block  0
call    0 returned 4
branch  1 taken 0 (fallthrough)
branch  2 taken 4
        -: 6127:    PERL_UNUSED_VAR(cv); /* -W */
        -: 6128:    PERL_UNUSED_VAR(items); /* -W */
        -: 6129:    {
        -: 6130:	SV *	RETVAL;
        -: 6131:#line 5551 "LikeR.xs"
        -: 6132:{
        -: 6133:	if (items < 1) croak("fisher_test requires at least a data reference");
        -: 6134:
        -: 6135:	SV*restrict data_ref = ST(0);
        -: 6136:	double conf_level = 0.95;
        -: 6137:	const char*restrict alternative = "two.sided";
        -: 6138:
        -: 6139:	// Parse named arguments
        -: 6140:	for (unsigned short int i = 1; i < items; i += 2) {
        -: 6141:		if (i + 1 >= items) croak("fisher_test: odd number of arguments");
        -: 6142:		const char*restrict key = SvPV_nolen(ST(i));
        -: 6143:		SV*restrict val = ST(i + 1);
        -: 6144:		if (strEQ(key, "conf_level") || strEQ(key, "conf.level")) {
        -: 6145:			conf_level = SvNV(val);
        -: 6146:		} else if (strEQ(key, "alternative")) {
        -: 6147:			alternative = SvPV_nolen(val);
        -: 6148:		}
        -: 6149:	}
        -: 6150:
        -: 6151:	if (!SvROK(data_ref)) croak("fisher_test requires a reference to an Array or Hash");
        -: 6152:	SV*restrict deref = SvRV(data_ref);
        -: 6153:	size_t a = 0, b = 0, c = 0, d = 0;
        -: 6154:	// Extract Data
        -: 6155:	if (SvTYPE(deref) == SVt_PVAV) {
        -: 6156:	  AV*restrict outer = (AV*)deref;
        -: 6157:	  if (av_len(outer) != 1) croak("Outer array must have exactly 2 rows");
        -: 6158:	  SV**restrict row1_ptr = av_fetch(outer, 0, 0);
        -: 6159:	  SV**restrict row2_ptr = av_fetch(outer, 1, 0);
        -: 6160:	  if (row1_ptr && row2_ptr && SvROK(*row1_ptr) && SvROK(*row2_ptr)) {
        -: 6161:		   AV*restrict row1 = (AV*)SvRV(*row1_ptr);
        -: 6162:		   AV*restrict row2 = (AV*)SvRV(*row2_ptr);
        -: 6163:		   SV**restrict a_ptr = av_fetch(row1, 0, 0);
        -: 6164:		   SV**restrict b_ptr = av_fetch(row1, 1, 0);
        -: 6165:		   SV**restrict c_ptr = av_fetch(row2, 0, 0);
        -: 6166:		   SV**restrict d_ptr = av_fetch(row2, 1, 0);
        -: 6167:		   a = (a_ptr && SvOK(*a_ptr)) ? SvIV(*a_ptr) : 0;
        -: 6168:		   b = (b_ptr && SvOK(*b_ptr)) ? SvIV(*b_ptr) : 0;
        -: 6169:		   c = (c_ptr && SvOK(*c_ptr)) ? SvIV(*c_ptr) : 0;
        -: 6170:		   d = (d_ptr && SvOK(*d_ptr)) ? SvIV(*d_ptr) : 0;
        -: 6171:	  } else {
        -: 6172:		  croak("Invalid 2D Array structure");
        -: 6173:	  }
        -: 6174:	} else if (SvTYPE(deref) == SVt_PVHV) {
        -: 6175:		// Fixed 2D Hash Logic: Sort keys lexically to enforce structured rows/columns
        -: 6176:		HV*restrict outer = (HV*)deref;
        -: 6177:		if (hv_iterinit(outer) != 2) croak("Outer hash must have exactly 2 keys");
        -: 6178:		HE*restrict he1 = hv_iternext(outer);
        -: 6179:		HE*restrict he2 = hv_iternext(outer);
        -: 6180:		if (!he1 || !he2) croak("Invalid outer hash");
        -: 6181:		const char*restrict k1 = SvPV_nolen(hv_iterkeysv(he1));
        -: 6182:		const char*restrict k2 = SvPV_nolen(hv_iterkeysv(he2));
        -: 6183:		HE*restrict row1_he = (strcmp(k1, k2) < 0) ? he1 : he2;
        -: 6184:		HE*restrict row2_he = (strcmp(k1, k2) < 0) ? he2 : he1;
        -: 6185:		SV*restrict row1_sv = hv_iterval(outer, row1_he);
        -: 6186:		SV*restrict row2_sv = hv_iterval(outer, row2_he);
        -: 6187:		if (!SvROK(row1_sv) || SvTYPE(SvRV(row1_sv)) != SVt_PVHV ||
        -: 6188:			!SvROK(row2_sv) || SvTYPE(SvRV(row2_sv)) != SVt_PVHV) {
        -: 6189:			croak("Inner elements must be hashes");
        -: 6190:		}
        -: 6191:		HV*restrict in1 = (HV*)SvRV(row1_sv);
        -: 6192:		HV*restrict in2 = (HV*)SvRV(row2_sv);
        -: 6193:		if (hv_iterinit(in1) != 2 || hv_iterinit(in2) != 2) croak("Inner hashes must have exactly 2 keys");
        -: 6194:		HE*restrict in1_he1 = hv_iternext(in1);
        -: 6195:		HE*restrict in1_he2 = hv_iternext(in1);
        -: 6196:		const char*restrict in1_k1 = SvPV_nolen(hv_iterkeysv(in1_he1));
        -: 6197:		const char*restrict in1_k2 = SvPV_nolen(hv_iterkeysv(in1_he2));
        -: 6198:		HE*restrict in1_c1 = (strcmp(in1_k1, in1_k2) < 0) ? in1_he1 : in1_he2;
        -: 6199:		HE*restrict in1_c2 = (strcmp(in1_k1, in1_k2) < 0) ? in1_he2 : in1_he1;
        -: 6200:		HE*restrict in2_he1 = hv_iternext(in2);
        -: 6201:		HE*restrict in2_he2 = hv_iternext(in2);
        -: 6202:		const char*restrict in2_k1 = SvPV_nolen(hv_iterkeysv(in2_he1));
        -: 6203:		const char*restrict in2_k2 = SvPV_nolen(hv_iterkeysv(in2_he2));
        -: 6204:		HE*restrict in2_c1 = (strcmp(in2_k1, in2_k2) < 0) ? in2_he1 : in2_he2;
        -: 6205:		HE*restrict in2_c2 = (strcmp(in2_k1, in2_k2) < 0) ? in2_he2 : in2_he1;
        -: 6206:		a = (hv_iterval(in1, in1_c1) && SvOK(hv_iterval(in1, in1_c1))) ? SvIV(hv_iterval(in1, in1_c1)) : 0;
        -: 6207:		b = (hv_iterval(in1, in1_c2) && SvOK(hv_iterval(in1, in1_c2))) ? SvIV(hv_iterval(in1, in1_c2)) : 0;
        -: 6208:		c = (hv_iterval(in2, in2_c1) && SvOK(hv_iterval(in2, in2_c1))) ? SvIV(hv_iterval(in2, in2_c1)) : 0;
        -: 6209:		d = (hv_iterval(in2, in2_c2) && SvOK(hv_iterval(in2, in2_c2))) ? SvIV(hv_iterval(in2, in2_c2)) : 0;
        -: 6210:	} else {
        -: 6211:	  croak("Input must be a 2D Array or 2D Hash");
        -: 6212:	}
        -: 6213:
        -: 6214:	// Perform Calculations via Helpers
        -: 6215:	double p_val = exact_p_value(a, b, c, d, alternative);
        -: 6216:	double mle_or, ci_low, ci_high;
        -: 6217:	calculate_exact_stats(a, b, c, d, conf_level, alternative, &mle_or, &ci_low, &ci_high);
        -: 6218:
        -: 6219:	// Construct the Return HashRef purely in C
        -: 6220:	HV*restrict ret_hash = newHV();
        -: 6221:	hv_stores(ret_hash, "method", newSVpv("Fisher's Exact Test for Count Data", 0));
        -: 6222:	hv_stores(ret_hash, "alternative", newSVpv(alternative, 0));
        -: 6223:	AV*restrict ci_array = newAV();
        -: 6224:	av_push(ci_array, newSVnv(ci_low));
        -: 6225:	av_push(ci_array, newSVnv(ci_high));
        -: 6226:	hv_stores(ret_hash, "conf_int", newRV_noinc((SV*)ci_array));
        -: 6227:	HV*restrict est_hash = newHV();
        -: 6228:	hv_stores(ret_hash, "estimate", newRV_noinc((SV*)est_hash));
        -: 6229:	hv_stores(est_hash, "odds ratio", newSVnv(mle_or));
        -: 6230:	hv_stores(ret_hash, "p_value", newSVnv(p_val));
        -: 6231:	// Return the HashRef
        -: 6232:	RETVAL = newRV_noinc((SV*)ret_hash);
        -: 6233:}
        -: 6234:#line 6235 "LikeR.c"
        4: 6235:	RETVAL = sv_2mortal(RETVAL);
call    0 returned 4
        4: 6236:	ST(0) = RETVAL;
        -: 6237:    }
        4: 6238:    XSRETURN(1);
        -: 6239:}
        -: 6240:
        -: 6241:
        -: 6242:XS_EUPXS(XS_Stats__LikeR_power_t_test); /* prototype to pass -Wmissing-prototypes */
function XS_Stats__LikeR_power_t_test called 7 returned 43% blocks executed 91%
        7: 6243:XS_EUPXS(XS_Stats__LikeR_power_t_test)
        -: 6244:{
        7: 6245:    dVAR; dXSARGS;
        7: 6245-block  0
call    0 returned 7
branch  1 taken 0 (fallthrough)
branch  2 taken 7
        -: 6246:    PERL_UNUSED_VAR(cv); /* -W */
        -: 6247:    PERL_UNUSED_VAR(items); /* -W */
        -: 6248:    {
        -: 6249:	SV *	RETVAL;
        -: 6250:#line 5658 "LikeR.xs"
        -: 6251:{
        -: 6252:	double n = 0.0, delta = 0.0, sd = 1.0, sig_level = 0.05;
        -: 6253:	const char* restrict type = "two.sample";
        -: 6254:	const char* restrict alternative = "two.sided";
        -: 6255:	bool strict = false, n_set = false, delta_set = false;
        -: 6256:	// Parse arguments from the flat stack
        -: 6257:	if (items % 2 != 0) croak("Usage: power_t_test(n => 30, delta => 0.5, sd => 1.0, ...)");
        -: 6258:	for (unsigned short int i = 0; i < items; i += 2) {
        -: 6259:		const char* restrict key = SvPV_nolen(ST(i));
        -: 6260:		SV* restrict val = ST(i+1);
        -: 6261:		if      (strEQ(key, "n"))           { n = SvNV(val); n_set = true; }
        -: 6262:		else if (strEQ(key, "delta"))       { delta = SvNV(val); delta_set = true; }
        -: 6263:		else if (strEQ(key, "sd"))          sd = SvNV(val);
        -: 6264:		else if (strEQ(key, "sig.level") || strEQ(key, "sig_level")) sig_level = SvNV(val);
        -: 6265:		else if (strEQ(key, "type"))        type = SvPV_nolen(val);
        -: 6266:		else if (strEQ(key, "alternative")) alternative = SvPV_nolen(val);
        -: 6267:		else if (strEQ(key, "strict"))      strict = SvTRUE(val);
        -: 6268:		else croak("power_t_test: unknown argument '%s'", key);
        -: 6269:	}
        -: 6270:	if (!n_set || !delta_set) croak("power_t_test: 'n' and 'delta' must be provided");
        -: 6271:	if (n < 2.0) croak("power_t_test: 'n' must be strictly greater than 1");
        -: 6272:	if (sd <= 0.0) croak("power_t_test: 'sd' must be positive");
        -: 6273:	if (sig_level <= 0.0 || sig_level >= 1.0) croak("power_t_test: 'sig_level' must be between 0 and 1");
        -: 6274:	// Mimic R's tsample and tside variables
        -: 6275:	short int tsample = 2; // Default "two.sample"
        -: 6276:	if (strEQ(type, "one.sample") || strEQ(type, "paired")) tsample = 1;
        -: 6277:	short int tside = 2; // Default "two.sided"
        -: 6278:	if (strEQ(alternative, "one.sided") || strEQ(alternative, "greater") || strEQ(alternative, "less")) {
        -: 6279:		tside = 1;
        -: 6280:	}
        -: 6281:	// In R, two-sided tests always use the absolute value of delta
        -: 6282:	if (tside == 2) {
        -: 6283:		delta = fabs(delta);
        -: 6284:	}
        -: 6285:	// Degrees of freedom (nu)
        -: 6286:	double df = (n - 1.0) * tsample;
        -: 6287:	if (df < 1e-7) df = 1e-7;
        -: 6288:	// Non-centrality parameter (ncp)
        -: 6289:	double ncp = sqrt(n / (double)tsample) * (delta / sd);
        -: 6290:	// Get critical t-value (upper tail)
        -: 6291:	double qu = qt_tail(df, sig_level / (double)tside);
        -: 6292:	double power = 0.0;
        -: 6293:	// Exact calculation mimicking R's exact p.body closures
        -: 6294:	if (strict && tside == 2) {
        -: 6295:		// Strict mode evaluates BOTH tails of the distribution
        -: 6296:		double prob_upper = 1.0 - exact_pnt(qu, df, ncp);
        -: 6297:		double prob_lower = exact_pnt(-qu, df, ncp);
        -: 6298:		power = prob_upper + prob_lower;
        -: 6299:	} else {
        -: 6300:		// R's default (strict=FALSE): only evaluates the upper tail
        -: 6301:		power = 1.0 - exact_pnt(qu, df, ncp);
        -: 6302:	}
        -: 6303:
        -: 6304:	// Construct Return Hash
        -: 6305:	HV* restrict ret = newHV();
        -: 6306:	hv_stores(ret, "n", newSVnv(n));
        -: 6307:	hv_stores(ret, "delta", newSVnv(delta));
        -: 6308:	hv_stores(ret, "sd", newSVnv(sd));
        -: 6309:	hv_stores(ret, "sig.level", newSVnv(sig_level));
        -: 6310:	hv_stores(ret, "power", newSVnv(power));
        -: 6311:	hv_stores(ret, "type", newSVpv(type, 0));
        -: 6312:	// Keep R's standardized naming for output
        -: 6313:	const char*restrict final_alt = (tside == 2) ? "two.sided" : "one.sided";
        -: 6314:	hv_stores(ret, "alternative", newSVpv(final_alt, 0));
        -: 6315:	const char*restrict method_str = "Two-sample t test power calculation";
        -: 6316:	if (strEQ(type, "one.sample")) method_str = "One-sample t test power calculation";
        -: 6317:	if (strEQ(type, "paired"))     method_str = "Paired t test power calculation";
        -: 6318:	hv_stores(ret, "method", newSVpv(method_str, 0));
        -: 6319:	// Replicate R's footnote messages
        -: 6320:	const char*restrict note_str = (tsample == 2) ? "n is number in *each* group" : 
        -: 6321:	                       (strEQ(type, "paired") ? "n is number of *pairs*, sd is std.dev. of *differences* within pairs" : "");
        -: 6322:	if (note_str[0] != '\0') hv_stores(ret, "note", newSVpv(note_str, 0));
        -: 6323:
        -: 6324:	RETVAL = newRV_noinc((SV*)ret);
        -: 6325:}
        -: 6326:#line 6327 "LikeR.c"
        3: 6327:	RETVAL = sv_2mortal(RETVAL);
call    0 returned 3
        3: 6328:	ST(0) = RETVAL;
        -: 6329:    }
        3: 6330:    XSRETURN(1);
        -: 6331:}
        -: 6332:
        -: 6333:#ifdef __cplusplus
        -: 6334:extern "C" {
        -: 6335:#endif
        -: 6336:XS_EXTERNAL(boot_Stats__LikeR); /* prototype to pass -Wmissing-prototypes */
function boot_Stats__LikeR called 1 returned 100% blocks executed 100%
        1: 6337:XS_EXTERNAL(boot_Stats__LikeR)
        -: 6338:{
        -: 6339:#if PERL_VERSION_LE(5, 21, 5)
        -: 6340:    dVAR; dXSARGS;
        -: 6341:#else
        1: 6342:    dVAR; dXSBOOTARGSXSAPIVERCHK;
        1: 6342-block  0
call    0 returned 1
        -: 6343:#endif
        -: 6344:#if PERL_VERSION_LE(5, 8, 999) /* PERL_VERSION_LT is 5.33+ */
        -: 6345:    char* file = __FILE__;
        -: 6346:#else
        1: 6347:    const char* file = __FILE__;
        -: 6348:#endif
        -: 6349:
        -: 6350:    PERL_UNUSED_VAR(file);
        -: 6351:
        -: 6352:    PERL_UNUSED_VAR(cv); /* -W */
        -: 6353:    PERL_UNUSED_VAR(items); /* -W */
        -: 6354:#if PERL_VERSION_LE(5, 21, 5)
        -: 6355:    XS_VERSION_BOOTCHECK;
        -: 6356:#  ifdef XS_APIVERSION_BOOTCHECK
        -: 6357:    XS_APIVERSION_BOOTCHECK;
        -: 6358:#  endif
        -: 6359:#endif
        -: 6360:
        1: 6361:        newXS_deffile("Stats::LikeR::ks_test", XS_Stats__LikeR_ks_test);
call    0 returned 1
        1: 6362:        newXS_deffile("Stats::LikeR::wilcox_test", XS_Stats__LikeR_wilcox_test);
call    0 returned 1
        1: 6363:        newXS_deffile("Stats::LikeR::_chisq_c", XS_Stats__LikeR__chisq_c);
call    0 returned 1
        1: 6364:        (void)newXSproto_portable("Stats::LikeR::write_table", XS_Stats__LikeR_write_table, file, ";@");
call    0 returned 1
        1: 6365:        (void)newXSproto_portable("Stats::LikeR::_parse_csv_file", XS_Stats__LikeR__parse_csv_file, file, "$$$;$");
call    0 returned 1
        1: 6366:        (void)newXSproto_portable("Stats::LikeR::cov", XS_Stats__LikeR_cov, file, "$$;$");
call    0 returned 1
        1: 6367:        (void)newXSproto_portable("Stats::LikeR::glm", XS_Stats__LikeR_glm, file, ";@");
call    0 returned 1
        1: 6368:        (void)newXSproto_portable("Stats::LikeR::cor_test", XS_Stats__LikeR_cor_test, file, ";@");
call    0 returned 1
        1: 6369:        (void)newXSproto_portable("Stats::LikeR::shapiro_test", XS_Stats__LikeR_shapiro_test, file, "$");
call    0 returned 1
        1: 6370:        (void)newXSproto_portable("Stats::LikeR::min", XS_Stats__LikeR_min, file, "@");
call    0 returned 1
        1: 6371:        (void)newXSproto_portable("Stats::LikeR::max", XS_Stats__LikeR_max, file, "@");
call    0 returned 1
        1: 6372:        (void)newXSproto_portable("Stats::LikeR::runif", XS_Stats__LikeR_runif, file, ";@");
call    0 returned 1
        1: 6373:        (void)newXSproto_portable("Stats::LikeR::rbinom", XS_Stats__LikeR_rbinom, file, ";@");
call    0 returned 1
        1: 6374:        (void)newXSproto_portable("Stats::LikeR::hist", XS_Stats__LikeR_hist, file, "$;@");
call    0 returned 1
        1: 6375:        (void)newXSproto_portable("Stats::LikeR::quantile", XS_Stats__LikeR_quantile, file, ";@");
call    0 returned 1
        1: 6376:        (void)newXSproto_portable("Stats::LikeR::mean", XS_Stats__LikeR_mean, file, "@");
call    0 returned 1
        1: 6377:        (void)newXSproto_portable("Stats::LikeR::sd", XS_Stats__LikeR_sd, file, "@");
call    0 returned 1
        1: 6378:        (void)newXSproto_portable("Stats::LikeR::var", XS_Stats__LikeR_var, file, "@");
call    0 returned 1
        1: 6379:        (void)newXSproto_portable("Stats::LikeR::t_test", XS_Stats__LikeR_t_test, file, ";@");
call    0 returned 1
        1: 6380:        (void)newXSproto_portable("Stats::LikeR::p_adjust", XS_Stats__LikeR_p_adjust, file, "$;$");
call    0 returned 1
        1: 6381:        (void)newXSproto_portable("Stats::LikeR::median", XS_Stats__LikeR_median, file, "@");
call    0 returned 1
        1: 6382:        (void)newXSproto_portable("Stats::LikeR::cor", XS_Stats__LikeR_cor, file, "$;$$");
call    0 returned 1
        1: 6383:        (void)newXSproto_portable("Stats::LikeR::scale", XS_Stats__LikeR_scale, file, "@");
call    0 returned 1
        1: 6384:        (void)newXSproto_portable("Stats::LikeR::matrix", XS_Stats__LikeR_matrix, file, ";@");
call    0 returned 1
        1: 6385:        (void)newXSproto_portable("Stats::LikeR::lm", XS_Stats__LikeR_lm, file, ";@");
call    0 returned 1
        1: 6386:        (void)newXSproto_portable("Stats::LikeR::seq", XS_Stats__LikeR_seq, file, "$$;$");
call    0 returned 1
        1: 6387:        (void)newXSproto_portable("Stats::LikeR::rnorm", XS_Stats__LikeR_rnorm, file, ";@");
call    0 returned 1
        1: 6388:        (void)newXSproto_portable("Stats::LikeR::aov", XS_Stats__LikeR_aov, file, "$$");
call    0 returned 1
        1: 6389:        newXS_deffile("Stats::LikeR::fisher_test", XS_Stats__LikeR_fisher_test);
call    0 returned 1
        1: 6390:        newXS_deffile("Stats::LikeR::power_t_test", XS_Stats__LikeR_power_t_test);
call    0 returned 1
        -: 6391:#if PERL_VERSION_LE(5, 21, 5)
        -: 6392:#  if PERL_VERSION_GE(5, 9, 0)
        -: 6393:    if (PL_unitcheckav)
        -: 6394:        call_list(PL_scopestack_ix, PL_unitcheckav);
        -: 6395:#  endif
        -: 6396:    XSRETURN_YES;
        -: 6397:#else
        1: 6398:    Perl_xs_boot_epilog(aTHX_ ax);
call    0 returned 1
        -: 6399:#endif
        1: 6400:}
        -: 6401:
        -: 6402:#ifdef __cplusplus
        -: 6403:}
        -: 6404:#endif
