        -:    0:Source:LikeR.xs
        -:    0:Graph:./LikeR.gcno
        -:    0:Data:./LikeR.gcda
        -:    0:Runs:26
        -:    1:#ifndef _GNU_SOURCE
        -:    2:#define _GNU_SOURCE        // glibc / Linux
        -:    3:#endif
        -:    4:#ifndef __EXTENSIONS__
        -:    5:#define __EXTENSIONS__ 1   // Solaris/illumos: expose off64_t, sigjmp_buf under -std=c99
        -:    6:#endif
        -:    7:#define PERL_NO_GET_CONTEXT
        -:    8:#include "EXTERN.h"
        -:    9:#include "perl.h"
        -:   10:#include "XSUB.h"
        -:   11:#include "ppport.h"
        -:   12:#include <math.h>
        -:   13:#include <ctype.h>
        -:   14:#include <stdlib.h>
        -:   15:#include <float.h>
        -:   16:#include <string.h>
        -:   17:#include <strings.h>
        -:   18:#include <stdint.h> // uint64_t — harmless if perl.h already pulled it in
        -:   19:/*
        -:   20:XS words:
        -:   21:SvROK = scalar value reference is OK
        -:   22:*/
        -:   23:/* sample(): private splitmix64 PRNG
        -:   24:
        -:   25:sample() gets its own PRNG state, completely separate from Drand01.
        -:   26:That means generate_binomial(), ruif(), rbinom(), and every other caller
        -:   27:of Drand01() are unaffected — their streams are never advanced or reseeded
        -:   28:by anything sample() does.
        -:   29:
        -:   30:Seeding is lazy (first call) and reads from /dev/urandom; falls back to
        -:   31:time()^PID on systems without it.  No aTHX needed: all calls are plain C.
        -:   32:PERL_NO_GET_CONTEXT is therefore not a concern here. */
        -:   33:static uint64_t sample__state  = 0;
        -:   34:
        -:   35:PERL_STATIC_INLINE uint64_t
        -:   36:sample__mix64(void)
        -:   37:{
        -:   38:	uint64_t z = (sample__state += UINT64_C(0x9e3779b97f4a7c15));
        -:   39:	z = (z ^ (z >> 30)) * UINT64_C(0xbf58476d1ce4e5b9);
        -:   40:	z = (z ^ (z >> 27)) * UINT64_C(0x94d049bb133111eb);
        -:   41:	return z ^ (z >> 31);
        -:   42:}
        -:   43:
        -:   44:/* * Helper function to increment the count for a given SV.
        -:   45: * Skips NULL or Undefined values as requested. */
function increment_count called 26 returned 100% blocks executed 85%
       26:   46:static void increment_count(pTHX_ HV* counts_hv, SV* val) {
        -:   47:	/* Skip null pointers or undef (non-OK) values */
      26*:   48:	if (!val || !SvOK(val)) return; 
       26:   48-block  0
branch  0 taken 26 (fallthrough)
branch  1 taken 0
       26:   48-block  1
branch  2 taken 0 (fallthrough)
branch  3 taken 26
    %%%%%:   48-block  2
    %%%%%:   48-block  3
        -:   49:	STRLEN len;
        -:   50:	// SvPV forces stringification (so numbers become string keys)
       26:   51:	char*restrict str = SvPV(val, len);
       26:   51-block  0
call    0 returned 26
        -:   52:	// hv_fetch with lval=1 creates the key if it doesn't exist
       26:   53:	SV**restrict svp = hv_fetch(counts_hv, str, len, 1);
call    0 returned 26
       26:   54:	if (svp) {
branch  0 taken 26 (fallthrough)
branch  1 taken 0
       26:   55:		if (!SvOK(*svp)) {
       26:   55-block  0
branch  0 taken 17 (fallthrough)
branch  1 taken 9
       17:   56:			sv_setuv(*svp, 1);// Initialize count to 1 as an Unsigned Value (UV)
       17:   56-block  0
call    0 returned 17
        -:   57:		} else {
        9:   58:			sv_setuv(*svp, SvUV(*svp) + 1);// Increment existing Unsigned Value
        9:   58-block  0
call    0 returned 9
call    1 returned 9
        -:   59:		}
        -:   60:	}
        -:   61:}
        -:   62:
        -:   63:// Uniform integer in [0, upper) — rejection loop, no modulo bias
        -:   64:PERL_STATIC_INLINE size_t
        -:   65:sample__rand(size_t upper) {
        -:   66:	const uint64_t u = (uint64_t)upper;
        -:   67:	const uint64_t t = (uint64_t)(-(uint64_t)u) % u;
        -:   68:	uint64_t r;
        -:   69:	do { r = sample__mix64(); } while (r < t);
        -:   70:	return (size_t)(r % u);
        -:   71:}
        -:   72:// end sample() private PRNG
        -:   73:
        -:   74:// Ensure Perl's PRNG is seeded, matching the lazy-evaluation of Perl's rand()
        -:   75:#define AUTO_SEED_PRNG() \
        -:   76:	do { \
        -:   77:		if (!PL_srand_called) { \
        -:   78:			(void)seedDrand01((Rand_seed_t)Perl_seed(aTHX)); \
        -:   79:			PL_srand_called = TRUE; \
        -:   80:		} \
        -:   81:	} while (0)
        -:   82:
        -:   83:// Helpers for Random Number Generation
        -:   84:#ifndef M_PI
        -:   85:#define M_PI 3.14159265358979323846
        -:   86:#endif
        -:   87:// C helper for EXACT Non-central T-distribution CDF via Numerical Integration.
        -:   88:// This perfectly replicates R's pt(..., ncp) exactness without requiring complex Beta functions.
function exact_pnt called 229 returned 100% blocks executed 90%
      229:   89:static NV exact_pnt(NV t, NV df, NV ncp) {
     229*:   90:	if (df <= 0.0) return 0.0;
      229:   90-block  0
branch  0 taken 0 (fallthrough)
branch  1 taken 229
    %%%%%:   90-block  1
      229:   91:	unsigned short int n_steps = 30000;
      229:   92:	NV step = 1.0 / n_steps;
      229:   93:	NV integral = 0.0, half_df = df / 2.0;
      229:   94:	NV log_coef = log(2.0) + half_df * log(half_df) - lgamma(half_df);
      229:   95:	NV root_half = 0.70710678118654752440; // 1 / sqrt(2)
  6870000:   96:	for (unsigned short i = 1; i < n_steps; i++) {
      229:   96-block  0
  6870000:   96-block  1
branch  0 taken 6869771
branch  1 taken 229 (fallthrough)
  6869771:   97:		NV u = i * step;
  6869771:   98:		NV w = u / (1.0 - u);
        -:   99:		// Scaled Chi-distribution log-density
  6869771:  100:		NV log_M = log_coef + (df - 1.0) * log(w) - half_df * w * w;
  6869771:  101:		NV M = exp(log_M);
        -:  102:		// Exact Normal CDF using the C standard library's erfc function
  6869771:  103:		NV z = t * w - ncp;
  6869771:  104:		NV pnorm_val = 0.5 * erfc(-z * root_half);
  6869771:  105:		NV weight = (i % 2 != 0) ? 4.0 : 2.0;
  6869771:  105-block  0
branch  0 taken 3435000 (fallthrough)
branch  1 taken 3434771
  3435000:  105-block  1
  3434771:  105-block  2
  6869771:  106:		integral += weight * (pnorm_val * M / ((1.0 - u) * (1.0 - u)));
  6869771:  106-block  0
        -:  107:	}
      229:  108:	return integral * (step / 3.0);
      229:  108-block  0
        -:  109:}
        -:  110:// --- Math Helpers for P-values and Confidence Intervals --- 
        -:  111:
        -:  112:// Ranking helper with tie adjustment (matches R's tie handling)
        -:  113:typedef struct { NV val; size_t idx; NV rank; } RankInfo;
function compare_rank called 75 returned 100% blocks executed 100%
       75:  114:static int compare_rank(const void *restrict a, const void *restrict b) {
       75:  115:	NV diff = ((RankInfo*)a)->val - ((RankInfo*)b)->val;
       75:  116:	return (diff > 0) - (diff < 0);
       75:  116-block  0
        -:  117:}
        -:  118:
function compare_index called 75 returned 100% blocks executed 100%
       75:  119:static int compare_index(const void *restrict a, const void *restrict b) {
       75:  120:	return ((RankInfo*)a)->idx - ((RankInfo*)b)->idx;
       75:  120-block  0
        -:  121:}
        -:  122:
function compute_ranks called 6 returned 100% blocks executed 95%
        6:  123:static void compute_ranks(NV *restrict data, NV *restrict ranks, size_t n) {
        6:  124:	RankInfo *restrict items = safemalloc(n * sizeof(RankInfo));
        6:  124-block  0
call    0 returned 6
       56:  125:	for (size_t i = 0; i < n; i++) {
       56:  125-block  0
branch  0 taken 50
branch  1 taken 6 (fallthrough)
       50:  126:		items[i].val = data[i];
       50:  127:		items[i].idx = i;
       50:  127-block  0
        -:  128:	}
        6:  129:	qsort(items, n, sizeof(RankInfo), compare_rank);
        6:  129-block  0
call    0 returned 6
        -:  130:	// Handle ties by averaging ranks
       56:  131:	for (size_t i = 0; i < n; ) {
       56:  131-block  0
branch  0 taken 50
branch  1 taken 6 (fallthrough)
       50:  132:		size_t j = i + 1;
      50*:  133:		while (j < n && items[j].val == items[i].val) j++;
       50:  133-block  0
    %%%%%:  133-block  1
       50:  133-block  2
branch  0 taken 44 (fallthrough)
branch  1 taken 6
       44:  133-block  3
branch  2 taken 0
branch  3 taken 44 (fallthrough)
       50:  134:		NV avg_rank = (i + 1 + j) / 2.0;
      100:  135:		for (size_t k = i; k < j; k++) items[k].rank = avg_rank;
       50:  135-block  0
       50:  135-block  1
      100:  135-block  2
branch  0 taken 50
branch  1 taken 50 (fallthrough)
       50:  136:		i = j;
       50:  136-block  0
        -:  137:	}
        6:  138:	qsort(items, n, sizeof(RankInfo), compare_index);
        6:  138-block  0
call    0 returned 6
       56:  139:	for (size_t i = 0; i < n; i++) ranks[i] = items[i].rank;
       50:  139-block  0
       56:  139-block  1
branch  0 taken 50
branch  1 taken 6 (fallthrough)
        6:  140:	Safefree(items);
        6:  140-block  0
call    0 returned 6
        6:  141:}
        -:  142:// Generates a single binomial random variate. 
        -:  143://Uses the standard Bernoulli trial loop. Drand01() taps into Perl's PRNG.
function generate_binomial called 20499 returned 100% blocks executed 100%
    20499:  144:static size_t generate_binomial(pTHX_ const size_t size, const NV prob) {
    20499:  145:	if (prob <= 0.0) return 0;
    20499:  145-block  0
branch  0 taken 100 (fallthrough)
branch  1 taken 20399
      100:  145-block  1
    20399:  146:	if (prob >= 1.0) return size;
    20399:  146-block  0
branch  0 taken 100 (fallthrough)
branch  1 taken 20299
      100:  146-block  1
        -:  147:
    20299:  148:	size_t successes = 0;
   312290:  149:	for (size_t i = 0; i < size; i++) {
    20299:  149-block  0
   291991:  149-block  1
   312290:  149-block  2
branch  0 taken 291991
branch  1 taken 20299 (fallthrough)
   291991:  150:		if (Drand01() <= prob) successes++;
   291991:  150-block  0
call    0 returned 291991
branch  1 taken 106101 (fallthrough)
branch  2 taken 185890
   106101:  150-block  1
        -:  151:	}
    20299:  152:	return successes;
    20299:  152-block  0
        -:  153:}
        -:  154:
        -:  155:#define FT_EPS 2.220446049250313e-16
        -:  156:#define FT_TOL 0.0001220703125 // .Machine$double.eps^0.25, R uniroot default
        -:  157:
function ft_lchoose called 546 returned 100% blocks executed 83%
      546:  158:static NV ft_lchoose(long n, long k) {
     546*:  159:	if (k < 0 || k > n || n < 0) return -INFINITY;
      546:  159-block  0
branch  0 taken 546 (fallthrough)
branch  1 taken 0
      546:  159-block  1
branch  2 taken 546 (fallthrough)
branch  3 taken 0
      546:  159-block  2
branch  4 taken 0 (fallthrough)
branch  5 taken 546
    %%%%%:  159-block  3
      546:  160:	return lgamma((NV)n + 1) - lgamma((NV)k + 1) - lgamma((NV)(n - k) + 1);
      546:  160-block  0
        -:  161:}
        -:  162:
        -:  163:typedef struct {
        -:  164:	long lo, hi, ns, m, n, k, x;
        -:  165:	NV *restrict logdc;   // central log hypergeometric density over the support
        -:  166:} ft_support;
        -:  167:
function ft_init called 26 returned 100% blocks executed 85%
       26:  168:static int ft_init(ft_support *S, long a, long b, long c, long d) {
       26:  169:	S->m = a + c; S->n = b + d; S->k = a + b; S->x = a;
       26:  170:	S->lo = (S->k - S->n > 0) ? (S->k - S->n) : 0;
       26:  171:	S->hi = (S->k < S->m) ? S->k : S->m;
       26:  172:	S->ns = S->hi - S->lo + 1;
      26*:  173:	if (S->ns <= 0) { S->logdc = NULL; return 0; }
       26:  173-block  0
branch  0 taken 0 (fallthrough)
branch  1 taken 26
    %%%%%:  173-block  1
      26*:  174:	Newx(S->logdc, S->ns, NV);
       26:  174-block  0
branch  0 taken 0 (fallthrough)
branch  1 taken 26
    %%%%%:  174-block  1
call    2 never executed
       26:  174-block  2
call    3 returned 26
      208:  175:	for (long i = 0; i < S->ns; i++) {
      208:  175-block  0
branch  0 taken 182
branch  1 taken 26 (fallthrough)
      182:  176:	  long j = S->lo + i;
      182:  177:	  S->logdc[i] = ft_lchoose(S->m, j) + ft_lchoose(S->n, S->k - j)
      182:  177-block  0
call    0 returned 182
call    1 returned 182
      182:  178:				   - ft_lchoose(S->m + S->n, S->k);
call    0 returned 182
        -:  179:	}
       26:  180:	return 1;
       26:  180-block  0
        -:  181:}
function ft_free called 26 returned 100% blocks executed 100%
       26:  182:static void ft_free(ft_support *S) { Safefree(S->logdc); S->logdc = NULL; }
       26:  182-block  0
call    0 returned 26
        -:  183:
function ft_dnhyper called 233 returned 100% blocks executed 100%
      233:  184:static void ft_dnhyper(const ft_support *S, NV ncp, NV *out) {
      233:  185:	NV lncp = log(ncp), mx = -INFINITY;
     2015:  186:	for (long i = 0; i < S->ns; i++) {
      233:  186-block  0
     1782:  186-block  1
     2015:  186-block  2
branch  0 taken 1782
branch  1 taken 233 (fallthrough)
     1782:  187:	  out[i] = S->logdc[i] + lncp * (NV)(S->lo + i);
     1782:  188:	  if (out[i] > mx) mx = out[i];
     1782:  188-block  0
branch  0 taken 1061 (fallthrough)
branch  1 taken 721
     1061:  188-block  1
        -:  189:	}
      233:  190:	NV s = 0;
     2015:  191:	for (long i = 0; i < S->ns; i++) { out[i] = exp(out[i] - mx); s += out[i]; }
      233:  191-block  0
     1782:  191-block  1
     2015:  191-block  2
branch  0 taken 1782
branch  1 taken 233 (fallthrough)
     2015:  192:	for (long i = 0; i < S->ns; i++) out[i] /= s;
      233:  192-block  0
     1782:  192-block  1
     2015:  192-block  2
branch  0 taken 1782
branch  1 taken 233 (fallthrough)
      233:  193:}
        -:  194:
function ft_mnhyper called 93 returned 100% blocks executed 90%
       93:  195:static NV ft_mnhyper(const ft_support *restrict S, NV ncp, NV *scratch) {
       93:  196:	if (ncp == 0)     return (NV)S->lo;
       93:  196-block  0
branch  0 taken 2 (fallthrough)
branch  1 taken 91
        2:  196-block  1
      91*:  197:	if (isinf(ncp))   return (NV)S->hi;
       91:  197-block  0
branch  0 taken 0 (fallthrough)
branch  1 taken 91
    %%%%%:  197-block  1
       91:  198:	ft_dnhyper(S, ncp, scratch);
       91:  198-block  0
call    0 returned 91
       91:  199:	NV mu = 0;
      770:  200:	for (long i = 0; i < S->ns; i++) mu += (NV)(S->lo + i) * scratch[i];
      679:  200-block  0
      770:  200-block  1
branch  0 taken 679
branch  1 taken 91 (fallthrough)
       91:  201:	return mu;
       91:  201-block  0
        -:  202:}
        -:  203:
        -:  204:// upper != 0 => P(X >= q), upper == 0 => P(X <= q)
function ft_pnhyper called 185 returned 100% blocks executed 72%
      185:  205:static NV ft_pnhyper(const ft_support *S, long q, NV ncp, int upper, NV *scratch) {
      185:  206:	if (ncp == 1.0) {
      185:  206-block  0
branch  0 taken 42 (fallthrough)
branch  1 taken 143
       42:  207:	  NV s = 0;
      344:  208:	  for (long i = 0; i < S->ns; i++) {
       42:  208-block  0
      302:  208-block  1
      344:  208-block  2
branch  0 taken 302
branch  1 taken 42 (fallthrough)
      302:  209:		   long j = S->lo + i;
      302:  210:		   if (upper ? (j >= q) : (j <= q)) s += exp(S->logdc[i]);
      302:  210-block  0
branch  0 taken 144 (fallthrough)
branch  1 taken 158
      144:  210-block  1
      158:  210-block  2
      302:  210-block  3
branch  2 taken 143 (fallthrough)
branch  3 taken 159
      143:  210-block  4
        -:  211:	  }
       42:  212:	  return s;
       42:  212-block  0
        -:  213:	}
     143*:  214:	if (ncp == 0.0)   return upper ? (NV)(q <= S->lo) : (NV)(q >= S->lo);
      143:  214-block  0
branch  0 taken 10 (fallthrough)
branch  1 taken 133
       10:  214-block  1
branch  2 taken 7 (fallthrough)
branch  3 taken 3
        7:  214-block  2
branch  4 taken 0 (fallthrough)
branch  5 taken 7
    %%%%%:  214-block  3
        7:  214-block  4
        7:  214-block  5
        3:  214-block  6
branch  6 taken 3 (fallthrough)
branch  7 taken 0
        3:  214-block  7
    %%%%%:  214-block  8
        3:  214-block  9
       10:  214-block 10
     133*:  215:	if (isinf(ncp))   return upper ? (NV)(q <= S->hi) : (NV)(q >= S->hi);
      133:  215-block  0
branch  0 taken 0 (fallthrough)
branch  1 taken 133
    %%%%%:  215-block  1
branch  2 never executed (fallthrough)
branch  3 never executed
    %%%%%:  215-block  2
branch  4 never executed (fallthrough)
branch  5 never executed
    %%%%%:  215-block  3
    %%%%%:  215-block  4
    %%%%%:  215-block  5
    %%%%%:  215-block  6
branch  6 never executed (fallthrough)
branch  7 never executed
    %%%%%:  215-block  7
    %%%%%:  215-block  8
    %%%%%:  215-block  9
    %%%%%:  215-block 10
      133:  216:	ft_dnhyper(S, ncp, scratch);
      133:  216-block  0
call    0 returned 133
      133:  217:	NV s = 0;
     1173:  218:	for (long i = 0; i < S->ns; i++) {
     1040:  218-block  0
     1173:  218-block  1
branch  0 taken 1040
branch  1 taken 133 (fallthrough)
     1040:  219:	  long j = S->lo + i;
     1040:  220:	  if (upper ? (j >= q) : (j <= q)) s += scratch[i];
     1040:  220-block  0
branch  0 taken 522 (fallthrough)
branch  1 taken 518
      522:  220-block  1
      518:  220-block  2
     1040:  220-block  3
branch  2 taken 474 (fallthrough)
branch  3 taken 566
      474:  220-block  4
        -:  221:	}
      133:  222:	return s;
      133:  222-block  0
        -:  223:}
        -:  224:
        -:  225:/* R's src/library/stats/src/zeroin.c (Brent-Dekker) */
        -:  226:typedef NV (*ft_fn)(NV t, void *ctx);
function ft_zeroin called 29 returned 100% blocks executed 97%
       29:  227:static NV ft_zeroin(NV ax, NV bx, ft_fn f, void *ctx, NV tol, int maxit) {
       29:  228:	NV a = ax, b = bx, fa = f(a, ctx), fb = f(b, ctx), c = a, fc = fa;
       29:  228-block  0
call    0 returned 29
call    1 returned 29
      216:  229:	while (maxit-- > 0) {
      216:  229-block  0
branch  0 taken 216
branch  1 taken 0 (fallthrough)
      216:  230:	  NV prev = b - a;
      216:  231:	  if (fabs(fc) < fabs(fb)) { a = b; b = c; c = a; fa = fb; fb = fc; fc = fa; }
      216:  231-block  0
branch  0 taken 72 (fallthrough)
branch  1 taken 144
       72:  231-block  1
      216:  232:	  NV tol_act = 2 * FT_EPS * fabs(b) + tol / 2;
      216:  233:	  NV step = (c - b) / 2;
      216:  234:	  if (fabs(step) <= tol_act || fb == 0.0) return b;
      216:  234-block  0
branch  0 taken 187 (fallthrough)
branch  1 taken 29
      187:  234-block  1
branch  2 taken 0 (fallthrough)
branch  3 taken 187
       29:  234-block  2
      187:  235:	  if (fabs(prev) >= tol_act && fabs(fa) > fabs(fb)) {
      187:  235-block  0
branch  0 taken 187 (fallthrough)
branch  1 taken 0
      187:  235-block  1
branch  2 taken 187 (fallthrough)
branch  3 taken 0
      187:  236:		   NV cb = c - b, p, q;
      187:  237:		   if (a == c) { NV t1 = fb / fa; p = cb * t1; q = 1.0 - t1; }
      187:  237-block  0
branch  0 taken 119 (fallthrough)
branch  1 taken 68
      119:  237-block  1
        -:  238:		   else {
       68:  239:			   NV q0 = fa / fc, t1 = fb / fc, t2 = fb / fa;
       68:  240:			   p = t2 * (cb * q0 * (q0 - t1) - (b - a) * (t1 - 1.0));
       68:  241:			   q = (q0 - 1.0) * (t1 - 1.0) * (t2 - 1.0);
       68:  241-block  0
        -:  242:		   }
      187:  243:		   if (p > 0) q = -q; else p = -p;
      187:  243-block  0
branch  0 taken 73 (fallthrough)
branch  1 taken 114
       73:  243-block  1
      114:  243-block  2
      187:  244:		   if (p < 0.75 * cb * q - fabs(tol_act * q) / 2 && p < fabs(prev * q / 2)) step = p / q;
      187:  244-block  0
branch  0 taken 179 (fallthrough)
branch  1 taken 8
      179:  244-block  1
branch  2 taken 155 (fallthrough)
branch  3 taken 24
      155:  244-block  2
        -:  245:	  }
      187:  246:	  if (fabs(step) < tol_act) step = step > 0 ? tol_act : -tol_act;
      187:  246-block  0
branch  0 taken 25 (fallthrough)
branch  1 taken 162
       25:  246-block  1
branch  2 taken 9 (fallthrough)
branch  3 taken 16
        9:  246-block  2
       16:  246-block  3
       25:  246-block  4
      187:  247:	  a = b; fa = fb; b += step; fb = f(b, ctx);
      187:  247-block  0
call    0 returned 187
      187:  248:	  if ((fb > 0) == (fc > 0)) { c = a; fc = fa; }
branch  0 taken 119 (fallthrough)
branch  1 taken 68
      119:  248-block  0
        -:  249:	}
    #####:  250:	return b;
    %%%%%:  250-block  0
        -:  251:}
        -:  252:
        -:  253:typedef struct { const ft_support *S; NV target; NV *scratch; int mode; } ft_rc;
        -:  254:/* mode 0: mnhyper(t)-target      1: mnhyper(1/t)-target
        -:  255:   mode 2: pnhyper(x,t,low)-tgt   3: pnhyper(x,1/t,low)-tgt
        -:  256:   mode 4: pnhyper(x,t,up)-tgt    5: pnhyper(x,1/t,up)-tgt */
function ft_rootf called 245 returned 100% blocks executed 100%
      245:  257:static NV ft_rootf(NV t, void *ctx) {
      245:  258:	ft_rc *r = (ft_rc *)ctx; const ft_support *S = r->S;
      245:  259:	switch (r->mode) {
      245:  259-block  0
branch  0 taken 18
branch  1 taken 65
branch  2 taken 31
branch  3 taken 40
branch  4 taken 62
branch  5 taken 29
       18:  260:	  case 0: return ft_mnhyper(S, t, r->scratch) - r->target;
       18:  260-block  0
call    0 returned 18
       65:  261:	  case 1: return ft_mnhyper(S, 1.0 / t, r->scratch) - r->target;
       65:  261-block  0
call    0 returned 65
       31:  262:	  case 2: return ft_pnhyper(S, S->x, t, 0, r->scratch) - r->target;
       31:  262-block  0
call    0 returned 31
       40:  263:	  case 3: return ft_pnhyper(S, S->x, 1.0 / t, 0, r->scratch) - r->target;
       40:  263-block  0
call    0 returned 40
       62:  264:	  case 4: return ft_pnhyper(S, S->x, t, 1, r->scratch) - r->target;
       62:  264-block  0
call    0 returned 62
       29:  265:	  default:return ft_pnhyper(S, S->x, 1.0 / t, 1, r->scratch) - r->target;
       29:  265-block  0
call    0 returned 29
        -:  266:	}
        -:  267:}
        -:  268:
function exact_p_value called 13 returned 100% blocks executed 85%
       13:  269:static NV exact_p_value(long a, long b, long c, long d, const char *alt) {
        -:  270:	ft_support S;
      13*:  271:	if (!ft_init(&S, a, b, c, d)) return 1.0;
       13:  271-block  0
call    0 returned 13
branch  1 taken 0 (fallthrough)
branch  2 taken 13
    %%%%%:  271-block  1
      13*:  272:	NV *restrict sc; Newx(sc, S.ns, NV);
       13:  272-block  0
branch  0 taken 0 (fallthrough)
branch  1 taken 13
    %%%%%:  272-block  1
call    2 never executed
       13:  272-block  2
call    3 returned 13
        -:  273:	NV p;
       13:  274:	if (!strcmp(alt, "less"))         p = ft_pnhyper(&S, S.x, 1.0, 0, sc);
branch  0 taken 2 (fallthrough)
branch  1 taken 11
        2:  274-block  0
call    2 returned 2
       11:  275:	else if (!strcmp(alt, "greater")) p = ft_pnhyper(&S, S.x, 1.0, 1, sc);
       11:  275-block  0
branch  0 taken 2 (fallthrough)
branch  1 taken 9
        2:  275-block  1
call    2 returned 2
        -:  276:	else {
        9:  277:	  ft_dnhyper(&S, 1.0, sc);
        9:  277-block  0
call    0 returned 9
        9:  278:	  NV dx = sc[S.x - S.lo], relErr = 1 + 1e-7, s = 0;
       72:  279:	  for (long i = 0; i < S.ns; i++) if (sc[i] <= dx * relErr) s += sc[i];
       63:  279-block  0
branch  0 taken 30 (fallthrough)
branch  1 taken 33
       30:  279-block  1
       63:  279-block  2
       72:  279-block  3
branch  2 taken 63
branch  3 taken 9 (fallthrough)
        9:  280:	  p = s;
        9:  280-block  0
        -:  281:	}
      13*:  282:	if (p < 0) p = 0; if (p > 1) p = 1;
       13:  282-block  0
branch  0 taken 0 (fallthrough)
branch  1 taken 13
    %%%%%:  282-block  1
       13:  282-block  2
branch  2 taken 0 (fallthrough)
branch  3 taken 13
    %%%%%:  282-block  3
       13:  283:	Safefree(sc); ft_free(&S);
       13:  283-block  0
call    0 returned 13
call    1 returned 13
       13:  284:	return p;
        -:  285:}
        -:  286:
function calculate_exact_stats called 13 returned 100% blocks executed 79%
       13:  287:static void calculate_exact_stats(long a, long b, long c, long d, NV conf,
        -:  288:								  const char *alt, NV *orp, NV *lop, NV *hip) {
        -:  289:	ft_support S;
      13*:  290:	if (!ft_init(&S, a, b, c, d)) { *orp = NAN; *lop = NAN; *hip = NAN; return; }
       13:  290-block  0
call    0 returned 13
branch  1 taken 0 (fallthrough)
branch  2 taken 13
    %%%%%:  290-block  1
    %%%%%:  290-block  2
      13*:  291:	NV *restrict sc; Newx(sc, S.ns, NV);
       13:  291-block  0
branch  0 taken 0 (fallthrough)
branch  1 taken 13
    %%%%%:  291-block  1
call    2 never executed
       13:  291-block  2
call    3 returned 13
       13:  292:	long x = S.x, lo = S.lo, hi = S.hi;
        -:  293:
        -:  294:	// conditional MLE of the odds ratio
        -:  295:	NV est;
       13:  296:	if      (x == lo) est = 0.0;
branch  0 taken 1 (fallthrough)
branch  1 taken 12
        1:  296-block  0
       12:  297:	else if (x == hi) est = INFINITY;
       12:  297-block  0
branch  0 taken 2 (fallthrough)
branch  1 taken 10
        2:  297-block  1
        -:  298:	else {
       10:  299:	  NV mu = ft_mnhyper(&S, 1.0, sc);
       10:  299-block  0
call    0 returned 10
       10:  300:	  ft_rc r = { &S, (NV)x, sc, 0 };
       10:  301:	  if      (mu > x) { r.mode = 0; est = ft_zeroin(0, 1, ft_rootf, &r, FT_TOL, 1000); }
branch  0 taken 2 (fallthrough)
branch  1 taken 8
        2:  301-block  0
call    2 returned 2
        8:  302:	  else if (mu < x) { r.mode = 1; est = 1.0 / ft_zeroin(FT_EPS, 1, ft_rootf, &r, FT_TOL, 1000); }
        8:  302-block  0
branch  0 taken 8 (fallthrough)
branch  1 taken 0
        8:  302-block  1
call    2 returned 8
    #####:  303:	  else             est = 1.0;
    %%%%%:  303-block  0
        -:  304:	}
       13:  305:	*orp = est;
        -:  306:	// confidence interval via inversion of the noncentral hypergeometric
        -:  307:	NV clo, chi;
       13:  308:	ft_rc r = { &S, 0, sc, 0 };
        -:  309:	#define FT_NCP_L(alpha, dst) do {                                                    \
        -:  310:	  if (x == lo) { dst = 0.0; } else {                                               \
        -:  311:		   NV p = ft_pnhyper(&S, x, 1.0, 1, sc);                                     \
        -:  312:		   if (p > (alpha))      { r.mode = 4; r.target = (alpha); dst = ft_zeroin(0, 1, ft_rootf, &r, FT_TOL, 1000); } \
        -:  313:		   else if (p < (alpha)) { r.mode = 5; r.target = (alpha); dst = 1.0 / ft_zeroin(FT_EPS, 1, ft_rootf, &r, FT_TOL, 1000); } \
        -:  314:		   else dst = 1.0; } } while (0)
        -:  315:	#define FT_NCP_U(alpha, dst) do {                                                    \
        -:  316:	  if (x == hi) { dst = INFINITY; } else {                                          \
        -:  317:		   NV p = ft_pnhyper(&S, x, 1.0, 0, sc);                                     \
        -:  318:		   if (p < (alpha))      { r.mode = 2; r.target = (alpha); dst = ft_zeroin(0, 1, ft_rootf, &r, FT_TOL, 1000); } \
        -:  319:		   else if (p > (alpha)) { r.mode = 3; r.target = (alpha); dst = 1.0 / ft_zeroin(FT_EPS, 1, ft_rootf, &r, FT_TOL, 1000); } \
        -:  320:		   else dst = 1.0; } } while (0)
        -:  321:
      13*:  322:	if      (!strcmp(alt, "less"))    { clo = 0.0;            FT_NCP_U(1 - conf, chi); }
       13:  322-block  0
branch  0 taken 2 (fallthrough)
branch  1 taken 11
        2:  322-block  1
branch  2 taken 0 (fallthrough)
branch  3 taken 2
    %%%%%:  322-block  2
        2:  322-block  3
call    4 returned 2
branch  5 taken 1 (fallthrough)
branch  6 taken 1
        1:  322-block  4
call    7 returned 1
        1:  322-block  5
branch  8 taken 1 (fallthrough)
branch  9 taken 0
        1:  322-block  6
call   10 returned 1
    %%%%%:  322-block  7
      11*:  323:	else if (!strcmp(alt, "greater")) { FT_NCP_L(1 - conf, clo); chi = INFINITY; }
       11:  323-block  0
branch  0 taken 2 (fallthrough)
branch  1 taken 9
        2:  323-block  1
branch  2 taken 0 (fallthrough)
branch  3 taken 2
    %%%%%:  323-block  2
        2:  323-block  3
call    4 returned 2
branch  5 taken 2 (fallthrough)
branch  6 taken 0
        2:  323-block  4
call    7 returned 2
    %%%%%:  323-block  5
branch  8 never executed (fallthrough)
branch  9 never executed
    %%%%%:  323-block  6
call   10 never executed
    %%%%%:  323-block  7
        2:  323-block  8
       9*:  324:	else { NV al = (1 - conf) / 2; FT_NCP_L(al, clo); FT_NCP_U(al, chi); }
        9:  324-block  0
branch  0 taken 1 (fallthrough)
branch  1 taken 8
        1:  324-block  1
        8:  324-block  2
call    2 returned 8
branch  3 taken 5 (fallthrough)
branch  4 taken 3
        5:  324-block  3
call    5 returned 5
        3:  324-block  4
branch  6 taken 3 (fallthrough)
branch  7 taken 0
        3:  324-block  5
call    8 returned 3
    %%%%%:  324-block  6
        9:  324-block  7
branch  9 taken 2 (fallthrough)
branch 10 taken 7
        2:  324-block  8
        7:  324-block  9
call   11 returned 7
branch 12 taken 2 (fallthrough)
branch 13 taken 5
        2:  324-block 10
call   14 returned 2
        5:  324-block 11
branch 15 taken 5 (fallthrough)
branch 16 taken 0
        5:  324-block 12
call   17 returned 5
    %%%%%:  324-block 13
        -:  325:
       13:  326:	*lop = clo; *hip = chi;
       13:  327:	Safefree(sc); ft_free(&S);
       13:  327-block  0
call    0 returned 13
call    1 returned 13
        -:  328:}
        -:  329:
        -:  330:// small helper: fetch a nonnegative integer cell from an SV, with validation
function ft_cell called 56 returned 98% blocks executed 82%
       56:  331:static long ft_cell(pTHX_ SV *sv, const char *what) {
      56*:  332:	if (!sv || !SvOK(sv)) croak("fisher_test: %s is undef", what);
       56:  332-block  0
branch  0 taken 56 (fallthrough)
branch  1 taken 0
       56:  332-block  1
branch  2 taken 0 (fallthrough)
branch  3 taken 56
    %%%%%:  332-block  2
call    4 never executed
      56*:  333:	if (!looks_like_number(sv)) croak("fisher_test: %s is not a number", what);
       56:  333-block  0
call    0 returned 56
branch  1 taken 0 (fallthrough)
branch  2 taken 56
    %%%%%:  333-block  1
call    3 never executed
       56:  334:	IV v = SvIV(sv);
       56:  334-block  0
call    0 returned 56
       56:  335:	if (v < 0) croak("fisher_test: %s must be nonnegative (got %" IVdf ")", what, v);
branch  0 taken 1 (fallthrough)
branch  1 taken 55
        1:  335-block  0
call    2 returned 0
       55:  336:	return (long)v;
       55:  336-block  0
        -:  337:}
        -:  338:
        -:  339:/*Helpers for lm Linear Regression: OLS Matrix Math & Formula Parsing
        -:  340: * -----------------------------------------------------------------------
        -:  341: Sweep operator for symmetric positive-definite matrices (e.g., XtX).
        -:  342: This gracefully handles collinearity by bypassing aliased columns.
        -:  343: Utilizes a relative tolerance check to prevent dropping micro-variance features.*/
function sweep_matrix_ols called 173 returned 100% blocks executed 100%
      173:  344:static int sweep_matrix_ols(NV *restrict A, size_t n, bool *restrict aliased) {
      173:  345:	int rank = 0;
      173:  346:	NV *restrict orig_diag = (NV*)safemalloc(n * sizeof(NV));
      173:  346-block  0
call    0 returned 173
        -:  347:	// Save the original diagonal values to use as a baseline for relative variance
      799:  348:	for (size_t k = 0; k < n; k++) {
      799:  348-block  0
branch  0 taken 626
branch  1 taken 173 (fallthrough)
      626:  349:		aliased[k] = FALSE;
      626:  350:		orig_diag[k] = A[k * n + k];
      626:  350-block  0
        -:  351:	}
      799:  352:	for (size_t k = 0; k < n; k++) {
      173:  352-block  0
      626:  352-block  1
      799:  352-block  2
branch  0 taken 626
branch  1 taken 173 (fallthrough)
        -:  353:		// Check pivot for collinearity using a RELATIVE tolerance
        -:  354:		// (Fallback to a tiny absolute tolerance of 1e-24 to catch literal zero vectors)
      626:  355:		if (fabs(A[k * n + k]) <= 1e-10 * orig_diag[k] || fabs(A[k * n + k]) < 1e-24) {
      626:  355-block  0
branch  0 taken 576 (fallthrough)
branch  1 taken 50
      576:  355-block  1
branch  2 taken 0 (fallthrough)
branch  3 taken 576
       50:  356:			aliased[k] = TRUE;
        -:  357:			// Isolate this column so it doesn't affect the rest of the matrix
     2504:  358:			for (size_t i = 0; i < n; i++) { 
       50:  358-block  0
     2504:  358-block  1
branch  0 taken 2454
branch  1 taken 50 (fallthrough)
     2454:  359:				A[k * n + i] = 0.0; 
     2454:  360:				A[i * n + k] = 0.0; 
     2454:  360-block  0
        -:  361:			}
       50:  362:			continue;
       50:  362-block  0
        -:  363:		}
      576:  364:		rank++;
      576:  365:		NV pivot = 1.0 / A[k * n + k];
      576:  366:		A[k * n + k] = 1.0;
     2954:  367:		for (size_t j = 0; j < n; j++) A[k * n + j] *= pivot;
      576:  367-block  0
     2378:  367-block  1
     2954:  367-block  2
branch  0 taken 2378
branch  1 taken 576 (fallthrough)
     2954:  368:		for (size_t i = 0; i < n; i++) {
      576:  368-block  0
     2378:  368-block  1
     2954:  368-block  2
branch  0 taken 2378
branch  1 taken 576 (fallthrough)
     2378:  369:			if (i != k && A[i * n + k] != 0.0) {
     2378:  369-block  0
branch  0 taken 1802 (fallthrough)
branch  1 taken 576
     1802:  369-block  1
branch  2 taken 1796 (fallthrough)
branch  3 taken 6
     1796:  370:				  NV factor = A[i * n + k];
     1796:  371:				  A[i * n + k] = 0.0;
    16802:  372:				  for (size_t j = 0; j < n; j++) {
     1796:  372-block  0
    16802:  372-block  1
branch  0 taken 15006
branch  1 taken 1796 (fallthrough)
    15006:  373:					   A[i * n + j] -= factor * A[k * n + j];
    15006:  373-block  0
        -:  374:				  }
        -:  375:			}
        -:  376:		}
        -:  377:	}
      173:  378:	Safefree(orig_diag);
      173:  378-block  0
call    0 returned 173
      173:  379:	return rank;
        -:  380:}
        -:  381:
        -:  382:// Internal extractor resolving single data values. Returns NAN on missing or non-numeric.
function get_data_value called 5211 returned 100% blocks executed 100%
     5211:  383:static NV get_data_value(pTHX_ HV *restrict data_hoa, HV **restrict row_hashes, unsigned int i, const char *restrict var) {
     5211:  384:	SV **restrict val = NULL;
     5211:  385:	if (row_hashes) {
     5211:  385-block  0
branch  0 taken 1205 (fallthrough)
branch  1 taken 4006
     1205:  386:		val = hv_fetch(row_hashes[i], var, strlen(var), 0);
     1205:  386-block  0
call    0 returned 1205
     1205:  387:		if (val && SvROK(*val) && SvTYPE(SvRV(*val)) == SVt_PVAV) {
branch  0 taken 1205 (fallthrough)
branch  1 taken 0
     1205:  387-block  0
branch  2 taken 1184 (fallthrough)
branch  3 taken 21
     1184:  387-block  1
branch  4 taken 1184 (fallthrough)
branch  5 taken 0
     1184:  388:			AV*restrict av = (AV*)SvRV(*val);
     1184:  389:			val = av_fetch(av, 0, 0);
     1184:  389-block  0
call    0 returned 1184
        -:  390:		}
     4006:  391:	} else if (data_hoa) {
     4006:  391-block  0
branch  0 taken 4006 (fallthrough)
branch  1 taken 0
     4006:  392:		SV**restrict col = hv_fetch(data_hoa, var, strlen(var), 0);
     4006:  392-block  0
call    0 returned 4006
     4006:  393:		if (col && SvROK(*col) && SvTYPE(SvRV(*col)) == SVt_PVAV) {
branch  0 taken 4006 (fallthrough)
branch  1 taken 0
     4006:  393-block  0
branch  2 taken 4006 (fallthrough)
branch  3 taken 0
     4006:  393-block  1
branch  4 taken 4006 (fallthrough)
branch  5 taken 0
     4006:  394:			AV*restrict av = (AV*)SvRV(*col);
     4006:  395:			val = av_fetch(av, i, 0);
     4006:  395-block  0
call    0 returned 4006
        -:  396:		}
        -:  397:	}
     5211:  398:	if (val && SvOK(*val)) {
     5211:  398-block  0
branch  0 taken 5211 (fallthrough)
branch  1 taken 0
     5211:  398-block  1
branch  2 taken 5207 (fallthrough)
branch  3 taken 4
     5207:  399:		if (looks_like_number(*val)) return SvNV(*val);
     5207:  399-block  0
call    0 returned 5207
branch  1 taken 5158 (fallthrough)
branch  2 taken 49
     5158:  399-block  1
call    3 returned 5158
       49:  400:		return NAN; // Catch strings like "blue"
       49:  400-block  0
        -:  401:	}
        4:  402:	return NAN; // Catch undef/missing keys
        4:  402-block  0
        -:  403:}
        -:  404:
        -:  405:// Helper: Get all available columns for the '.' operator expansion
function get_all_columns called 9 returned 100% blocks executed 52%
        9:  406:static AV* get_all_columns(pTHX_ HV *restrict data_hoa, HV **restrict row_hashes, size_t n) {
        9:  407:	AV *restrict cols = newAV();
        9:  407-block  0
call    0 returned 9
        9:  408:	if (data_hoa) {
branch  0 taken 9 (fallthrough)
branch  1 taken 0
        9:  409:		hv_iterinit(data_hoa);
        9:  409-block  0
call    0 returned 9
        -:  410:		HE *restrict entry;
       33:  411:		while ((entry = hv_iternext(data_hoa))) {
       33:  411-block  0
call    0 returned 33
branch  1 taken 24
branch  2 taken 9
       24:  412:			av_push(cols, newSVsv(hv_iterkeysv(entry)));
       24:  412-block  0
call    0 returned 24
call    1 returned 24
call    2 returned 24
        -:  413:		}
    #####:  414:	} else if (row_hashes && n > 0 && row_hashes[0]) {
    %%%%%:  414-block  0
branch  0 never executed (fallthrough)
branch  1 never executed
    %%%%%:  414-block  1
branch  2 never executed (fallthrough)
branch  3 never executed
    %%%%%:  414-block  2
branch  4 never executed (fallthrough)
branch  5 never executed
    #####:  415:		hv_iterinit(row_hashes[0]);
    %%%%%:  415-block  0
call    0 never executed
        -:  416:		HE *restrict entry;
    #####:  417:		while ((entry = hv_iternext(row_hashes[0]))) {
    %%%%%:  417-block  0
call    0 never executed
branch  1 never executed
branch  2 never executed (fallthrough)
    #####:  418:			av_push(cols, newSVsv(hv_iterkeysv(entry)));
    %%%%%:  418-block  0
call    0 never executed
call    1 never executed
call    2 never executed
        -:  419:		}
        -:  420:	}
        9:  421:	return cols;
        9:  421-block  0
        -:  422:}
        -:  423:
        -:  424:// Recursive formula resolver with tightened NaN and Null handling
function evaluate_term called 5253 returned 100% blocks executed 86%
     5253:  425:static NV evaluate_term(pTHX_ HV *restrict data_hoa, HV **restrict row_hashes, unsigned int i, const char *restrict term) {
    5253*:  426:	if (!term || term[0] == '\0') return NAN;
     5253:  426-block  0
branch  0 taken 5253 (fallthrough)
branch  1 taken 0
     5253:  426-block  1
branch  2 taken 0 (fallthrough)
branch  3 taken 5253
    %%%%%:  426-block  2
        -:  427:
     5253:  428:	char *restrict term_cpy = savepv(term); 
     5253:  428-block  0
call    0 returned 5253
     5253:  429:	char *restrict colon = strchr(term_cpy, ':');
     5253:  430:	if (colon) {
branch  0 taken 42 (fallthrough)
branch  1 taken 5211
       42:  431:		*colon = '\0';
       42:  432:		NV left = evaluate_term(aTHX_ data_hoa, row_hashes, i, term_cpy);
       42:  432-block  0
call    0 returned 42
       42:  433:		NV right = evaluate_term(aTHX_ data_hoa, row_hashes, i, colon + 1);
call    0 returned 42
       42:  434:		Safefree(term_cpy); 
call    0 returned 42
      42*:  435:		if (isnan(left) || isnan(right)) return NAN;
branch  0 taken 42 (fallthrough)
branch  1 taken 0
       42:  435-block  0
branch  2 taken 0 (fallthrough)
branch  3 taken 42
    %%%%%:  435-block  1
       42:  436:		return left * right;
       42:  436-block  0
        -:  437:	}
     5211:  438:	if (strncmp(term_cpy, "I(", 2) == 0) {
     5211:  438-block  0
branch  0 taken 10 (fallthrough)
branch  1 taken 5201
       10:  439:		char *restrict end = strrchr(term_cpy, ')');
       10:  440:		if (end) *end = '\0';
       10:  440-block  0
branch  0 taken 10 (fallthrough)
branch  1 taken 0
       10:  440-block  1
       10:  441:		char *restrict inner = term_cpy + 2;
       10:  442:		char *restrict caret = strchr(inner, '^');
       10:  443:		int power = 1;
       10:  444:		if (caret) {
       10:  444-block  0
branch  0 taken 10 (fallthrough)
branch  1 taken 0
       10:  445:			*caret = '\0';
       10:  446:			power = atoi(caret + 1);
       10:  446-block  0
        -:  447:		}
       10:  448:		NV v = get_data_value(aTHX_ data_hoa, row_hashes, i, inner);
       10:  448-block  0
call    0 returned 10
       10:  449:		Safefree(term_cpy); 
call    0 returned 10
        -:  450:
      10*:  451:		if (isnan(v)) return NAN;
branch  0 taken 0 (fallthrough)
branch  1 taken 10
    %%%%%:  451-block  0
      10*:  452:		return power == 1 ? v : pow(v, power);
       10:  452-block  0
branch  0 taken 10 (fallthrough)
branch  1 taken 0
       10:  452-block  1
    %%%%%:  452-block  2
       10:  452-block  3
        -:  453:	}
     5201:  454:	NV result = get_data_value(aTHX_ data_hoa, row_hashes, i, term_cpy);
     5201:  454-block  0
call    0 returned 5201
     5201:  455:	Safefree(term_cpy); 
call    0 returned 5201
     5201:  456:	return result;
        -:  457:}
        -:  458:
        -:  459:// Helper to infer column type from its first valid element
function is_column_categorical called 139 returned 100% blocks executed 100%
      139:  460:static bool is_column_categorical(pTHX_ HV *restrict data_hoa, HV **restrict row_hashes, size_t n, const char *restrict var) {
      181:  461:	for (size_t i = 0; i < n; i++) {
      139:  461-block  0
       42:  461-block  1
      181:  461-block  2
branch  0 taken 178
branch  1 taken 3 (fallthrough)
      178:  462:		SV **restrict val = NULL;
      178:  463:		if (row_hashes) {
      178:  463-block  0
branch  0 taken 57 (fallthrough)
branch  1 taken 121
       57:  464:			val = hv_fetch(row_hashes[i], var, strlen(var), 0);
       57:  464-block  0
call    0 returned 57
       57:  465:			if (val && SvROK(*val) && SvTYPE(SvRV(*val)) == SVt_PVAV) {
branch  0 taken 25 (fallthrough)
branch  1 taken 32
       25:  465-block  0
branch  2 taken 23 (fallthrough)
branch  3 taken 2
       23:  465-block  1
branch  4 taken 23 (fallthrough)
branch  5 taken 0
       23:  466:				 AV*restrict av = (AV*)SvRV(*val);
       23:  467:				 val = av_fetch(av, 0, 0);
       23:  467-block  0
call    0 returned 23
        -:  468:			}
      121:  469:		} else if (data_hoa) {
      121:  469-block  0
branch  0 taken 121 (fallthrough)
branch  1 taken 0
      121:  470:			SV **restrict col = hv_fetch(data_hoa, var, strlen(var), 0);
      121:  470-block  0
call    0 returned 121
      121:  471:			if (col && SvROK(*col) && SvTYPE(SvRV(*col)) == SVt_PVAV) {
branch  0 taken 111 (fallthrough)
branch  1 taken 10
      111:  471-block  0
branch  2 taken 111 (fallthrough)
branch  3 taken 0
      111:  471-block  1
branch  4 taken 111 (fallthrough)
branch  5 taken 0
      111:  472:				 AV*restrict av = (AV*)SvRV(*col);
      111:  473:				 val = av_fetch(av, i, 0);
      111:  473-block  0
call    0 returned 111
        -:  474:			}
        -:  475:		}
      178:  476:		if (val && SvOK(*val)) {
      178:  476-block  0
branch  0 taken 136 (fallthrough)
branch  1 taken 42
      136:  476-block  1
branch  2 taken 136 (fallthrough)
branch  3 taken 0
      136:  477:			if (looks_like_number(*val)) return FALSE; // First valid is number -> Numeric Column
      136:  477-block  0
call    0 returned 136
branch  1 taken 120 (fallthrough)
branch  2 taken 16
      120:  477-block  1
       16:  478:			return TRUE; // First valid is string -> Categorical Column
       16:  478-block  0
        -:  479:		}
        -:  480:	}
        3:  481:	return FALSE;
        3:  481-block  0
        -:  482:}
        -:  483:
        -:  484:/* Internal extractor resolving single data string values using dynamic allocation. */
function get_data_string_alloc called 718 returned 100% blocks executed 84%
      718:  485:static char* get_data_string_alloc(pTHX_ HV *restrict data_hoa, HV **restrict row_hashes, size_t i, const char *restrict var) {
      718:  486:	SV **restrict val = NULL;
      718:  487:	if (row_hashes) {
      718:  487-block  0
branch  0 taken 5 (fallthrough)
branch  1 taken 713
        5:  488:		val = hv_fetch(row_hashes[i], var, strlen(var), 0);
        5:  488-block  0
call    0 returned 5
       5*:  489:		if (val && SvROK(*val) && SvTYPE(SvRV(*val)) == SVt_PVAV) {
branch  0 taken 5 (fallthrough)
branch  1 taken 0
        5:  489-block  0
branch  2 taken 0 (fallthrough)
branch  3 taken 5
    %%%%%:  489-block  1
branch  4 never executed (fallthrough)
branch  5 never executed
    #####:  490:			AV*restrict av = (AV*)SvRV(*val);
    #####:  491:			val = av_fetch(av, 0, 0);
    %%%%%:  491-block  0
call    0 never executed
        -:  492:		}
      713:  493:	} else if (data_hoa) {
      713:  493-block  0
branch  0 taken 713 (fallthrough)
branch  1 taken 0
      713:  494:		SV **restrict col = hv_fetch(data_hoa, var, strlen(var), 0);
      713:  494-block  0
call    0 returned 713
      713:  495:		if (col && SvROK(*col) && SvTYPE(SvRV(*col)) == SVt_PVAV) {
branch  0 taken 713 (fallthrough)
branch  1 taken 0
      713:  495-block  0
branch  2 taken 713 (fallthrough)
branch  3 taken 0
      713:  495-block  1
branch  4 taken 713 (fallthrough)
branch  5 taken 0
      713:  496:			AV*restrict av = (AV*)SvRV(*col);
      713:  497:			val = av_fetch(av, i, 0);
      713:  497-block  0
call    0 returned 713
        -:  498:		}
        -:  499:	}
      718:  500:	if (val && SvOK(*val)) {
      718:  500-block  0
branch  0 taken 718 (fallthrough)
branch  1 taken 0
      718:  500-block  1
branch  2 taken 718 (fallthrough)
branch  3 taken 0
      718:  501:		return savepv(SvPV_nolen(*val)); /* Allocates and returns string */
      718:  501-block  0
call    0 returned 718
call    1 returned 718
        -:  502:	}
    #####:  503:	return NULL;
    %%%%%:  503-block  0
        -:  504:}
        -:  505:
        -:  506:// Struct for sorting p-values while remembering their original index
        -:  507:typedef struct {
        -:  508:	NV p;
        -:  509:	size_t orig_idx;
        -:  510:} PVal;
        -:  511:
        -:  512:// Comparator for qsort
function cmp_pval called 1519 returned 100% blocks executed 83%
     1519:  513:static int cmp_pval(const void *restrict a, const void *restrict b) {
     1519:  514:	NV diff = ((PVal*)a)->p - ((PVal*)b)->p;
     1519:  515:	if (diff < 0) return -1;
     1519:  515-block  0
branch  0 taken 707 (fallthrough)
branch  1 taken 812
      707:  515-block  1
      812:  516:	if (diff > 0) return 1;
      812:  516-block  0
branch  0 taken 812 (fallthrough)
branch  1 taken 0
      812:  516-block  1
        -:  517:	/* Stabilize sort by falling back to original index */
    #####:  518:	return ((PVal*)a)->orig_idx - ((PVal*)b)->orig_idx; 
    %%%%%:  518-block  0
        -:  519:}
        -:  520:/* -----------------------------------------------------------------------
        -:  521: * Helpers for cor(): ranking (Spearman), Pearson r, Kendall tau-b
        -:  522: * ----------------------------------------------------------------------- */
        -:  523:/* Item used to sort values while remembering their original index,
        -:  524: * needed for average-rank tie-breaking in Spearman correlation.        */
        -:  525:typedef struct {
        -:  526:	NV val;
        -:  527:	size_t idx;
        -:  528:} RankItem;
        -:  529:
function cmp_rank_item called 57 returned 100% blocks executed 100%
       57:  530:static int cmp_rank_item(const void *restrict a, const void *restrict b) {
       57:  531:	NV diff = ((RankItem*)a)->val - ((RankItem*)b)->val;
       57:  532:	if (diff < 0) return -1;
       57:  532-block  0
branch  0 taken 53 (fallthrough)
branch  1 taken 4
       53:  532-block  1
        4:  533:	if (diff > 0) return  1;
        4:  533-block  0
branch  0 taken 3 (fallthrough)
branch  1 taken 1
        3:  533-block  1
        1:  534:	return 0;
        1:  534-block  0
        -:  535:}
        -:  536:
        -:  537:/* Compute 1-based average ranks with tie-breaking into out[].
        -:  538: * in[] is not modified.                                                 */
function rank_data called 8 returned 100% blocks executed 95%
        8:  539:static void rank_data(const NV *restrict in, NV *restrict out, size_t n) {
        -:  540:	RankItem *restrict ri;
       8*:  541:	Newx(ri, n, RankItem);
        8:  541-block  0
branch  0 taken 0 (fallthrough)
branch  1 taken 8
    %%%%%:  541-block  1
call    2 never executed
        8:  541-block  2
call    3 returned 8
       56:  542:	for (size_t i = 0; i < n; i++) { ri[i].val = in[i]; ri[i].idx = i; }
       48:  542-block  0
       56:  542-block  1
branch  0 taken 48
branch  1 taken 8 (fallthrough)
        8:  543:	qsort(ri, n, sizeof(RankItem), cmp_rank_item);
        8:  543-block  0
call    0 returned 8
        -:  544:
        8:  545:	size_t i = 0;
       55:  546:	while (i < n) {
       55:  546-block  0
branch  0 taken 47
branch  1 taken 8 (fallthrough)
       47:  547:		size_t j = i;
        -:  548:		/* Find the full extent of this tie group */
       48:  549:		while (j + 1 < n && ri[j + 1].val == ri[j].val) j++;
       47:  549-block  0
        1:  549-block  1
       48:  549-block  2
branch  0 taken 40 (fallthrough)
branch  1 taken 8
       40:  549-block  3
branch  2 taken 1
branch  3 taken 39 (fallthrough)
        -:  550:		/* All members get the average of ranks i+1 … j+1 (1-based) */
       47:  551:		NV avg = (NV)(i + j) / 2.0 + 1.0;
       95:  552:		for (size_t k = i; k <= j; k++) out[ri[k].idx] = avg;
       47:  552-block  0
       48:  552-block  1
       95:  552-block  2
branch  0 taken 48
branch  1 taken 47 (fallthrough)
       47:  553:		i = j + 1;
       47:  553-block  0
        -:  554:	}
        8:  555:	Safefree(ri);
        8:  555-block  0
call    0 returned 8
        8:  556:}
        -:  557:
        -:  558:/* Pearson product-moment r between two n-element arrays.
        -:  559: * Returns NAN when either variable has zero variance (matches R).       */
function pearson_corr called 61 returned 100% blocks executed 86%
       61:  560:static NV pearson_corr(const NV *restrict x, const NV *restrict y, size_t n) {
       61:  561:	NV sx = 0, sy = 0, sxy = 0, sx2 = 0, sy2 = 0;
      364:  562:	for (size_t i = 0; i < n; i++) {
       61:  562-block  0
      364:  562-block  1
branch  0 taken 303
branch  1 taken 61 (fallthrough)
      303:  563:	  sx  += x[i];     sy  += y[i];
      303:  564:	  sxy += x[i]*y[i]; sx2 += x[i]*x[i]; sy2 += y[i]*y[i];
      303:  564-block  0
        -:  565:	}
       61:  566:	NV num = (NV)n * sxy - sx * sy;
       61:  567:	NV den = sqrt(((NV)n * sx2 - sx*sx) * ((NV)n * sy2 - sy*sy));
      61*:  568:	if (den == 0.0) return NAN;
       61:  568-block  0
branch  0 taken 0 (fallthrough)
branch  1 taken 61
    %%%%%:  568-block  1
       61:  569:	return num / den;
       61:  569-block  0
        -:  570:}
        -:  571:
        -:  572:/* Kendall's tau-b between two n-element arrays.
        -:  573:
        -:  574: *   tau-b = (C − D) / sqrt((C + D + T_x)(C + D + T_y))
        -:  575: *
        -:  576: * where C = concordant pairs, D = discordant, T_x = pairs tied only on
        -:  577: * x, T_y = pairs tied only on y.  Joint ties (both zero) are excluded
        -:  578: * from numerator and denominator, matching R's cor(method="kendall").
        -:  579: * Returns NAN when the denominator is zero.                             */
function kendall_tau_b called 1 returned 100% blocks executed 80%
        1:  580:static NV kendall_tau_b(const NV *restrict x, const NV *restrict y, unsigned int n) {
        1:  581:	size_t C = 0, D = 0, tie_x = 0, tie_y = 0;
        9:  582:	for (size_t i = 0; i < n - 1; i++) {
        1:  582-block  0
        8:  582-block  1
        9:  582-block  2
branch  0 taken 8
branch  1 taken 1 (fallthrough)
       44:  583:		for (size_t j = i + 1; j < n; j++) {
        8:  583-block  0
       36:  583-block  1
       44:  583-block  2
branch  0 taken 36
branch  1 taken 8 (fallthrough)
       36:  584:			int sx = (x[i] > x[j]) - (x[i] < x[j]);   /* sign of x[i]-x[j] */
       36:  585:			int sy = (y[i] > y[j]) - (y[i] < y[j]);
      36*:  586:			if      (sx == 0 && sy == 0) { /* joint tie — not counted */ }
       36:  586-block  0
branch  0 taken 1 (fallthrough)
branch  1 taken 35
        1:  586-block  1
branch  2 taken 0 (fallthrough)
branch  3 taken 1
    %%%%%:  586-block  2
       36:  587:			else if (sx == 0)            tie_x++;
       36:  587-block  0
branch  0 taken 1 (fallthrough)
branch  1 taken 35
        1:  587-block  1
      35*:  588:			else if (sy == 0)            tie_y++;
       35:  588-block  0
branch  0 taken 0 (fallthrough)
branch  1 taken 35
    %%%%%:  588-block  1
       35:  589:			else if (sx == sy)           C++;
       35:  589-block  0
branch  0 taken 35 (fallthrough)
branch  1 taken 0
       35:  589-block  1
    #####:  590:			else                         D++;
    %%%%%:  590-block  0
        -:  591:		}
        -:  592:	}
        1:  593:	NV denom = sqrt((NV)(C + D + tie_x) * (NV)(C + D + tie_y));
       1*:  594:	if (denom == 0.0) return NAN;
        1:  594-block  0
branch  0 taken 0 (fallthrough)
branch  1 taken 1
    %%%%%:  594-block  1
        1:  595:	return (NV)(C - D) / denom;
        1:  595-block  0
        -:  596:}
        -:  597:
        -:  598:/* Single dispatch: compute correlation according to method string.
        -:  599: * Allocates and frees temporary rank arrays internally for Spearman.   */
function compute_cor called 62 returned 100% blocks executed 89%
       62:  600:static NV compute_cor(const NV *restrict x, const NV *restrict y,
        -:  601:						   size_t n, const char *restrict method) {
       62:  602:	if (strcmp(method, "spearman") == 0) {
       62:  602-block  0
branch  0 taken 3 (fallthrough)
branch  1 taken 59
        -:  603:	  NV *restrict rx, *restrict ry;
       3*:  604:	  Newx(rx, n, NV); Newx(ry, n, NV);
        3:  604-block  0
branch  0 taken 0 (fallthrough)
branch  1 taken 3
    %%%%%:  604-block  1
call    2 never executed
        3:  604-block  2
call    3 returned 3
branch  4 taken 0 (fallthrough)
branch  5 taken 3
    %%%%%:  604-block  3
call    6 never executed
        3:  604-block  4
call    7 returned 3
        3:  605:	  rank_data(x, rx, n);
call    0 returned 3
        3:  606:	  rank_data(y, ry, n);
call    0 returned 3
        3:  607:	  NV r = pearson_corr(rx, ry, n);
call    0 returned 3
        3:  608:	  Safefree(rx); Safefree(ry);
call    0 returned 3
call    1 returned 3
        3:  609:	  return r;
        -:  610:	}
       59:  611:	if (strcmp(method, "kendall") == 0)
       59:  611-block  0
branch  0 taken 1 (fallthrough)
branch  1 taken 58
        1:  612:	  return kendall_tau_b(x, y, n);
        1:  612-block  0
call    0 returned 1
        -:  613:	/* default: pearson */
       58:  614:	return pearson_corr(x, y, n);
       58:  614-block  0
call    0 returned 58
        -:  615:}
        -:  616:
        -:  617:// Math macros
        -:  618:#define MAX_ITER 500
        -:  619:#define EPS 3.0e-15
        -:  620:#define FPMIN 1.0e-30
        -:  621:
function _incbeta_cf called 8641 returned 100% blocks executed 71%
     8641:  622:static NV _incbeta_cf(NV a, NV b, NV x) {
        -:  623:	int m;
        -:  624:	NV aa, c, d, del, h, qab, qam, qap;
     8641:  625:	qab = a + b; qap = a + 1.0; qam = a - 1.0;
     8641:  626:	c = 1.0; d = 1.0 - qab * x / qap;
    8641*:  627:	if (fabs(d) < FPMIN) d = FPMIN;
     8641:  627-block  0
branch  0 taken 0 (fallthrough)
branch  1 taken 8641
    %%%%%:  627-block  1
     8641:  628:	d = 1.0 / d; h = d;
   184762:  629:	for (m = 1; m <= MAX_ITER; m++) {
     8641:  629-block  0
   176121:  629-block  1
   184762:  629-block  2
branch  0 taken 184759
branch  1 taken 3 (fallthrough)
   184759:  630:	  int m2 = 2 * m;
   184759:  631:	  aa = m * (b - m) * x / ((qam + m2) * (a + m2));
   184759:  632:	  d = 1.0 + aa * d;
  184759*:  633:	  if (fabs(d) < FPMIN) d = FPMIN;
   184759:  633-block  0
branch  0 taken 0 (fallthrough)
branch  1 taken 184759
    %%%%%:  633-block  1
   184759:  634:	  c = 1.0 + aa / c;
  184759*:  635:	  if (fabs(c) < FPMIN) c = FPMIN;
   184759:  635-block  0
branch  0 taken 0 (fallthrough)
branch  1 taken 184759
    %%%%%:  635-block  1
   184759:  636:	  d = 1.0 / d; h *= d * c;
   184759:  637:	  aa = -(a + m) * (qab + m) * x / ((a + m2) * (qap + m2));
   184759:  638:	  d = 1.0 + aa * d;
  184759*:  639:	  if (fabs(d) < FPMIN) d = FPMIN;
   184759:  639-block  0
branch  0 taken 0 (fallthrough)
branch  1 taken 184759
    %%%%%:  639-block  1
   184759:  640:	  c = 1.0 + aa / c;
  184759*:  641:	  if (fabs(c) < FPMIN) c = FPMIN;
   184759:  641-block  0
branch  0 taken 0 (fallthrough)
branch  1 taken 184759
    %%%%%:  641-block  1
   184759:  642:	  d = 1.0 / d; del = d * c; h *= del;
   184759:  643:	  if (fabs(del - 1.0) < EPS) break;
   184759:  643-block  0
branch  0 taken 8638 (fallthrough)
branch  1 taken 176121
     8638:  643-block  1
        -:  644:	}
     8641:  645:	return h;
     8641:  645-block  0
        -:  646:}
        -:  647:
function incbeta called 8710 returned 100% blocks executed 100%
     8710:  648:static NV incbeta(NV a, NV b, NV x) {
     8710:  649:	if (x <= 0.0) return 0.0;
     8710:  649-block  0
branch  0 taken 27 (fallthrough)
branch  1 taken 8683
       27:  649-block  1
     8683:  650:	if (x >= 1.0) return 1.0;
     8683:  650-block  0
branch  0 taken 42 (fallthrough)
branch  1 taken 8641
       42:  650-block  1
     8641:  651:	NV bt = exp(lgamma(a + b) - lgamma(a) - lgamma(b) + a * log(x) + b * log(1.0 - x));
     8641:  652:	if (x < (a + 1.0) / (a + b + 2.0)) return bt * _incbeta_cf(a, b, x) / a;
     8641:  652-block  0
branch  0 taken 7039 (fallthrough)
branch  1 taken 1602
     7039:  652-block  1
call    2 returned 7039
     1602:  653:	return 1.0 - bt * _incbeta_cf(b, a, 1.0 - x) / b;
     1602:  653-block  0
call    0 returned 1602
        -:  654:}
        -:  655:
function get_t_pvalue called 8400 returned 100% blocks executed 92%
     8400:  656:static NV get_t_pvalue(NV t, NV df, const char*restrict alt) {
     8400:  657:	NV x = df / (df + t * t);
     8400:  658:	NV prob_2tail = incbeta(df / 2.0, 0.5, x);
     8400:  658-block  0
call    0 returned 8400
     8400:  659:	if (strcmp(alt, "less") == 0) return (t < 0) ? 0.5 * prob_2tail : 1.0 - 0.5 * prob_2tail;
branch  0 taken 2 (fallthrough)
branch  1 taken 8398
        2:  659-block  0
branch  2 taken 1 (fallthrough)
branch  3 taken 1
        1:  659-block  1
        1:  659-block  2
        2:  659-block  3
    8398*:  660:	if (strcmp(alt, "greater") == 0) return (t > 0) ? 0.5 * prob_2tail : 1.0 - 0.5 * prob_2tail;
     8398:  660-block  0
branch  0 taken 8248 (fallthrough)
branch  1 taken 150
     8248:  660-block  1
branch  2 taken 8248 (fallthrough)
branch  3 taken 0
     8248:  660-block  2
    %%%%%:  660-block  3
     8248:  660-block  4
      150:  661:	return prob_2tail;
      150:  661-block  0
        -:  662:}
        -:  663:
        -:  664:// Bisection algorithm to find the inverse t-distribution (Critical t-value)
function qt_tail called 277 returned 100% blocks executed 94%
      277:  665:static NV qt_tail(NV df, NV p_tail) {
      277:  666:	NV low = 0.0, high = 1.0;
        -:  667:	// Find upper bound
      661:  668:	while (get_t_pvalue(high, df, "greater") > p_tail) {
      277:  668-block  0
      661:  668-block  1
call    0 returned 661
branch  1 taken 384
branch  2 taken 277 (fallthrough)
      384:  669:	  low = high;
      384:  670:	  high *= 2.0;
     384*:  671:	  if (high > 1000000.0) break; /* Fallback limit */
      384:  671-block  0
branch  0 taken 0 (fallthrough)
branch  1 taken 384
    %%%%%:  671-block  1
        -:  672:	}
        -:  673:	// Bisect to find the root
     7586:  674:	for (unsigned short int i = 0; i < 100; i++) {
      277:  674-block  0
     7309:  674-block  1
     7586:  674-block  2
branch  0 taken 7586
branch  1 taken 0 (fallthrough)
     7586:  675:	  NV mid = (low + high) / 2.0;
     7586:  676:	  NV p_mid = get_t_pvalue(mid, df, "greater");
     7586:  676-block  0
call    0 returned 7586
     7586:  677:	  if (p_mid > p_tail) {
branch  0 taken 3711 (fallthrough)
branch  1 taken 3875
     3711:  678:		   low = mid;
     3711:  678-block  0
        -:  679:	  } else {
     3875:  680:		   high = mid;
     3875:  680-block  0
        -:  681:	  }
     7586:  682:	  if (high - low < 1e-8) break;
     7586:  682-block  0
branch  0 taken 277 (fallthrough)
branch  1 taken 7309
      277:  682-block  1
        -:  683:	}
      277:  684:	return (low + high) / 2.0;
      277:  684-block  0
        -:  685:}
        -:  686:
function compare_doubles called 1304 returned 100% blocks executed 100%
     1304:  687:int compare_doubles(const void *restrict a, const void *restrict b) {
     1304:  688:	NV da = *(const NV*restrict)a;
     1304:  689:	NV db = *(const NV*restrict)b;
     1304:  690:	return (da > db) - (da < db);
     1304:  690-block  0
        -:  691:}
        -:  692:/* Helper to calculate the number of bins using Sturges' formula: log2(n) + 1 */
function calculate_sturges_bins called 0 returned 0% blocks executed 0%
    #####:  693:static size_t calculate_sturges_bins(size_t n) {
    #####:  694:	if (n == 0) return 1;
    %%%%%:  694-block  0
branch  0 never executed (fallthrough)
branch  1 never executed
    %%%%%:  694-block  1
    #####:  695:	return (size_t)(log((NV)n) / log(2.0) + 1.0);
    %%%%%:  695-block  0
        -:  696:}
        -:  697:
        -:  698:// Logic for distributing data into bins (Optimized to O(N))
function compute_hist_logic called 5 returned 100% blocks executed 89%
        5:  699:static void compute_hist_logic(NV *restrict x, size_t n, NV *restrict breaks, size_t n_bins, 
        -:  700: size_t *restrict counts, NV *restrict mids, NV *restrict density) {
        5:  701:	NV total_n = (NV)n;
        5:  702:	NV min_val = breaks[0];
       5*:  703:	NV step = (n_bins > 0) ? (breaks[1] - breaks[0]) : 0.0;
        5:  703-block  0
branch  0 taken 5 (fallthrough)
branch  1 taken 0
        5:  703-block  1
    %%%%%:  703-block  2
        -:  704:	// Initialize counts and compute midpoints
       23:  705:	for (size_t i = 0; i < n_bins; i++) {
        5:  705-block  0
       23:  705-block  1
branch  0 taken 18
branch  1 taken 5 (fallthrough)
       18:  706:	  counts[i] = 0;
       18:  707:	  mids[i] = (breaks[i] + breaks[i+1]) / 2.0;
       18:  707-block  0
        -:  708:	}
        -:  709:	// Single O(N) pass to assign elements to bins
        5:  710:	if (step > 0.0) {
        5:  710-block  0
branch  0 taken 3 (fallthrough)
branch  1 taken 2
     2017:  711:		for (size_t j = 0; j < n; j++) {
        3:  711-block  0
     2014:  711-block  1
     2017:  711-block  2
branch  0 taken 2014
branch  1 taken 3
     2014:  712:			NV val = x[j];
        -:  713:			// Ignore out-of-bounds or invalid values
    2014*:  714:			if (isnan(val) || isinf(val) || val < min_val) continue;
     2014:  714-block  0
branch  0 taken 2014 (fallthrough)
branch  1 taken 0
     2014:  714-block  1
branch  2 taken 2014 (fallthrough)
branch  3 taken 0
     2014:  714-block  2
branch  4 taken 0 (fallthrough)
branch  5 taken 2014
    %%%%%:  714-block  3
        -:  715:			// Calculate initial bin index mathematically
     2014:  716:			size_t idx = (size_t)((val - min_val) / step);
        -:  717:			// Clamp to valid array bounds first to prevent overflow */
     2014:  718:			if (idx >= n_bins) {
     2014:  718-block  0
branch  0 taken 3 (fallthrough)
branch  1 taken 2011
        3:  719:				 idx = n_bins - 1;
        3:  719-block  0
        -:  720:			}
        -:  721:			/* Adjust for exact boundaries (R's right-inclusive default: (a, b]) */
        -:  722:			/* If value is exactly on or slightly below the lower boundary of the assigned bin, 
        -:  723:				it belongs in the previous bin. (First bin [a, b] is inclusive on both ends) */
     2023:  724:			while (idx > 0 && val <= breaks[idx]) {
     2014:  724-block  0
     2023:  724-block  1
branch  0 taken 1816 (fallthrough)
branch  1 taken 207
     1816:  724-block  2
branch  2 taken 9
branch  3 taken 1807 (fallthrough)
        9:  725:				 idx--;
        9:  725-block  0
        -:  726:			}
        -:  727:			// Conversely, if floating-point truncation placed it too low, push it up
     2014:  728:			while (idx < n_bins - 1 && val > breaks[idx + 1]) {
     2014:  728-block  0
     2014:  728-block  1
branch  0 taken 1811 (fallthrough)
branch  1 taken 203
     1811:  728-block  2
branch  2 taken 0
branch  3 taken 1811 (fallthrough)
    #####:  729:				 idx++;
    %%%%%:  729-block  0
        -:  730:			}
     2014:  731:			counts[idx]++;
     2014:  731-block  0
        -:  732:		}
        2:  733:	} else if (n_bins > 0) {
        2:  733-block  0
branch  0 taken 2 (fallthrough)
branch  1 taken 0
        -:  734:		// Edge case: All data points have the exact same value (step == 0)
        2:  735:		counts[0] = n;
        2:  735-block  0
        -:  736:	}
        -:  737:	// Compute densities
       23:  738:	for (size_t i = 0; i < n_bins; i++) {
        5:  738-block  0
       18:  738-block  1
       23:  738-block  2
branch  0 taken 18
branch  1 taken 5 (fallthrough)
       18:  739:		NV bin_width = breaks[i+1] - breaks[i];
       18:  740:		if (bin_width > 0) {
       18:  740-block  0
branch  0 taken 16 (fallthrough)
branch  1 taken 2
       16:  741:			density[i] = (NV)counts[i] / (total_n * bin_width);
       16:  741-block  0
        -:  742:		} else {
       2*:  743:			density[i] = (n_bins == 1) ? 1.0 : 0.0;
        2:  743-block  0
branch  0 taken 2 (fallthrough)
branch  1 taken 0
        2:  743-block  1
    %%%%%:  743-block  2
        2:  743-block  3
        -:  744:		}
        -:  745:	}
        5:  746:}
        -:  747:
        -:  748:// Standard Normal CDF approximation
function approx_pnorm called 98 returned 100% blocks executed 100%
       98:  749:NV approx_pnorm(NV x) {
       98:  750:	return 0.5 * erfc(-x * 0.70710678118654752440); // 0.707... = 1/sqrt(2)
       98:  750-block  0
        -:  751:}
        -:  752:#ifndef M_SQRT1_2
        -:  753:#define M_SQRT1_2 0.70710678118654752440
        -:  754:#endif
        -:  755:
        -:  756:/* Macro for exact Wilcoxon 3D array indexing */
        -:  757:#define DP_INDEX(i, j, k, n2, max_u) ((i) * ((n2) + 1) * ((max_u) + 1) + (j) * ((max_u) + 1) + (k))
function inverse_normal_cdf called 30 returned 100% blocks executed 100%
       30:  758:static NV inverse_normal_cdf(NV p) {
       30:  759:	NV a[4] = {2.50662823884, -18.61500062529, 41.39119773534, -25.44106049637};
       30:  760:	NV b[4] = {-8.47351093090, 23.08336743743, -21.06224101826, 3.13082909833};
       30:  761:	NV c[9] = {0.3374754822726147, 0.9761690190917186, 0.1607979714918209,
        -:  762:		0.0276438810333863, 0.0038405729373609, 0.0003951896511919,
        -:  763:		0.0000321767881768, 0.0000002888167364, 0.0000003960315187};
        -:  764:	NV x, r, y;
       30:  765:	y = p - 0.5;
       30:  766:	if (fabs(y) < 0.42) {
       30:  766-block  0
branch  0 taken 22 (fallthrough)
branch  1 taken 8
       22:  767:	  r = y * y;
       22:  768:	  x = y * (((a[3]*r + a[2])*r + a[1])*r + a[0]) /
       22:  769:			   ((((b[3]*r + b[2])*r + b[1])*r + b[0])*r + 1.0);
       22:  769-block  0
        -:  770:	} else {
        8:  771:	  r = p;
        8:  772:	  if (y > 0) r = 1.0 - p;
        8:  772-block  0
branch  0 taken 7 (fallthrough)
branch  1 taken 1
        7:  772-block  1
        8:  773:	  r = log(-log(r));
        8:  774:	  x = c[0] + r * (c[1] + r * (c[2] + r * (c[3] + r * (c[4] +
        8:  775:		   r * (c[5] + r * (c[6] + r * (c[7] + r * c[8])))))));
        8:  776:	  if (y < 0) x = -x;
        8:  776-block  0
branch  0 taken 1 (fallthrough)
branch  1 taken 7
        1:  776-block  1
        -:  777:	}
       30:  778:	return x;
       30:  778-block  0
        -:  779:}
        -:  780:/* -----------------------------------------------------------------------
        -:  781: * Exact Spearman p-value via exhaustive permutation enumeration.
        -:  782: *
        -:  783: * Under H0, all n! orderings of ranks are equally probable.  We visit
        -:  784: * every permutation of {1..n} with Heap's algorithm (O(n!), no allocs
        -:  785: * inside the loop) and count how many yield S ≤ s_obs ("lower tail",
        -:  786: * i.e. rho ≥ rho_obs) and how many yield S ≥ s_obs ("upper tail").
        -:  787: *
        -:  788: * Mirrors R's default: exact = (n < 10) with no ties.
        -:  789: * Valid up to n = 9 (362 880 iterations — negligible cost).
        -:  790: * ----------------------------------------------------------------------- */
function spearman_exact_pvalue called 1 returned 100% blocks executed 88%
        1:  791:static NV spearman_exact_pvalue(NV s_obs, size_t n, const char *restrict alt) {
        1:  792:	int *restrict perm = (int*)safemalloc(n * sizeof(int));
        1:  792-block  0
call    0 returned 1
        1:  793:	int *restrict c    = (int*)safemalloc(n * sizeof(int));
call    0 returned 1
        6:  794:	for (size_t i = 0; i < n; i++) { perm[i] = i + 1; c[i] = 0; }
        5:  794-block  0
        6:  794-block  1
branch  0 taken 5
branch  1 taken 1 (fallthrough)
        -:  795:
        1:  796:	long count_le = 0, count_ge = 0, total = 0;
        -:  797:
        -:  798:	#define TALLY_PERM() do {                                    \
        -:  799:	  NV s_ = 0.0;                                     \
        -:  800:	  for (int ii = 0; ii < n; ii++) {                    \
        -:  801:		   NV d_ = (NV)(ii + 1) - (NV)perm[ii];\
        -:  802:		   s_ += d_ * d_;                                   \
        -:  803:	  }                                                    \
        -:  804:	  if (s_ <= s_obs + 1e-9) count_le++;                 \
        -:  805:	  if (s_ >= s_obs - 1e-9) count_ge++;                 \
        -:  806:	  total++;                                             \
        -:  807:	} while (0)
        -:  808:
       6*:  809:	TALLY_PERM();   /* initial permutation [1, 2, ..., n] */
        1:  809-block  0
        5:  809-block  1
        6:  809-block  2
branch  0 taken 5
branch  1 taken 1 (fallthrough)
        1:  809-block  3
branch  2 taken 1 (fallthrough)
branch  3 taken 0
        1:  809-block  4
        1:  809-block  5
branch  4 taken 0 (fallthrough)
branch  5 taken 1
    %%%%%:  809-block  6
        -:  810:
        1:  811:	unsigned int k = 1;
      206:  812:	while (k < n) {
        1:  812-block  0
      206:  812-block  1
branch  0 taken 205
branch  1 taken 1 (fallthrough)
      205:  813:		if (c[k] < k) {
      205:  813-block  0
branch  0 taken 119 (fallthrough)
branch  1 taken 86
        -:  814:			int tmp;
      119:  815:			if (k % 2 == 0) {
      119:  815-block  0
branch  0 taken 44 (fallthrough)
branch  1 taken 75
       44:  816:				 tmp = perm[0]; perm[0] = perm[k]; perm[k] = tmp;
       44:  816-block  0
        -:  817:			} else {
       75:  818:				 tmp = perm[c[k]]; perm[c[k]] = perm[k]; perm[k] = tmp;
       75:  818-block  0
        -:  819:			}
      714:  820:			TALLY_PERM();
      119:  820-block  0
      595:  820-block  1
      714:  820-block  2
branch  0 taken 595
branch  1 taken 119 (fallthrough)
      119:  820-block  3
branch  2 taken 7 (fallthrough)
branch  3 taken 112
        7:  820-block  4
      119:  820-block  5
branch  4 taken 115 (fallthrough)
branch  5 taken 4
      115:  820-block  6
      119:  821:			c[k]++;
      119:  822:			k = 1;
      119:  822-block  0
        -:  823:		} else {
       86:  824:			c[k] = 0;
       86:  825:			k++;
       86:  825-block  0
        -:  826:		}
        -:  827:	}
        -:  828:	#undef TALLY_PERM
        1:  829:	Safefree(perm); Safefree(c);
        1:  829-block  0
call    0 returned 1
call    1 returned 1
        -:  830:	/* p_le = P(S ≤ s_obs) ≡ P(rho ≥ rho_obs)  — upper rho tail
        -:  831:	* p_ge = P(S ≥ s_obs) ≡ P(rho ≤ rho_obs)  — lower rho tail  */
        1:  832:	NV p_le = (NV)count_le / (NV)total;
        1:  833:	NV p_ge = (NV)count_ge / (NV)total;
        -:  834:
       1*:  835:	if (strcmp(alt, "greater") == 0) return p_le;
branch  0 taken 0 (fallthrough)
branch  1 taken 1
    %%%%%:  835-block  0
       1*:  836:	if (strcmp(alt, "less")    == 0) return p_ge;
        1:  836-block  0
branch  0 taken 0 (fallthrough)
branch  1 taken 1
    %%%%%:  836-block  1
        -:  837:	/* two.sided: 2 × the smaller tail, clamped to 1 */
       1*:  838:	NV p = 2.0 * (p_le < p_ge ? p_le : p_ge);
        1:  838-block  0
branch  0 taken 1 (fallthrough)
branch  1 taken 0
        1:  838-block  1
    %%%%%:  838-block  2
       1*:  839:	return (p > 1.0) ? 1.0 : p;
        1:  839-block  0
branch  0 taken 0 (fallthrough)
branch  1 taken 1
    %%%%%:  839-block  1
        1:  839-block  2
        1:  839-block  3
        -:  840:}
        -:  841:/* -----------------------------------------------------------------------
        -:  842: * Exact Kendall p-value via Mahonian Numbers (Inversions distribution)
        -:  843: * Matches R's behavior for N < 50 without ties.
        -:  844: * ----------------------------------------------------------------------- */
function kendall_exact_pvalue called 2 returned 100% blocks executed 88%
        2:  845:static NV kendall_exact_pvalue(size_t n, NV s_obs, const char *restrict alt) {
        2:  846:	long max_inv = (long)n * (n - 1) / 2;
        2:  847:	NV *restrict dp = (NV*)safemalloc((max_inv + 1) * sizeof(NV));
        2:  847-block  0
call    0 returned 2
       24:  848:	for (long i = 0; i <= max_inv; i++) dp[i] = 0.0;
       22:  848-block  0
       24:  848-block  1
branch  0 taken 22
branch  1 taken 2 (fallthrough)
        2:  849:	dp[0] = 1.0;
        -:  850:	/* Build the distribution of inversions via DP */
       10:  851:	for (size_t i = 2; i <= n; i++) {
        2:  851-block  0
       10:  851-block  1
branch  0 taken 8
branch  1 taken 2 (fallthrough)
        8:  852:		NV *restrict next_dp = (NV*)safemalloc((max_inv + 1) * sizeof(NV));
        8:  852-block  0
call    0 returned 8
       96:  853:		for (long k = 0; k <= max_inv; k++) next_dp[k] = 0.0;
       88:  853-block  0
       96:  853-block  1
branch  0 taken 88
branch  1 taken 8 (fallthrough)
        8:  854:		int current_max_inv = i * (i - 1) / 2;
       56:  855:		for (int k = 0; k <= current_max_inv; k++) {
        8:  855-block  0
       56:  855-block  1
branch  0 taken 48
branch  1 taken 8 (fallthrough)
       48:  856:			NV sum = 0;
      206:  857:			for (int j = 0; j <= i - 1 && k - j >= 0; j++) {
       48:  857-block  0
      206:  857-block  1
branch  0 taken 178 (fallthrough)
branch  1 taken 28
      178:  857-block  2
branch  2 taken 158
branch  3 taken 20 (fallthrough)
      158:  858:				 sum += dp[k - j];
      158:  858-block  0
        -:  859:			}
        -:  860:			// Divide by 'i' directly to keep array as pure probabilities and prevent overflow
       48:  861:			next_dp[k] = sum / (NV)i;
       48:  861-block  0
        -:  862:		}
        8:  863:		Safefree(dp);
        8:  863-block  0
call    0 returned 8
        8:  864:		dp = next_dp;
        -:  865:	}
        -:  866:	// Convert S statistic to target number of inversions
        2:  867:	long i_obs = (long)round((max_inv - s_obs) / 2.0);
       2*:  868:	if (i_obs < 0) i_obs = 0;
        2:  868-block  0
branch  0 taken 0 (fallthrough)
branch  1 taken 2
    %%%%%:  868-block  1
       2*:  869:	if (i_obs > max_inv) i_obs = max_inv;
        2:  869-block  0
branch  0 taken 0 (fallthrough)
branch  1 taken 2
    %%%%%:  869-block  1
        2:  870:	NV p_le = 0.0; /* P(S <= S_obs) */
       20:  871:	for (long k = i_obs; k <= max_inv; k++) p_le += dp[k];
        2:  871-block  0
       18:  871-block  1
       20:  871-block  2
branch  0 taken 18
branch  1 taken 2 (fallthrough)
        2:  872:	NV p_ge = 0.0; /* P(S >= S_obs) */
        8:  873:	for (long k = 0; k <= i_obs; k++) p_ge += dp[k];
        2:  873-block  0
        6:  873-block  1
        8:  873-block  2
branch  0 taken 6
branch  1 taken 2 (fallthrough)
        2:  874:	Safefree(dp);
        2:  874-block  0
call    0 returned 2
       2*:  875:	if (strcmp(alt, "greater") == 0) return p_ge;
branch  0 taken 0 (fallthrough)
branch  1 taken 2
    %%%%%:  875-block  0
        2:  876:	if (strcmp(alt, "less") == 0) return p_le;
        2:  876-block  0
branch  0 taken 1 (fallthrough)
branch  1 taken 1
        1:  876-block  1
        -:  877:	// two.sided
       1*:  878:	NV p = 2.0 * (p_ge < p_le ? p_ge : p_le);
        1:  878-block  0
branch  0 taken 1 (fallthrough)
branch  1 taken 0
        1:  878-block  1
    %%%%%:  878-block  2
       1*:  879:	return p > 1.0 ? 1.0 : p;
        1:  879-block  0
branch  0 taken 0 (fallthrough)
branch  1 taken 1
    %%%%%:  879-block  1
        1:  879-block  2
        1:  879-block  3
        -:  880:}
        -:  881:// F-distribution Cumulative Distribution Function P(F <= f)
function pf called 310 returned 100% blocks executed 75%
      310:  882:static NV pf(NV f, NV df1, NV df2) {
     310*:  883:	if (f <= 0.0) return 0.0;
      310:  883-block  0
branch  0 taken 0 (fallthrough)
branch  1 taken 310
    %%%%%:  883-block  1
      310:  884:	NV x = (df1 * f) / (df1 * f + df2);
      310:  885:	return incbeta(df1 / 2.0, df2 / 2.0, x);
      310:  885-block  0
call    0 returned 310
        -:  886:}
        -:  887:
        -:  888:/* Householder QR Decomposition for Sequential Sums of Squares */
        -:  889:/* Householder QR Decomposition for Sequential Sums of Squares */
function apply_householder_aov called 7 returned 100% blocks executed 97%
        7:  890:static void apply_householder_aov(NV** restrict X, NV* restrict y, size_t n, size_t p, bool* restrict aliased, size_t* restrict rank_map) {
        7:  891:	size_t r = 0; // Rank/Row tracker
       27:  892:	for (size_t k = 0; k < p; k++) {
        7:  892-block  0
       20:  892-block  1
       27:  892-block  2
branch  0 taken 20
branch  1 taken 7 (fallthrough)
       20:  893:		aliased[k] = FALSE;
      20*:  894:		if (r >= n) {
       20:  894-block  0
branch  0 taken 0 (fallthrough)
branch  1 taken 20
    #####:  895:			aliased[k] = TRUE;
    #####:  896:			continue;
    %%%%%:  896-block  0
        -:  897:		}
        -:  898:
       20:  899:		NV max_val = 0;
      188:  900:		for (size_t i = r; i < n; i++) {
       20:  900-block  0
      168:  900-block  1
      188:  900-block  2
branch  0 taken 168
branch  1 taken 20 (fallthrough)
      168:  901:			if (fabs(X[i][k]) > max_val) max_val = fabs(X[i][k]);
      168:  901-block  0
branch  0 taken 41 (fallthrough)
branch  1 taken 127
       41:  901-block  1
        -:  902:		}
       20:  903:		if (max_val < 1e-10) { 
       20:  903-block  0
branch  0 taken 1 (fallthrough)
branch  1 taken 19
        1:  904:			aliased[k] = TRUE; 
        1:  905:			continue; 
        1:  905-block  0
        -:  906:		} // Collinear or zero column
        -:  907:
       19:  908:		NV norm = 0;
[...]
        4:10225-block  0
call    0 returned 4
call    1 returned 4
        -:10226:	  }
        2:10227:	  hv_stores(res_hv, "varnames", newRV_noinc((SV*)names_av));
        2:10227-block  0
call    0 returned 2
call    1 returned 2
        -:10228:	}
        7:10229:	if (center) {
        7:10229-block  0
branch  0 taken 7 (fallthrough)
branch  1 taken 0
        7:10230:	  AV *restrict c_av = newAV();
        7:10230-block  0
call    0 returned 7
       21:10231:	  for (size_t j = 0; j < p; j++) av_push(c_av, newSVnv(cen_vec[j]));
       14:10231-block  0
call    0 returned 14
call    1 returned 14
       21:10231-block  1
branch  2 taken 14
branch  3 taken 7 (fallthrough)
        7:10232:	  hv_stores(res_hv, "center", newRV_noinc((SV*)c_av));
        7:10232-block  0
call    0 returned 7
call    1 returned 7
        -:10233:	} else {
    #####:10234:	  hv_stores(res_hv, "center", newSVsv(&PL_sv_no));
    %%%%%:10234-block  0
call    0 never executed
call    1 never executed
        -:10235:	}
        7:10236:	if (do_scale) {
        7:10236-block  0
branch  0 taken 1 (fallthrough)
branch  1 taken 6
        1:10237:	  AV *restrict sc_av = newAV();
        1:10237-block  0
call    0 returned 1
        3:10238:	  for (size_t j = 0; j < p; j++) av_push(sc_av, newSVnv(sc_vec[j]));
        2:10238-block  0
call    0 returned 2
call    1 returned 2
        3:10238-block  1
branch  2 taken 2
branch  3 taken 1 (fallthrough)
        1:10239:	  hv_stores(res_hv, "scale", newRV_noinc((SV*)sc_av));
        1:10239-block  0
call    0 returned 1
call    1 returned 1
        -:10240:	} else {
        6:10241:	  hv_stores(res_hv, "scale", newSVsv(&PL_sv_no));
        6:10241-block  0
call    0 returned 6
call    1 returned 6
        -:10242:	}
        -:10243:	// Cleanup
        7:10244:	if (colnames) {
        7:10244-block  0
branch  0 taken 2 (fallthrough)
branch  1 taken 5
        6:10245:	  for (size_t i = 0; i < p; i++) Safefree(colnames[i]);
        2:10245-block  0
        4:10245-block  1
call    0 returned 4
        6:10245-block  2
branch  1 taken 4
branch  2 taken 2 (fallthrough)
        2:10246:	  Safefree(colnames);
        2:10246-block  0
call    0 returned 2
        -:10247:	}
        7:10248:	Safefree(X_mat); Safefree(cen_vec); Safefree(sc_vec);
        7:10248-block  0
call    0 returned 7
call    1 returned 7
call    2 returned 7
        7:10249:	Safefree(XtX); Safefree(eigen_val); Safefree(eigen_vec); Safefree(sdev);
call    0 returned 7
call    1 returned 7
call    2 returned 7
call    3 returned 7
        -:10250:
        7:10251:	RETVAL = newRV_noinc((SV*)res_hv);
call    0 returned 7
        -:10252:}
        -:10253:OUTPUT:
        -:10254:	RETVAL
        -:10255:
        -:10256:SV *transpose(input_ref)
        -:10257:	SV *input_ref
        -:10258:PREINIT:
        -:10259:	svtype  ref_type;
        -:10260:	SV     *restrict retval_sv;
        -:10261:CODE:
      38*:10262:	SvGETMAGIC(input_ref);
       38:10262-block  0
branch  0 taken 0 (fallthrough)
branch  1 taken 38
    %%%%%:10262-block  1
call    2 never executed
branch  3 never executed (fallthrough)
branch  4 never executed
    %%%%%:10262-block  2
       38:10262-block  3
       38:10263:	if (!SvROK(input_ref))
       38:10263-block  0
branch  0 taken 1 (fallthrough)
branch  1 taken 37
        1:10264:	  croak("Stats::LikeR::transpose: Input must be a hash ref or array ref");
        1:10264-block  0
call    0 returned 0
       37:10265:	ref_type = SvTYPE(SvRV(input_ref));
       37:10266:	if (ref_type == SVt_PVHV) {// ── Hash-of-Hashes
       37:10266-block  0
branch  0 taken 14 (fallthrough)
branch  1 taken 23
       14:10267:		HV *restrict in_hv  = (HV *)SvRV(input_ref);
       14:10268:		HV *restrict out_hv = newHV();
       14:10268-block  0
call    0 returned 14
        -:10269:		HE *restrict he_row, *restrict he_col, *restrict out_inner_he;
       14:10270:		retval_sv = sv_2mortal(newRV_noinc((SV *)out_hv));
call    0 returned 14
call    1 returned 14
       14:10271:		hv_iterinit(in_hv);
call    0 returned 14
       35:10272:		while ((he_row = hv_iternext(in_hv))) {
       35:10272-block  0
call    0 returned 35
branch  1 taken 23
branch  2 taken 12
       23:10273:			SV *restrict row_key_sv  = hv_iterkeysv(he_row);
       23:10273-block  0
call    0 returned 23
       23:10274:			SV *restrict row_val     = hv_iterval(in_hv, he_row);
call    0 returned 23
        -:10275:			HV *restrict in_inner_hv;
      23*:10276:			SvGETMAGIC(row_val);
branch  0 taken 0 (fallthrough)
branch  1 taken 23
    %%%%%:10276-block  0
call    2 never executed
branch  3 never executed (fallthrough)
branch  4 never executed
    %%%%%:10276-block  1
       23:10276-block  2
        -:10277:
       23:10278:			if (!SvROK(row_val) || SvTYPE(SvRV(row_val)) != SVt_PVHV)
       23:10278-block  0
branch  0 taken 22 (fallthrough)
branch  1 taken 1
       22:10278-block  1
branch  2 taken 1 (fallthrough)
branch  3 taken 21
        2:10279:				 croak("Stats::LikeR::transpose: Hash mode – inner element is not a hash ref");
        2:10279-block  0
call    0 returned 0
       21:10280:			in_inner_hv = (HV *)SvRV(row_val);
       21:10281:			hv_iterinit(in_inner_hv);
       21:10281-block  0
call    0 returned 21
       54:10282:			while ((he_col = hv_iternext(in_inner_hv))) {
       54:10282-block  0
call    0 returned 54
branch  1 taken 33
branch  2 taken 21 (fallthrough)
       33:10283:				SV *restrict col_key_sv = hv_iterkeysv(he_col);
       33:10283-block  0
call    0 returned 33
       33:10284:				SV *restrict val        = hv_iterval(in_inner_hv, he_col);
call    0 returned 33
        -:10285:				HV *restrict out_inner_hv;
        -:10286:				SV *restrict inner_ref;
      33*:10287:				SvGETMAGIC(val);
branch  0 taken 0 (fallthrough)
branch  1 taken 33
    %%%%%:10287-block  0
call    2 never executed
branch  3 never executed (fallthrough)
branch  4 never executed
    %%%%%:10287-block  1
       33:10287-block  2
       33:10288:				out_inner_he = hv_fetch_ent(out_hv, col_key_sv, 0, 0);
       33:10288-block  0
call    0 returned 33
       33:10289:				if (out_inner_he) {
branch  0 taken 14 (fallthrough)
branch  1 taken 19
       14:10290:				  inner_ref = HeVAL(out_inner_he);
       14:10291:				  if (!SvROK(inner_ref) || SvTYPE(SvRV(inner_ref)) != SVt_PVHV)
       14:10291-block  0
branch  0 taken 14 (fallthrough)
branch  1 taken 0
       14:10291-block  1
branch  2 taken 0 (fallthrough)
branch  3 taken 14
    #####:10292:						croak("Stats::LikeR::transpose: Internal error – output structure corrupted");
    %%%%%:10292-block  0
call    0 never executed
       14:10293:				  out_inner_hv = (HV *)SvRV(inner_ref);
       14:10293-block  0
        -:10294:				} else {
       19:10295:				  out_inner_hv = newHV();
       19:10295-block  0
call    0 returned 19
       19:10296:				  inner_ref    = newRV_noinc((SV *)out_inner_hv);
call    0 returned 19
       19:10297:				  if (!hv_store_ent(out_hv, col_key_sv, inner_ref, 0)) {
call    0 returned 19
branch  1 taken 0 (fallthrough)
branch  2 taken 19
    #####:10298:						SvREFCNT_dec(inner_ref);
    %%%%%:10298-block  0
call    0 never executed
    #####:10299:						croak("Stats::LikeR::transpose: Failed to allocate inner hash");
call    0 never executed
        -:10300:				  }
        -:10301:				}
       33:10302:				SvREFCNT_inc(val);
       33:10302-block  0
call    0 returned 33
       33:10303:				if (!hv_store_ent(out_inner_hv, row_key_sv, val, 0)) {
call    0 returned 33
branch  1 taken 0 (fallthrough)
branch  2 taken 33
    #####:10304:				  SvREFCNT_dec(val);
    %%%%%:10304-block  0
call    0 never executed
    #####:10305:				  croak("Stats::LikeR::transpose: Failed to store transposed value");
call    0 never executed
        -:10306:				}
        -:10307:			}
        -:10308:		}
       23:10309:	} else if (ref_type == SVt_PVAV) { // Array-of-Arrays
       23:10309-block  0
branch  0 taken 22 (fallthrough)
branch  1 taken 1
       22:10310:		AV     *restrict in_av  = (AV *)SvRV(input_ref);
       22:10311:		AV     *restrict out_av = newAV();
       22:10311-block  0
call    0 returned 22
       22:10312:		SSize_t nrows  = av_len(in_av) + 1;
call    0 returned 22
       22:10313:		SSize_t ncols  = 0;
       22:10314:		retval_sv = sv_2mortal(newRV_noinc((SV *)out_av));
call    0 returned 22
call    1 returned 22
       22:10315:		if (nrows > 0) {// Pass 1: validate all rows; fix ncols from row 0
branch  0 taken 21 (fallthrough)
branch  1 taken 1
        -:10316:			{
       21:10317:				 SV **restrict elem = av_fetch(in_av, 0, 0);
       21:10317-block  0
call    0 returned 21
       21:10318:				 if (!elem || !*elem)
branch  0 taken 20 (fallthrough)
branch  1 taken 1
       20:10318-block  0
branch  2 taken 0 (fallthrough)
branch  3 taken 20
        1:10319:					  croak("Stats::LikeR::transpose: Array mode – row 0 is missing");
        1:10319-block  0
call    0 returned 0
      20*:10320:				 SvGETMAGIC(*elem);
       20:10320-block  0
branch  0 taken 0 (fallthrough)
branch  1 taken 20
    %%%%%:10320-block  1
call    2 never executed
branch  3 never executed (fallthrough)
branch  4 never executed
    %%%%%:10320-block  2
       20:10320-block  3
       20:10321:				 if (!SvROK(*elem) || SvTYPE(SvRV(*elem)) != SVt_PVAV)
       20:10321-block  0
branch  0 taken 19 (fallthrough)
branch  1 taken 1
       19:10321-block  1
branch  2 taken 1 (fallthrough)
branch  3 taken 18
        2:10322:					  croak("Stats::LikeR::transpose: Array mode – row 0 is not an array ref");
        2:10322-block  0
call    0 returned 0
       18:10323:				 ncols = av_len((AV *)SvRV(*elem)) + 1;
       18:10323-block  0
call    0 returned 18
        -:10324:			}
       35:10325:			for (SSize_t i = 1; i < nrows; i++) {
       17:10325-block  0
       35:10325-block  1
branch  0 taken 19
branch  1 taken 16 (fallthrough)
       19:10326:				 SV     **restrict elem      = av_fetch(in_av, i, 0);
       19:10326-block  0
call    0 returned 19
        -:10327:				 SSize_t  row_ncols;
       19:10328:				 if (!elem || !*elem)
branch  0 taken 19 (fallthrough)
branch  1 taken 0
       19:10328-block  0
branch  2 taken 0 (fallthrough)
branch  3 taken 19
    #####:10329:					  croak("Stats::LikeR::transpose: Array mode – row %d is missing", (int)i);
    %%%%%:10329-block  0
call    0 never executed
      19*:10330:				 SvGETMAGIC(*elem);
       19:10330-block  0
branch  0 taken 0 (fallthrough)
branch  1 taken 19
    %%%%%:10330-block  1
call    2 never executed
branch  3 never executed (fallthrough)
branch  4 never executed
    %%%%%:10330-block  2
       19:10330-block  3
       19:10331:				 if (!SvROK(*elem) || SvTYPE(SvRV(*elem)) != SVt_PVAV)
       19:10331-block  0
branch  0 taken 19 (fallthrough)
branch  1 taken 0
       19:10331-block  1
branch  2 taken 0 (fallthrough)
branch  3 taken 19
    #####:10332:					  croak("Stats::LikeR::transpose: Array mode – row %d is not an array ref", (int)i);
    %%%%%:10332-block  0
call    0 never executed
       19:10333:				 row_ncols = av_len((AV *)SvRV(*elem)) + 1;
       19:10333-block  0
call    0 returned 19
       19:10334:				 if (row_ncols != ncols)
branch  0 taken 2 (fallthrough)
branch  1 taken 17
        2:10335:					  croak("Stats::LikeR::transpose: Array mode – ragged array: "
        2:10335-block  0
call    0 returned 0
        -:10336:							"row 0 has %d cols, row %d has %d",
        -:10337:							(int)ncols, (int)i, (int)row_ncols);
        -:10338:			}
        -:10339:			// Pass 2: output[j][i] = input[i][j]
       16:10340:			if (ncols > 0) {
       16:10340-block  0
branch  0 taken 15 (fallthrough)
branch  1 taken 1
       15:10341:				av_extend(out_av, ncols - 1);
       15:10341-block  0
call    0 returned 15
       47:10342:				for (SSize_t j = 0; j < ncols; j++) {
       32:10342-block  0
       47:10342-block  1
branch  0 taken 32
branch  1 taken 15
       32:10343:					AV *restrict out_col_av = newAV();
       32:10343-block  0
call    0 returned 32
       32:10344:					SV *restrict col_ref    = newRV_noinc((SV *)out_col_av);
call    0 returned 32
       32:10345:					if (!av_store(out_av, j, col_ref)) {
call    0 returned 32
branch  1 taken 0 (fallthrough)
branch  2 taken 32
    #####:10346:						SvREFCNT_dec(col_ref);
    %%%%%:10346-block  0
call    0 never executed
    #####:10347:						croak("Stats::LikeR::transpose: Array mode – "
call    0 never executed
        -:10348:								"failed to allocate output column %d", (int)j);
        -:10349:					}
       32:10350:					av_extend(out_col_av, nrows - 1);
       32:10350-block  0
call    0 returned 32
       99:10351:					for (SSize_t i = 0; i < nrows; i++) {
       67:10351-block  0
       99:10351-block  1
branch  0 taken 67
branch  1 taken 32 (fallthrough)
       67:10352:						SV **restrict elem = av_fetch(in_av, i, 0);
       67:10352-block  0
call    0 returned 67
       67:10353:						if (elem && *elem) {
branch  0 taken 67 (fallthrough)
branch  1 taken 0
       67:10353-block  0
branch  2 taken 67 (fallthrough)
branch  3 taken 0
      67*:10354:							SvGETMAGIC(*elem); 
       67:10354-block  0
branch  0 taken 0 (fallthrough)
branch  1 taken 67
    %%%%%:10354-block  1
call    2 never executed
branch  3 never executed (fallthrough)
branch  4 never executed
    %%%%%:10354-block  2
       67:10354-block  3
        -:10355:						}
       67:10356:						AV *restrict in_row_av = (AV *)SvRV(*elem);
       67:10357:						SV **restrict val_ptr   = av_fetch(in_row_av, j, 0);
       67:10357-block  0
call    0 returned 67
       67:10358:						SV  *restrict val       = (val_ptr && *val_ptr) ? *val_ptr : &PL_sv_undef;
branch  0 taken 63 (fallthrough)
branch  1 taken 4
       63:10358-block  0
branch  2 taken 63 (fallthrough)
branch  3 taken 0
       63:10358-block  1
        4:10358-block  2
      67*:10359:						SvGETMAGIC(val);
       67:10359-block  0
branch  0 taken 0 (fallthrough)
branch  1 taken 67
    %%%%%:10359-block  1
call    2 never executed
branch  3 never executed (fallthrough)
branch  4 never executed
    %%%%%:10359-block  2
       67:10359-block  3
       67:10360:						SvREFCNT_inc(val);
       67:10360-block  0
call    0 returned 67
       67:10361:						if (!av_store(out_col_av, i, val)) {
call    0 returned 67
branch  1 taken 0 (fallthrough)
branch  2 taken 67
    #####:10362:							SvREFCNT_dec(val);
    %%%%%:10362-block  0
call    0 never executed
    #####:10363:							croak("Stats::LikeR::transpose: Array mode – "
call    0 never executed
        -:10364:									 "failed to store [%d][%d]", (int)j, (int)i);
        -:10365:						}
        -:10366:					}
        -:10367:				}
        -:10368:			}
        -:10369:		}
        -:10370:	} else { // Unsupported
        1:10371:	  croak("Stats::LikeR::transpose: Input must be a hash ref or array ref");
        1:10371-block  0
call    0 returned 0
        -:10372:	}
       29:10373:	RETVAL = SvREFCNT_inc(retval_sv);
       29:10373-block  0
call    0 returned 29
        -:10374:OUTPUT:
        -:10375:	RETVAL
        -:10376:
        -:10377:SV *hoa2aoh(hoa)
        -:10378:	SV *hoa
        -:10379:	PREINIT:
        -:10380:		HV *restrict in;
        -:10381:		AV *restrict out;
        -:10382:		HE *restrict he;
        -:10383:		SV **restrict kv;	// per-column key SVs (mortal)
        -:10384:		AV **restrict cv;	// per-column array bodies (borrowed)
        -:10385:		SSize_t n, i;
        -:10386:		U32 ncols, ci;
        -:10387:	CODE:
        -:10388:	{
       10:10389:		if (!SvROK(hoa) || SvTYPE(SvRV(hoa)) != SVt_PVHV)
       10:10389-block  0
branch  0 taken 9 (fallthrough)
branch  1 taken 1
        9:10389-block  1
branch  2 taken 1 (fallthrough)
branch  3 taken 8
        2:10390:			croak("hoa2aoh: argument must be a hash-of-arrays (hashref)");
        2:10390-block  0
call    0 returned 0
        8:10391:		in = (HV *)SvRV(hoa);
       8*:10392:		ncols = (U32)HvUSEDKEYS(in);
        8:10392-block  0
branch  0 taken 0 (fallthrough)
branch  1 taken 8
    %%%%%:10392-block  1
call    2 never executed
        8:10392-block  2
        8:10392-block  3
        -:10393:		if (ncols < 0)
        -:10394:			ncols = 0;
        -:10395:		/* SAVEFREEPV makes these scratch arrays croak-safe */
        8:10396:		ENTER;
        8:10396-block  0
call    0 returned 8
        8:10397:		SAVETMPS;
call    0 returned 8
        8:10398:		Newx(kv, ncols ? ncols : 1, SV *);
branch  0 taken 7 (fallthrough)
branch  1 taken 1
        7:10398-block  0
        1:10398-block  1
        8:10398-block  2
call    2 returned 8
        8:10399:		SAVEFREEPV(kv);
call    0 returned 8
        8:10400:		Newx(cv, ncols ? ncols : 1, AV *);
branch  0 taken 7 (fallthrough)
branch  1 taken 1
        7:10400-block  0
        1:10400-block  1
        8:10400-block  2
call    2 returned 8
        8:10401:		SAVEFREEPV(cv);
call    0 returned 8
        -:10402:		// one pass to collect columns and find the longest */
        8:10403:		n  = 0;
        8:10404:		ci = 0;
        8:10405:		hv_iterinit(in);
call    0 returned 8
       18:10406:		while ((he = hv_iternext(in))) {
       18:10406-block  0
call    0 returned 18
branch  1 taken 11
branch  2 taken 7 (fallthrough)
       11:10407:			SV *restrict val = HeVAL(he);
        -:10408:			SSize_t len;
       11:10409:			if (!val || !SvROK(val) || SvTYPE(SvRV(val)) != SVt_PVAV)
       11:10409-block  0
branch  0 taken 11 (fallthrough)
branch  1 taken 0
       11:10409-block  1
branch  2 taken 10 (fallthrough)
branch  3 taken 1
       10:10409-block  2
branch  4 taken 0 (fallthrough)
branch  5 taken 10
        1:10410:				croak("hoa2aoh: column '%s' is not an arrayref",
        1:10410-block  0
call    0 returned 1
call    1 returned 1
call    2 returned 0
        -:10411:					SvPV_nolen(hv_iterkeysv(he)));
       10:10412:			kv[ci] = hv_iterkeysv(he);	/* mortal; valid until our LEAVE */
       10:10412-block  0
call    0 returned 10
       10:10413:			cv[ci] = (AV *)SvRV(val);
       10:10414:			len = av_len(cv[ci]) + 1;
call    0 returned 10
       10:10415:			if (len > n)
branch  0 taken 5 (fallthrough)
branch  1 taken 5
        5:10416:				n = len;
        5:10416-block  0
       10:10417:			ci++;
       10:10417-block  0
        -:10418:		}
        7:10419:		ncols = ci;
        7:10420:		out = newAV();
        7:10420-block  0
call    0 returned 7
        7:10421:		if (n > 0)
branch  0 taken 5 (fallthrough)
branch  1 taken 2
        5:10422:			av_extend(out, n - 1);
        5:10422-block  0
call    0 returned 5
       20:10423:		for (i = 0; i < n; i++) {
        7:10423-block  0
       20:10423-block  1
branch  0 taken 13
branch  1 taken 7 (fallthrough)
       13:10424:			HV *restrict row = newHV();
       13:10424-block  0
call    0 returned 13
       34:10425:			for (ci = 0; ci < ncols; ci++) {
       34:10425-block  0
branch  0 taken 21
branch  1 taken 13 (fallthrough)
       21:10426:				SV **restrict cp = av_fetch(cv[ci], i, 0);
       21:10426-block  0
call    0 returned 21
       21:10427:				SV	*restrict cell = (cp && *cp) ? newSVsv(*cp) : newSV(0);
branch  0 taken 19 (fallthrough)
branch  1 taken 2
       19:10427-block  0
branch  2 taken 19 (fallthrough)
branch  3 taken 0
       19:10427-block  1
call    4 returned 19
        2:10427-block  2
call    5 returned 2
       21:10428:				(void)hv_store_ent(row, kv[ci], cell, 0);
       21:10428-block  0
call    0 returned 21
        -:10429:			}
       13:10430:			av_push(out, newRV_noinc((SV *)row));
       13:10430-block  0
call    0 returned 13
call    1 returned 13
        -:10431:		}
        7:10432:		FREETMPS;
        7:10432-block  0
branch  0 taken 6 (fallthrough)
branch  1 taken 1
        6:10432-block  1
call    2 returned 6
        7:10433:		LEAVE;
        7:10433-block  0
call    0 returned 7
        7:10434:		RETVAL = newRV_noinc((SV *)out);
call    0 returned 7
        -:10435:	}
        -:10436:	OUTPUT:
        -:10437:		RETVAL
